TN:
SF:js\components\pages\MessagingPage.js
FN:7,MessagingPage
FN:30,(anonymous_1)
FN:37,(anonymous_2)
FN:42,(anonymous_3)
FN:48,selectConversation
FN:52,(anonymous_5)
FN:56,(anonymous_6)
FN:62,sendMessage
FN:75,(anonymous_8)
FN:77,(anonymous_9)
FN:86,openProfileReadiness
FN:87,(anonymous_11)
FN:96,loadProfileReadiness
FN:119,openOutreachGuide
FN:120,(anonymous_14)
FN:126,(anonymous_15)
FN:148,setGuideState
FN:150,(anonymous_17)
FN:156,setGuideDetailsPatch
FN:158,(anonymous_19)
FN:168,selectGoal
FN:180,nextStep
FN:201,backStep
FN:207,cycleVariant
FN:218,updateGuidePreviewManual
FN:224,applyGuideMessage
FN:238,(anonymous_26)
FN:247,(anonymous_27)
FN:262,(anonymous_28)
FN:264,(anonymous_29)
FN:280,(anonymous_30)
FN:284,(anonymous_31)
FN:295,(anonymous_32)
FN:302,(anonymous_33)
FN:305,(anonymous_34)
FN:360,(anonymous_35)
FN:376,(anonymous_36)
FN:377,(anonymous_37)
FN:387,(anonymous_38)
FN:426,(anonymous_39)
FN:427,(anonymous_40)
FN:443,OutreachGuidePanel
FN:486,(anonymous_42)
FN:490,(anonymous_43)
FN:493,(anonymous_44)
FN:508,(anonymous_45)
FN:509,(anonymous_46)
FN:510,(anonymous_47)
FN:511,(anonymous_48)
FN:512,(anonymous_49)
FN:513,(anonymous_50)
FN:532,(anonymous_51)
FN:550,(anonymous_52)
FN:570,Field
FN:571,(anonymous_54)
FN:575,(anonymous_55)
FN:583,ProfileReadinessPanel
FN:646,(anonymous_57)
FN:665,(anonymous_58)
FN:682,(anonymous_59)
FN:697,(anonymous_60)
FN:712,mockBackendGetProfileReadiness
FN:714,(anonymous_62)
FN:723,(anonymous_63)
FN:725,(anonymous_64)
FN:741,(anonymous_65)
FN:742,(anonymous_66)
FN:743,(anonymous_67)
FN:744,(anonymous_68)
FN:745,(anonymous_69)
FN:750,computeGuidePreview
FN:807,(anonymous_71)
FN:811,(anonymous_72)
FN:817,(anonymous_73)
FN:821,(anonymous_74)
FN:827,(anonymous_75)
FN:831,(anonymous_76)
FN:837,(anonymous_77)
FN:843,(anonymous_78)
FN:849,(anonymous_79)
FNF:80
FNH:76
FNDA:533,MessagingPage
FNDA:99,(anonymous_1)
FNDA:98,(anonymous_2)
FNDA:191,(anonymous_3)
FNDA:96,selectConversation
FNDA:46,(anonymous_5)
FNDA:50,(anonymous_6)
FNDA:9,sendMessage
FNDA:5,(anonymous_8)
FNDA:1,(anonymous_9)
FNDA:28,openProfileReadiness
FNDA:28,(anonymous_11)
FNDA:28,loadProfileReadiness
FNDA:43,openOutreachGuide
FNDA:43,(anonymous_14)
FNDA:43,(anonymous_15)
FNDA:76,setGuideState
FNDA:76,(anonymous_17)
FNDA:7,setGuideDetailsPatch
FNDA:7,(anonymous_19)
FNDA:31,selectGoal
FNDA:26,nextStep
FNDA:6,backStep
FNDA:8,cycleVariant
FNDA:6,updateGuidePreviewManual
FNDA:5,applyGuideMessage
FNDA:277,(anonymous_26)
FNDA:45,(anonymous_27)
FNDA:6,(anonymous_28)
FNDA:541,(anonymous_29)
FNDA:1,(anonymous_30)
FNDA:1,(anonymous_31)
FNDA:3,(anonymous_32)
FNDA:554,(anonymous_33)
FNDA:6,(anonymous_34)
FNDA:1,(anonymous_35)
FNDA:2,(anonymous_36)
FNDA:2,(anonymous_37)
FNDA:121,(anonymous_38)
FNDA:7,(anonymous_39)
FNDA:1,(anonymous_40)
FNDA:169,OutreachGuidePanel
FNDA:264,(anonymous_42)
FNDA:30,(anonymous_43)
FNDA:1,(anonymous_44)
FNDA:6,(anonymous_45)
FNDA:1,(anonymous_46)
FNDA:0,(anonymous_47)
FNDA:0,(anonymous_48)
FNDA:0,(anonymous_49)
FNDA:0,(anonymous_50)
FNDA:6,(anonymous_51)
FNDA:387,(anonymous_52)
FNDA:480,Field
FNDA:210,(anonymous_54)
FNDA:7,(anonymous_55)
FNDA:56,ProfileReadinessPanel
FNDA:21,(anonymous_57)
FNDA:20,(anonymous_58)
FNDA:1,(anonymous_59)
FNDA:1,(anonymous_60)
FNDA:80,mockBackendGetProfileReadiness
FNDA:560,(anonymous_62)
FNDA:480,(anonymous_63)
FNDA:480,(anonymous_64)
FNDA:8,(anonymous_65)
FNDA:4,(anonymous_66)
FNDA:12,(anonymous_67)
FNDA:6,(anonymous_68)
FNDA:8,(anonymous_69)
FNDA:186,computeGuidePreview
FNDA:105,(anonymous_71)
FNDA:20,(anonymous_72)
FNDA:19,(anonymous_73)
FNDA:2,(anonymous_74)
FNDA:17,(anonymous_75)
FNDA:2,(anonymous_76)
FNDA:8,(anonymous_77)
FNDA:7,(anonymous_78)
FNDA:3,(anonymous_79)
DA:8,533
DA:10,533
DA:11,533
DA:12,533
DA:13,533
DA:14,533
DA:15,533
DA:16,533
DA:19,533
DA:22,533
DA:25,533
DA:26,533
DA:27,533
DA:30,533
DA:31,99
DA:32,90
DA:37,533
DA:38,98
DA:42,533
DA:43,191
DA:44,189
DA:49,96
DA:50,96
DA:51,96
DA:53,46
DA:54,46
DA:57,50
DA:58,50
DA:63,9
DA:64,5
DA:65,5
DA:68,5
DA:75,5
DA:77,5
DA:78,1
DA:87,28
DA:88,28
DA:91,26
DA:93,26
DA:97,28
DA:98,28
DA:99,28
DA:101,28
DA:102,25
DA:103,25
DA:106,3
DA:107,3
DA:108,3
DA:109,3
DA:111,28
DA:120,43
DA:121,43
DA:124,43
DA:126,43
DA:127,43
DA:128,43
DA:129,40
DA:144,43
DA:149,76
DA:150,76
DA:157,7
DA:158,7
DA:169,31
DA:170,31
DA:176,31
DA:177,31
DA:181,26
DA:182,26
DA:184,26
DA:185,2
DA:186,1
DA:187,1
DA:189,1
DA:190,1
DA:193,24
DA:194,24
DA:195,24
DA:196,24
DA:197,24
DA:202,6
DA:203,6
DA:204,6
DA:208,8
DA:209,8
DA:210,8
DA:211,8
DA:213,8
DA:214,8
DA:215,8
DA:219,6
DA:220,6
DA:221,6
DA:225,5
DA:226,5
DA:227,5
DA:228,5
DA:229,3
DA:230,3
DA:232,2
DA:233,2
DA:234,2
DA:238,533
DA:239,277
DA:240,179
DA:241,179
DA:242,85
DA:243,45
DA:244,45
DA:247,45
DA:248,45
DA:249,45
DA:250,45
DA:252,45
DA:253,45
DA:258,533
DA:260,531
DA:261,531
DA:262,6
DA:264,541
DA:266,531
DA:268,531
DA:280,1
DA:284,1
DA:295,3
DA:303,554
DA:305,6
DA:360,1
DA:376,2
DA:377,2
DA:388,121
DA:426,7
DA:427,1
DA:455,169
DA:457,169
DA:459,169
DA:460,169
DA:461,169
DA:463,169
DA:487,264
DA:490,30
DA:493,1
DA:508,6
DA:509,1
DA:510,0
DA:511,0
DA:512,0
DA:513,0
DA:532,6
DA:551,387
DA:571,480
DA:572,480
DA:575,7
DA:584,56
DA:586,56
DA:587,56
DA:588,56
DA:591,56
DA:592,56
DA:593,56
DA:595,56
DA:647,21
DA:648,21
DA:666,20
DA:682,1
DA:697,1
DA:713,80
DA:714,560
DA:716,80
DA:723,480
DA:725,480
DA:727,80
DA:736,80
DA:737,80
DA:738,80
DA:739,80
DA:741,80
DA:742,80
DA:743,80
DA:744,80
DA:745,80
DA:747,80
DA:751,186
DA:752,184
DA:753,184
DA:754,183
DA:755,183
DA:761,1
DA:770,1
DA:803,1
DA:807,105
DA:811,20
DA:817,19
DA:821,2
DA:827,17
DA:831,2
DA:837,8
DA:843,7
DA:849,3
DA:857,1
DA:858,1
LF:200
LH:196
BRDA:31,0,0,90
BRDA:31,0,1,9
BRDA:31,1,0,99
BRDA:31,1,1,97
BRDA:31,1,2,91
BRDA:43,2,0,189
BRDA:43,2,1,2
BRDA:53,3,0,46
BRDA:53,3,1,2
BRDA:63,4,0,4
BRDA:63,4,1,5
BRDA:63,5,0,9
BRDA:63,5,1,6
BRDA:87,6,0,2
BRDA:87,6,1,26
BRDA:88,7,0,2
BRDA:88,7,1,26
BRDA:91,8,0,0
BRDA:91,8,1,26
BRDA:103,9,0,1
BRDA:103,9,1,24
BRDA:109,10,0,1
BRDA:109,10,1,2
BRDA:120,11,0,2
BRDA:120,11,1,41
BRDA:121,12,0,0
BRDA:121,12,1,43
BRDA:124,13,0,2
BRDA:124,13,1,41
BRDA:128,14,0,40
BRDA:128,14,1,3
BRDA:149,15,0,0
BRDA:149,15,1,76
BRDA:152,16,0,76
BRDA:152,16,1,0
BRDA:157,17,0,0
BRDA:157,17,1,7
BRDA:161,18,0,7
BRDA:161,18,1,0
BRDA:162,19,0,7
BRDA:162,19,1,0
BRDA:162,20,0,7
BRDA:162,20,1,0
BRDA:169,21,0,31
BRDA:169,21,1,0
BRDA:182,22,0,0
BRDA:182,22,1,26
BRDA:184,23,0,2
BRDA:184,23,1,24
BRDA:185,24,0,1
BRDA:185,24,1,1
BRDA:193,25,0,24
BRDA:193,25,1,0
BRDA:203,26,0,0
BRDA:203,26,1,6
BRDA:204,27,0,6
BRDA:204,27,1,0
BRDA:209,28,0,0
BRDA:209,28,1,8
BRDA:209,29,0,8
BRDA:209,29,1,8
BRDA:210,30,0,8
BRDA:210,30,1,0
BRDA:211,31,0,0
BRDA:211,31,1,8
BRDA:220,32,0,0
BRDA:220,32,1,6
BRDA:226,33,0,0
BRDA:226,33,1,5
BRDA:227,34,0,5
BRDA:227,34,1,1
BRDA:228,35,0,3
BRDA:228,35,1,2
BRDA:239,36,0,98
BRDA:239,36,1,179
BRDA:241,37,0,94
BRDA:241,37,1,85
BRDA:242,38,0,40
BRDA:242,38,1,45
BRDA:243,39,0,45
BRDA:243,39,1,0
BRDA:243,40,0,45
BRDA:243,40,1,7
BRDA:249,41,0,0
BRDA:249,41,1,45
BRDA:252,42,0,0
BRDA:252,42,1,45
BRDA:252,43,0,45
BRDA:252,43,1,7
BRDA:252,43,2,7
BRDA:258,44,0,2
BRDA:258,44,1,531
BRDA:260,45,0,531
BRDA:260,45,1,0
BRDA:261,46,0,3
BRDA:261,46,1,528
BRDA:262,47,0,6
BRDA:262,47,1,0
BRDA:266,48,0,434
BRDA:266,48,1,97
BRDA:312,49,0,433
BRDA:312,49,1,121
BRDA:317,50,0,554
BRDA:317,50,1,3
BRDA:318,51,0,554
BRDA:318,51,1,551
BRDA:329,52,0,434
BRDA:329,52,1,97
BRDA:329,53,0,434
BRDA:329,53,1,2
BRDA:356,54,0,531
BRDA:356,54,1,169
BRDA:356,54,2,169
BRDA:371,55,0,531
BRDA:371,55,1,56
BRDA:383,56,0,96
BRDA:383,56,1,435
BRDA:387,57,0,435
BRDA:387,57,1,0
BRDA:392,58,0,6
BRDA:392,58,1,115
BRDA:399,59,0,6
BRDA:399,59,1,115
BRDA:400,60,0,6
BRDA:400,60,1,115
BRDA:402,61,0,6
BRDA:402,61,1,115
BRDA:427,62,0,1
BRDA:427,62,1,0
BRDA:455,63,0,0
BRDA:455,63,1,169
BRDA:457,64,0,129
BRDA:457,64,1,40
BRDA:457,65,0,129
BRDA:457,65,1,0
BRDA:459,66,0,129
BRDA:459,66,1,40
BRDA:459,67,0,129
BRDA:459,67,1,0
BRDA:460,68,0,129
BRDA:460,68,1,40
BRDA:461,69,0,129
BRDA:461,69,1,40
BRDA:470,70,0,44
BRDA:470,70,1,125
BRDA:472,71,0,80
BRDA:472,71,1,89
BRDA:472,72,0,45
BRDA:472,72,1,44
BRDA:474,73,0,45
BRDA:474,73,1,124
BRDA:482,74,0,169
BRDA:482,74,1,44
BRDA:489,75,0,4
BRDA:489,75,1,260
BRDA:493,76,0,1
BRDA:493,76,1,0
BRDA:504,77,0,169
BRDA:504,77,1,80
BRDA:518,78,0,169
BRDA:518,78,1,45
BRDA:531,79,0,45
BRDA:531,79,1,1
BRDA:546,80,0,40
BRDA:546,80,1,129
BRDA:558,81,0,125
BRDA:558,81,1,44
BRDA:563,82,0,45
BRDA:563,82,1,124
BRDA:575,83,0,480
BRDA:575,83,1,464
BRDA:586,84,0,56
BRDA:586,84,1,27
BRDA:587,85,0,13
BRDA:587,85,1,43
BRDA:587,86,0,7
BRDA:587,86,1,36
BRDA:588,87,0,13
BRDA:588,87,1,43
BRDA:588,88,0,7
BRDA:588,88,1,36
BRDA:607,89,0,28
BRDA:607,89,1,28
BRDA:609,90,0,1
BRDA:609,90,1,27
BRDA:622,91,0,11
BRDA:622,91,1,16
BRDA:622,92,0,7
BRDA:622,92,1,9
BRDA:642,93,0,27
BRDA:642,93,1,3
BRDA:646,94,0,27
BRDA:646,94,1,2
BRDA:647,95,0,4
BRDA:647,95,1,17
BRDA:647,96,0,1
BRDA:647,96,1,16
BRDA:665,97,0,27
BRDA:665,97,1,2
BRDA:671,98,0,4
BRDA:671,98,1,16
BRDA:712,99,0,0
BRDA:713,100,0,51
BRDA:713,100,1,29
BRDA:728,101,0,0
BRDA:728,101,1,80
BRDA:736,102,0,80
BRDA:736,102,1,2
BRDA:737,103,0,80
BRDA:737,103,1,74
BRDA:738,104,0,80
BRDA:738,104,1,74
BRDA:739,105,0,3
BRDA:739,105,1,77
BRDA:739,106,0,1
BRDA:739,106,1,76
BRDA:741,107,0,4
BRDA:741,107,1,76
BRDA:742,108,0,2
BRDA:742,108,1,78
BRDA:743,109,0,4
BRDA:743,109,1,76
BRDA:744,110,0,2
BRDA:744,110,1,78
BRDA:745,111,0,2
BRDA:745,111,1,78
BRDA:751,112,0,2
BRDA:751,112,1,184
BRDA:751,113,0,186
BRDA:751,113,1,185
BRDA:752,114,0,184
BRDA:752,114,1,1
BRDA:753,115,0,1
BRDA:753,115,1,183
BRDA:755,116,0,183
BRDA:755,116,1,1
BRDA:807,117,0,105
BRDA:807,117,1,89
BRDA:807,118,0,105
BRDA:807,118,1,104
BRDA:807,119,0,105
BRDA:807,119,1,103
BRDA:811,120,0,20
BRDA:811,120,1,13
BRDA:811,121,0,20
BRDA:811,121,1,20
BRDA:811,122,0,20
BRDA:811,122,1,19
BRDA:817,123,0,19
BRDA:817,123,1,14
BRDA:817,124,0,19
BRDA:817,124,1,18
BRDA:817,125,0,19
BRDA:817,125,1,18
BRDA:817,126,0,19
BRDA:817,126,1,18
BRDA:817,127,0,19
BRDA:817,127,1,17
BRDA:821,128,0,2
BRDA:821,128,1,1
BRDA:821,129,0,2
BRDA:821,129,1,2
BRDA:821,130,0,2
BRDA:821,130,1,1
BRDA:821,131,0,2
BRDA:821,131,1,2
BRDA:827,132,0,17
BRDA:827,132,1,11
BRDA:827,133,0,17
BRDA:827,133,1,14
BRDA:827,134,0,17
BRDA:827,134,1,15
BRDA:831,135,0,2
BRDA:831,135,1,1
BRDA:831,136,0,2
BRDA:831,136,1,2
BRDA:831,137,0,2
BRDA:831,137,1,1
BRDA:837,138,0,8
BRDA:837,138,1,6
BRDA:837,139,0,8
BRDA:837,139,1,7
BRDA:837,140,0,8
BRDA:837,140,1,6
BRDA:843,141,0,7
BRDA:843,141,1,5
BRDA:843,142,0,1
BRDA:843,142,1,6
BRDA:843,143,0,7
BRDA:843,143,1,5
BRDA:849,144,0,3
BRDA:849,144,1,1
BRDA:849,145,0,3
BRDA:849,145,1,2
BRDA:849,146,0,3
BRDA:849,146,1,2
BRDA:849,147,0,3
BRDA:849,147,1,2
BRDA:849,148,0,3
BRDA:849,148,1,1
BRDA:857,149,0,1
BRDA:857,149,1,0
BRDA:857,150,0,1
BRDA:857,150,1,1
BRF:304
BRH:272
end_of_record
