<?xml version="1.0" encoding="UTF-8"?>
<coverage generated="1775409553079" clover="3.2.0">
  <project timestamp="1775409553079" name="All files">
    <metrics statements="144" coveredstatements="130" conditionals="249" coveredconditionals="204" methods="87" coveredmethods="71" elements="480" coveredelements="405" complexity="0" loc="144" ncloc="144" packages="1" files="2" classes="2"/>
    <file name="FeedPage.js" path="C:\Users\dhyan\OneDrive\Desktop\AI - 485\linkedin-redesign\FeedPage.js">
      <metrics statements="143" coveredstatements="129" conditionals="249" coveredconditionals="204" methods="87" coveredmethods="71"/>
      <line num="5" count="43" type="stmt"/>
      <line num="6" count="43" type="stmt"/>
      <line num="7" count="43" type="stmt"/>
      <line num="8" count="43" type="stmt"/>
      <line num="9" count="43" type="stmt"/>
      <line num="10" count="43" type="stmt"/>
      <line num="11" count="43" type="stmt"/>
      <line num="12" count="43" type="stmt"/>
      <line num="14" count="43" type="cond" truecount="2" falsecount="0"/>
      <line num="16" count="43" type="cond" truecount="2" falsecount="0"/>
      <line num="17" count="42" type="cond" truecount="2" falsecount="0"/>
      <line num="28" count="41" type="cond" truecount="2" falsecount="0"/>
      <line num="29" count="41" type="cond" truecount="2" falsecount="0"/>
      <line num="30" count="4" type="cond" truecount="2" falsecount="2"/>
      <line num="32" count="9" type="cond" truecount="3" falsecount="1"/>
      <line num="33" count="9" type="cond" truecount="3" falsecount="1"/>
      <line num="34" count="9" type="stmt"/>
      <line num="36" count="41" type="cond" truecount="1" falsecount="1"/>
      <line num="39" count="4" type="stmt"/>
      <line num="52" count="4" type="cond" truecount="1" falsecount="1"/>
      <line num="53" count="4" type="stmt"/>
      <line num="54" count="4" type="stmt"/>
      <line num="55" count="2" type="stmt"/>
      <line num="57" count="2" type="cond" truecount="1" falsecount="1"/>
      <line num="58" count="2" type="stmt"/>
      <line num="63" count="5" type="stmt"/>
      <line num="64" count="5" type="stmt"/>
      <line num="65" count="5" type="cond" truecount="2" falsecount="0"/>
      <line num="66" count="5" type="stmt"/>
      <line num="70" count="41" type="stmt"/>
      <line num="75" count="41" type="cond" truecount="1" falsecount="1"/>
      <line num="76" count="41" type="cond" truecount="1" falsecount="1"/>
      <line num="77" count="41" type="cond" truecount="1" falsecount="1"/>
      <line num="79" count="41" type="stmt"/>
      <line num="88" count="0" type="stmt"/>
      <line num="93" count="0" type="stmt"/>
      <line num="116" count="82" type="stmt"/>
      <line num="128" count="26" type="stmt"/>
      <line num="132" count="1" type="stmt"/>
      <line num="134" count="5" type="stmt"/>
      <line num="140" count="1" type="stmt"/>
      <line num="165" count="43" type="stmt"/>
      <line num="166" count="43" type="stmt"/>
      <line num="168" count="0" type="stmt"/>
      <line num="173" count="0" type="stmt"/>
      <line num="181" count="1" type="stmt"/>
      <line num="193" count="0" type="stmt"/>
      <line num="207" count="20" type="stmt"/>
      <line num="208" count="20" type="stmt"/>
      <line num="209" count="20" type="stmt"/>
      <line num="212" count="1" type="cond" truecount="1" falsecount="1"/>
      <line num="213" count="1" type="stmt"/>
      <line num="214" count="1" type="stmt"/>
      <line num="215" count="1" type="stmt"/>
      <line num="218" count="20" type="stmt"/>
      <line num="225" count="6" type="stmt"/>
      <line num="232" count="2" type="stmt"/>
      <line num="247" count="36" type="stmt"/>
      <line num="248" count="2" type="cond" truecount="2" falsecount="0"/>
      <line num="250" count="0" type="stmt"/>
      <line num="251" count="0" type="stmt"/>
      <line num="260" count="1" type="stmt"/>
      <line num="278" count="1" type="stmt"/>
      <line num="279" count="0" type="stmt"/>
      <line num="280" count="1" type="stmt"/>
      <line num="281" count="1" type="stmt"/>
      <line num="283" count="44" type="stmt"/>
      <line num="296" count="3" type="stmt"/>
      <line num="307" count="1" type="stmt"/>
      <line num="323" count="1" type="stmt"/>
      <line num="334" count="45" type="stmt"/>
      <line num="335" count="45" type="stmt"/>
      <line num="336" count="45" type="stmt"/>
      <line num="337" count="45" type="stmt"/>
      <line num="338" count="45" type="stmt"/>
      <line num="339" count="45" type="cond" truecount="1" falsecount="2"/>
      <line num="341" count="45" type="cond" truecount="3" falsecount="1"/>
      <line num="342" count="45" type="cond" truecount="4" falsecount="0"/>
      <line num="343" count="45" type="cond" truecount="4" falsecount="0"/>
      <line num="344" count="45" type="cond" truecount="2" falsecount="0"/>
      <line num="346" count="45" type="cond" truecount="3" falsecount="0"/>
      <line num="347" count="2" type="cond" truecount="2" falsecount="0"/>
      <line num="348" count="45" type="cond" truecount="5" falsecount="1"/>
      <line num="349" count="45" type="cond" truecount="3" falsecount="0"/>
      <line num="351" count="45" type="stmt"/>
      <line num="352" count="45" type="stmt"/>
      <line num="353" count="45" type="cond" truecount="3" falsecount="1"/>
      <line num="355" count="45" type="cond" truecount="3" falsecount="1"/>
      <line num="356" count="45" type="cond" truecount="2" falsecount="0"/>
      <line num="358" count="45" type="stmt"/>
      <line num="368" count="3" type="stmt"/>
      <line num="369" count="3" type="stmt"/>
      <line num="372" count="2" type="cond" truecount="2" falsecount="0"/>
      <line num="373" count="2" type="stmt"/>
      <line num="376" count="1" type="stmt"/>
      <line num="377" count="1" type="stmt"/>
      <line num="378" count="1" type="stmt"/>
      <line num="379" count="1" type="stmt"/>
      <line num="382" count="4" type="cond" truecount="2" falsecount="0"/>
      <line num="383" count="2" type="cond" truecount="1" falsecount="1"/>
      <line num="384" count="2" type="stmt"/>
      <line num="391" count="2" type="stmt"/>
      <line num="392" count="2" type="stmt"/>
      <line num="395" count="45" type="cond" truecount="1" falsecount="1"/>
      <line num="397" count="45" type="stmt"/>
      <line num="403" count="1" type="stmt"/>
      <line num="407" count="0" type="stmt"/>
      <line num="424" count="1" type="stmt"/>
      <line num="430" count="5" type="stmt"/>
      <line num="441" count="24" type="stmt"/>
      <line num="444" count="3" type="stmt"/>
      <line num="445" count="3" type="cond" truecount="4" falsecount="0"/>
      <line num="446" count="2" type="cond" truecount="2" falsecount="0"/>
      <line num="447" count="1" type="stmt"/>
      <line num="466" count="3" type="stmt"/>
      <line num="467" count="1" type="stmt"/>
      <line num="476" count="1" type="stmt"/>
      <line num="482" count="1" type="stmt"/>
      <line num="486" count="2" type="cond" truecount="2" falsecount="0"/>
      <line num="518" count="0" type="stmt"/>
      <line num="528" count="0" type="cond" truecount="0" falsecount="2"/>
      <line num="529" count="0" type="stmt"/>
      <line num="531" count="18" type="stmt"/>
      <line num="532" count="1" type="stmt"/>
      <line num="534" count="0" type="stmt"/>
      <line num="535" count="0" type="stmt"/>
      <line num="550" count="1" type="stmt"/>
      <line num="557" count="1" type="stmt"/>
      <line num="577" count="3" type="stmt"/>
      <line num="578" count="3" type="cond" truecount="2" falsecount="0"/>
      <line num="587" count="7" type="cond" truecount="3" falsecount="1"/>
      <line num="588" count="7" type="cond" truecount="1" falsecount="2"/>
      <line num="589" count="7" type="cond" truecount="3" falsecount="0"/>
      <line num="590" count="7" type="stmt"/>
      <line num="604" count="1" type="stmt"/>
      <line num="606" count="1" type="stmt"/>
      <line num="614" count="1" type="stmt"/>
      <line num="626" count="9" type="stmt"/>
      <line num="627" count="9" type="cond" truecount="4" falsecount="0"/>
      <line num="628" count="4" type="stmt"/>
      <line num="632" count="1" type="stmt"/>
      <line num="637" count="5" type="stmt"/>
      <line num="640" count="2" type="stmt"/>
    </file>
    <file name="babel.config.js" path="C:\Users\dhyan\OneDrive\Desktop\AI - 485\linkedin-redesign\babel.config.js">
      <metrics statements="1" coveredstatements="1" conditionals="0" coveredconditionals="0" methods="0" coveredmethods="0"/>
      <line num="1" count="1" type="stmt"/>
    </file>
  </project>
</coverage>
