{"C:\\Users\\dhyan\\OneDrive\\Desktop\\AI - 485\\linkedin-redesign\\FeedPage.js": {"path":"C:\\Users\\dhyan\\OneDrive\\Desktop\\AI - 485\\linkedin-redesign\\FeedPage.js","statementMap":{"0":{"start":{"line":5,"column":91},"end":{"line":5,"column":119}},"1":{"start":{"line":6,"column":42},"end":{"line":6,"column":67}},"2":{"start":{"line":7,"column":25},"end":{"line":7,"column":50}},"3":{"start":{"line":8,"column":29},"end":{"line":8,"column":58}},"4":{"start":{"line":9,"column":26},"end":{"line":9,"column":52}},"5":{"start":{"line":10,"column":38},"end":{"line":10,"column":58}},"6":{"start":{"line":11,"column":34},"end":{"line":11,"column":55}},"7":{"start":{"line":12,"column":50},"end":{"line":12,"column":75}},"8":{"start":{"line":14,"column":2},"end":{"line":14,"column":71}},"9":{"start":{"line":14,"column":26},"end":{"line":14,"column":58}},"10":{"start":{"line":14,"column":37},"end":{"line":14,"column":58}},"11":{"start":{"line":16,"column":2},"end":{"line":16,"column":64}},"12":{"start":{"line":16,"column":15},"end":{"line":16,"column":64}},"13":{"start":{"line":17,"column":2},"end":{"line":26,"column":4}},"14":{"start":{"line":17,"column":13},"end":{"line":26,"column":4}},"15":{"start":{"line":28,"column":19},"end":{"line":28,"column":35}},"16":{"start":{"line":29,"column":19},"end":{"line":35,"column":8}},"17":{"start":{"line":30,"column":35},"end":{"line":30,"column":74}},"18":{"start":{"line":32,"column":19},"end":{"line":32,"column":112}},"19":{"start":{"line":32,"column":77},"end":{"line":32,"column":82}},"20":{"start":{"line":33,"column":19},"end":{"line":33,"column":112}},"21":{"start":{"line":33,"column":77},"end":{"line":33,"column":82}},"22":{"start":{"line":34,"column":8},"end":{"line":34,"column":23}},"23":{"start":{"line":36,"column":12},"end":{"line":36,"column":29}},"24":{"start":{"line":39,"column":20},"end":{"line":51,"column":5}},"25":{"start":{"line":52,"column":4},"end":{"line":52,"column":54}},"26":{"start":{"line":52,"column":26},"end":{"line":52,"column":52}},"27":{"start":{"line":53,"column":4},"end":{"line":53,"column":26}},"28":{"start":{"line":54,"column":4},"end":{"line":59,"column":9}},"29":{"start":{"line":55,"column":18},"end":{"line":55,"column":54}},"30":{"start":{"line":57,"column":8},"end":{"line":57,"column":77}},"31":{"start":{"line":57,"column":30},"end":{"line":57,"column":75}},"32":{"start":{"line":57,"column":55},"end":{"line":57,"column":74}},"33":{"start":{"line":58,"column":8},"end":{"line":58,"column":64}},"34":{"start":{"line":63,"column":4},"end":{"line":67,"column":7}},"35":{"start":{"line":64,"column":19},"end":{"line":64,"column":32}},"36":{"start":{"line":65,"column":6},"end":{"line":65,"column":71}},"37":{"start":{"line":65,"column":28},"end":{"line":65,"column":48}},"38":{"start":{"line":65,"column":54},"end":{"line":65,"column":71}},"39":{"start":{"line":66,"column":6},"end":{"line":66,"column":18}},"40":{"start":{"line":70,"column":20},"end":{"line":73,"column":3}},"41":{"start":{"line":75,"column":20},"end":{"line":75,"column":45}},"42":{"start":{"line":76,"column":18},"end":{"line":76,"column":28}},"43":{"start":{"line":77,"column":18},"end":{"line":77,"column":32}},"44":{"start":{"line":79,"column":2},"end":{"line":202,"column":4}},"45":{"start":{"line":88,"column":101},"end":{"line":88,"column":120}},"46":{"start":{"line":93,"column":70},"end":{"line":93,"column":89}},"47":{"start":{"line":116,"column":14},"end":{"line":121,"column":29}},"48":{"start":{"line":116,"column":45},"end":{"line":116,"column":59}},"49":{"start":{"line":128,"column":10},"end":{"line":146,"column":27}},"50":{"start":{"line":132,"column":30},"end":{"line":132,"column":58}},"51":{"start":{"line":134,"column":38},"end":{"line":134,"column":64}},"52":{"start":{"line":140,"column":30},"end":{"line":140,"column":82}},"53":{"start":{"line":140,"column":52},"end":{"line":140,"column":81}},"54":{"start":{"line":140,"column":69},"end":{"line":140,"column":80}},"55":{"start":{"line":165,"column":34},"end":{"line":165,"column":62}},"56":{"start":{"line":166,"column":14},"end":{"line":190,"column":16}},"57":{"start":{"line":168,"column":83},"end":{"line":168,"column":114}},"58":{"start":{"line":173,"column":37},"end":{"line":173,"column":68}},"59":{"start":{"line":181,"column":37},"end":{"line":181,"column":51}},"60":{"start":{"line":181,"column":52},"end":{"line":181,"column":86}},"61":{"start":{"line":193,"column":29},"end":{"line":193,"column":48}},"62":{"start":{"line":207,"column":28},"end":{"line":207,"column":46}},"63":{"start":{"line":208,"column":34},"end":{"line":208,"column":55}},"64":{"start":{"line":209,"column":14},"end":{"line":209,"column":18}},"65":{"start":{"line":212,"column":4},"end":{"line":212,"column":30}},"66":{"start":{"line":212,"column":23},"end":{"line":212,"column":30}},"67":{"start":{"line":213,"column":4},"end":{"line":213,"column":25}},"68":{"start":{"line":214,"column":4},"end":{"line":214,"column":17}},"69":{"start":{"line":215,"column":4},"end":{"line":215,"column":23}},"70":{"start":{"line":218,"column":2},"end":{"line":291,"column":4}},"71":{"start":{"line":225,"column":70},"end":{"line":225,"column":87}},"72":{"start":{"line":232,"column":27},"end":{"line":232,"column":51}},"73":{"start":{"line":247,"column":14},"end":{"line":253,"column":23}},"74":{"start":{"line":248,"column":33},"end":{"line":248,"column":124}},"75":{"start":{"line":248,"column":56},"end":{"line":248,"column":75}},"76":{"start":{"line":248,"column":81},"end":{"line":248,"column":124}},"77":{"start":{"line":250,"column":35},"end":{"line":250,"column":81}},"78":{"start":{"line":251,"column":35},"end":{"line":251,"column":76}},"79":{"start":{"line":260,"column":35},"end":{"line":260,"column":53}},"80":{"start":{"line":278,"column":253},"end":{"line":278,"column":270}},"81":{"start":{"line":279,"column":234},"end":{"line":279,"column":251}},"82":{"start":{"line":280,"column":269},"end":{"line":280,"column":287}},"83":{"start":{"line":281,"column":267},"end":{"line":281,"column":308}},"84":{"start":{"line":283,"column":12},"end":{"line":286,"column":21}},"85":{"start":{"line":296,"column":2},"end":{"line":329,"column":4}},"86":{"start":{"line":307,"column":25},"end":{"line":307,"column":47}},"87":{"start":{"line":323,"column":31},"end":{"line":323,"column":68}},"88":{"start":{"line":334,"column":34},"end":{"line":334,"column":55}},"89":{"start":{"line":335,"column":44},"end":{"line":335,"column":65}},"90":{"start":{"line":336,"column":44},"end":{"line":336,"column":64}},"91":{"start":{"line":337,"column":44},"end":{"line":337,"column":64}},"92":{"start":{"line":338,"column":42},"end":{"line":338,"column":60}},"93":{"start":{"line":339,"column":44},"end":{"line":339,"column":100}},"94":{"start":{"line":341,"column":19},"end":{"line":341,"column":72}},"95":{"start":{"line":342,"column":21},"end":{"line":342,"column":82}},"96":{"start":{"line":343,"column":22},"end":{"line":343,"column":92}},"97":{"start":{"line":344,"column":22},"end":{"line":344,"column":54}},"98":{"start":{"line":346,"column":25},"end":{"line":347,"column":83}},"99":{"start":{"line":347,"column":69},"end":{"line":347,"column":74}},"100":{"start":{"line":348,"column":23},"end":{"line":348,"column":130}},"101":{"start":{"line":349,"column":22},"end":{"line":349,"column":59}},"102":{"start":{"line":351,"column":25},"end":{"line":351,"column":161}},"103":{"start":{"line":352,"column":27},"end":{"line":352,"column":131}},"104":{"start":{"line":353,"column":25},"end":{"line":353,"column":159}},"105":{"start":{"line":353,"column":88},"end":{"line":353,"column":99}},"106":{"start":{"line":353,"column":126},"end":{"line":353,"column":153}},"107":{"start":{"line":355,"column":24},"end":{"line":355,"column":67}},"108":{"start":{"line":356,"column":28},"end":{"line":356,"column":72}},"109":{"start":{"line":358,"column":20},"end":{"line":365,"column":3}},"110":{"start":{"line":368,"column":14},"end":{"line":368,"column":59}},"111":{"start":{"line":368,"column":31},"end":{"line":368,"column":53}},"112":{"start":{"line":369,"column":4},"end":{"line":369,"column":24}},"113":{"start":{"line":372,"column":4},"end":{"line":372,"column":51}},"114":{"start":{"line":372,"column":23},"end":{"line":372,"column":51}},"115":{"start":{"line":373,"column":4},"end":{"line":373,"column":51}},"116":{"start":{"line":373,"column":21},"end":{"line":373,"column":44}},"117":{"start":{"line":376,"column":4},"end":{"line":376,"column":29}},"118":{"start":{"line":377,"column":4},"end":{"line":377,"column":28}},"119":{"start":{"line":378,"column":4},"end":{"line":378,"column":13}},"120":{"start":{"line":379,"column":4},"end":{"line":379,"column":52}},"121":{"start":{"line":382,"column":4},"end":{"line":382,"column":37}},"122":{"start":{"line":382,"column":30},"end":{"line":382,"column":37}},"123":{"start":{"line":383,"column":14},"end":{"line":383,"column":31}},"124":{"start":{"line":384,"column":4},"end":{"line":390,"column":17}},"125":{"start":{"line":384,"column":29},"end":{"line":390,"column":15}},"126":{"start":{"line":391,"column":4},"end":{"line":391,"column":24}},"127":{"start":{"line":392,"column":4},"end":{"line":392,"column":33}},"128":{"start":{"line":395,"column":18},"end":{"line":395,"column":36}},"129":{"start":{"line":397,"column":2},"end":{"line":621,"column":4}},"130":{"start":{"line":403,"column":27},"end":{"line":403,"column":61}},"131":{"start":{"line":407,"column":65},"end":{"line":407,"column":99}},"132":{"start":{"line":424,"column":31},"end":{"line":424,"column":50}},"133":{"start":{"line":424,"column":51},"end":{"line":424,"column":88}},"134":{"start":{"line":430,"column":64},"end":{"line":430,"column":84}},"135":{"start":{"line":430,"column":81},"end":{"line":430,"column":83}},"136":{"start":{"line":441,"column":18},"end":{"line":450,"column":24}},"137":{"start":{"line":444,"column":22},"end":{"line":444,"column":41}},"138":{"start":{"line":445,"column":22},"end":{"line":447,"column":44}},"139":{"start":{"line":445,"column":53},"end":{"line":445,"column":83}},"140":{"start":{"line":445,"column":84},"end":{"line":445,"column":110}},"141":{"start":{"line":446,"column":27},"end":{"line":447,"column":44}},"142":{"start":{"line":446,"column":56},"end":{"line":446,"column":86}},"143":{"start":{"line":447,"column":27},"end":{"line":447,"column":44}},"144":{"start":{"line":466,"column":14},"end":{"line":469,"column":21}},"145":{"start":{"line":467,"column":31},"end":{"line":467,"column":82}},"146":{"start":{"line":476,"column":25},"end":{"line":476,"column":64}},"147":{"start":{"line":482,"column":66},"end":{"line":482,"column":102}},"148":{"start":{"line":486,"column":18},"end":{"line":486,"column":117}},"149":{"start":{"line":518,"column":29},"end":{"line":518,"column":52}},"150":{"start":{"line":518,"column":53},"end":{"line":518,"column":62}},"151":{"start":{"line":528,"column":36},"end":{"line":528,"column":83}},"152":{"start":{"line":528,"column":55},"end":{"line":528,"column":83}},"153":{"start":{"line":528,"column":84},"end":{"line":528,"column":107}},"154":{"start":{"line":529,"column":34},"end":{"line":529,"column":57}},"155":{"start":{"line":531,"column":16},"end":{"line":537,"column":25}},"156":{"start":{"line":532,"column":33},"end":{"line":532,"column":50}},"157":{"start":{"line":534,"column":37},"end":{"line":534,"column":83}},"158":{"start":{"line":535,"column":37},"end":{"line":535,"column":81}},"159":{"start":{"line":550,"column":59},"end":{"line":550,"column":87}},"160":{"start":{"line":557,"column":59},"end":{"line":557,"column":84}},"161":{"start":{"line":577,"column":29},"end":{"line":577,"column":60}},"162":{"start":{"line":578,"column":30},"end":{"line":578,"column":64}},"163":{"start":{"line":587,"column":26},"end":{"line":587,"column":78}},"164":{"start":{"line":588,"column":26},"end":{"line":588,"column":51}},"165":{"start":{"line":589,"column":30},"end":{"line":589,"column":74}},"166":{"start":{"line":590,"column":12},"end":{"line":610,"column":14}},"167":{"start":{"line":604,"column":37},"end":{"line":604,"column":64}},"168":{"start":{"line":606,"column":37},"end":{"line":606,"column":69}},"169":{"start":{"line":614,"column":29},"end":{"line":614,"column":65}},"170":{"start":{"line":626,"column":34},"end":{"line":626,"column":55}},"171":{"start":{"line":627,"column":2},"end":{"line":636,"column":3}},"172":{"start":{"line":628,"column":4},"end":{"line":635,"column":6}},"173":{"start":{"line":632,"column":66},"end":{"line":632,"column":84}},"174":{"start":{"line":637,"column":2},"end":{"line":642,"column":4}},"175":{"start":{"line":640,"column":59},"end":{"line":640,"column":76}}},"fnMap":{"0":{"name":"FeedPage","decl":{"start":{"line":4,"column":9},"end":{"line":4,"column":17}},"loc":{"start":{"line":4,"column":20},"end":{"line":203,"column":1}},"line":4},"1":{"name":"(anonymous_1)","decl":{"start":{"line":14,"column":18},"end":{"line":14,"column":19}},"loc":{"start":{"line":14,"column":24},"end":{"line":14,"column":60}},"line":14},"2":{"name":"(anonymous_2)","decl":{"start":{"line":30,"column":25},"end":{"line":30,"column":26}},"loc":{"start":{"line":30,"column":35},"end":{"line":30,"column":74}},"line":30},"3":{"name":"(anonymous_3)","decl":{"start":{"line":31,"column":25},"end":{"line":31,"column":26}},"loc":{"start":{"line":31,"column":35},"end":{"line":35,"column":7}},"line":31},"4":{"name":"(anonymous_4)","decl":{"start":{"line":32,"column":67},"end":{"line":32,"column":68}},"loc":{"start":{"line":32,"column":77},"end":{"line":32,"column":82}},"line":32},"5":{"name":"(anonymous_5)","decl":{"start":{"line":33,"column":67},"end":{"line":33,"column":68}},"loc":{"start":{"line":33,"column":77},"end":{"line":33,"column":82}},"line":33},"6":{"name":"handleNewPost","decl":{"start":{"line":38,"column":11},"end":{"line":38,"column":24}},"loc":{"start":{"line":38,"column":34},"end":{"line":60,"column":3}},"line":38},"7":{"name":"(anonymous_7)","decl":{"start":{"line":52,"column":18},"end":{"line":52,"column":19}},"loc":{"start":{"line":52,"column":26},"end":{"line":52,"column":52}},"line":52},"8":{"name":"(anonymous_8)","decl":{"start":{"line":55,"column":12},"end":{"line":55,"column":13}},"loc":{"start":{"line":55,"column":18},"end":{"line":55,"column":54}},"line":55},"9":{"name":"(anonymous_9)","decl":{"start":{"line":56,"column":13},"end":{"line":56,"column":14}},"loc":{"start":{"line":56,"column":19},"end":{"line":59,"column":7}},"line":56},"10":{"name":"(anonymous_10)","decl":{"start":{"line":57,"column":22},"end":{"line":57,"column":23}},"loc":{"start":{"line":57,"column":30},"end":{"line":57,"column":75}},"line":57},"11":{"name":"(anonymous_11)","decl":{"start":{"line":57,"column":50},"end":{"line":57,"column":51}},"loc":{"start":{"line":57,"column":55},"end":{"line":57,"column":74}},"line":57},"12":{"name":"toggleCommentsFor","decl":{"start":{"line":62,"column":11},"end":{"line":62,"column":28}},"loc":{"start":{"line":62,"column":37},"end":{"line":68,"column":3}},"line":62},"13":{"name":"(anonymous_13)","decl":{"start":{"line":63,"column":24},"end":{"line":63,"column":25}},"loc":{"start":{"line":63,"column":32},"end":{"line":67,"column":5}},"line":63},"14":{"name":"(anonymous_14)","decl":{"start":{"line":88,"column":95},"end":{"line":88,"column":96}},"loc":{"start":{"line":88,"column":101},"end":{"line":88,"column":120}},"line":88},"15":{"name":"(anonymous_15)","decl":{"start":{"line":93,"column":64},"end":{"line":93,"column":65}},"loc":{"start":{"line":93,"column":70},"end":{"line":93,"column":89}},"line":93},"16":{"name":"(anonymous_16)","decl":{"start":{"line":115,"column":35},"end":{"line":115,"column":36}},"loc":{"start":{"line":116,"column":14},"end":{"line":121,"column":29}},"line":116},"17":{"name":"(anonymous_17)","decl":{"start":{"line":116,"column":39},"end":{"line":116,"column":40}},"loc":{"start":{"line":116,"column":45},"end":{"line":116,"column":59}},"line":116},"18":{"name":"(anonymous_18)","decl":{"start":{"line":127,"column":22},"end":{"line":127,"column":23}},"loc":{"start":{"line":128,"column":10},"end":{"line":146,"column":27}},"line":128},"19":{"name":"(anonymous_19)","decl":{"start":{"line":132,"column":22},"end":{"line":132,"column":23}},"loc":{"start":{"line":132,"column":28},"end":{"line":132,"column":60}},"line":132},"20":{"name":"(anonymous_20)","decl":{"start":{"line":134,"column":32},"end":{"line":134,"column":33}},"loc":{"start":{"line":134,"column":38},"end":{"line":134,"column":64}},"line":134},"21":{"name":"(anonymous_21)","decl":{"start":{"line":140,"column":24},"end":{"line":140,"column":25}},"loc":{"start":{"line":140,"column":30},"end":{"line":140,"column":82}},"line":140},"22":{"name":"(anonymous_22)","decl":{"start":{"line":140,"column":44},"end":{"line":140,"column":45}},"loc":{"start":{"line":140,"column":52},"end":{"line":140,"column":81}},"line":140},"23":{"name":"(anonymous_23)","decl":{"start":{"line":140,"column":64},"end":{"line":140,"column":65}},"loc":{"start":{"line":140,"column":69},"end":{"line":140,"column":80}},"line":140},"24":{"name":"(anonymous_24)","decl":{"start":{"line":164,"column":27},"end":{"line":164,"column":28}},"loc":{"start":{"line":164,"column":33},"end":{"line":191,"column":13}},"line":164},"25":{"name":"(anonymous_25)","decl":{"start":{"line":168,"column":77},"end":{"line":168,"column":78}},"loc":{"start":{"line":168,"column":83},"end":{"line":168,"column":114}},"line":168},"26":{"name":"(anonymous_26)","decl":{"start":{"line":173,"column":31},"end":{"line":173,"column":32}},"loc":{"start":{"line":173,"column":37},"end":{"line":173,"column":68}},"line":173},"27":{"name":"(anonymous_27)","decl":{"start":{"line":181,"column":29},"end":{"line":181,"column":30}},"loc":{"start":{"line":181,"column":35},"end":{"line":181,"column":88}},"line":181},"28":{"name":"(anonymous_28)","decl":{"start":{"line":193,"column":23},"end":{"line":193,"column":24}},"loc":{"start":{"line":193,"column":29},"end":{"line":193,"column":48}},"line":193},"29":{"name":"PostCreator","decl":{"start":{"line":206,"column":9},"end":{"line":206,"column":20}},"loc":{"start":{"line":206,"column":61},"end":{"line":292,"column":1}},"line":206},"30":{"name":"submit","decl":{"start":{"line":211,"column":11},"end":{"line":211,"column":17}},"loc":{"start":{"line":211,"column":20},"end":{"line":216,"column":3}},"line":211},"31":{"name":"(anonymous_31)","decl":{"start":{"line":225,"column":64},"end":{"line":225,"column":65}},"loc":{"start":{"line":225,"column":70},"end":{"line":225,"column":87}},"line":225},"32":{"name":"(anonymous_32)","decl":{"start":{"line":232,"column":22},"end":{"line":232,"column":23}},"loc":{"start":{"line":232,"column":27},"end":{"line":232,"column":51}},"line":232},"33":{"name":"(anonymous_33)","decl":{"start":{"line":246,"column":95},"end":{"line":246,"column":96}},"loc":{"start":{"line":247,"column":14},"end":{"line":253,"column":23}},"line":247},"34":{"name":"(anonymous_34)","decl":{"start":{"line":248,"column":25},"end":{"line":248,"column":26}},"loc":{"start":{"line":248,"column":31},"end":{"line":248,"column":126}},"line":248},"35":{"name":"(anonymous_35)","decl":{"start":{"line":250,"column":30},"end":{"line":250,"column":31}},"loc":{"start":{"line":250,"column":35},"end":{"line":250,"column":81}},"line":250},"36":{"name":"(anonymous_36)","decl":{"start":{"line":251,"column":30},"end":{"line":251,"column":31}},"loc":{"start":{"line":251,"column":35},"end":{"line":251,"column":76}},"line":251},"37":{"name":"(anonymous_37)","decl":{"start":{"line":260,"column":29},"end":{"line":260,"column":30}},"loc":{"start":{"line":260,"column":35},"end":{"line":260,"column":53}},"line":260},"38":{"name":"(anonymous_38)","decl":{"start":{"line":278,"column":247},"end":{"line":278,"column":248}},"loc":{"start":{"line":278,"column":253},"end":{"line":278,"column":270}},"line":278},"39":{"name":"(anonymous_39)","decl":{"start":{"line":279,"column":228},"end":{"line":279,"column":229}},"loc":{"start":{"line":279,"column":234},"end":{"line":279,"column":251}},"line":279},"40":{"name":"(anonymous_40)","decl":{"start":{"line":280,"column":263},"end":{"line":280,"column":264}},"loc":{"start":{"line":280,"column":269},"end":{"line":280,"column":287}},"line":280},"41":{"name":"(anonymous_41)","decl":{"start":{"line":281,"column":261},"end":{"line":281,"column":262}},"loc":{"start":{"line":281,"column":267},"end":{"line":281,"column":308}},"line":281},"42":{"name":"(anonymous_42)","decl":{"start":{"line":282,"column":16},"end":{"line":282,"column":17}},"loc":{"start":{"line":283,"column":12},"end":{"line":286,"column":21}},"line":283},"43":{"name":"SponsoredPost","decl":{"start":{"line":295,"column":9},"end":{"line":295,"column":22}},"loc":{"start":{"line":295,"column":42},"end":{"line":330,"column":1}},"line":295},"44":{"name":"(anonymous_44)","decl":{"start":{"line":307,"column":19},"end":{"line":307,"column":20}},"loc":{"start":{"line":307,"column":25},"end":{"line":307,"column":47}},"line":307},"45":{"name":"(anonymous_45)","decl":{"start":{"line":323,"column":25},"end":{"line":323,"column":26}},"loc":{"start":{"line":323,"column":31},"end":{"line":323,"column":68}},"line":323},"46":{"name":"FeedPost","decl":{"start":{"line":333,"column":9},"end":{"line":333,"column":17}},"loc":{"start":{"line":333,"column":141},"end":{"line":622,"column":1}},"line":333},"47":{"name":"(anonymous_47)","decl":{"start":{"line":347,"column":59},"end":{"line":347,"column":60}},"loc":{"start":{"line":347,"column":69},"end":{"line":347,"column":74}},"line":347},"48":{"name":"(anonymous_48)","decl":{"start":{"line":353,"column":78},"end":{"line":353,"column":79}},"loc":{"start":{"line":353,"column":88},"end":{"line":353,"column":99}},"line":353},"49":{"name":"(anonymous_49)","decl":{"start":{"line":353,"column":117},"end":{"line":353,"column":118}},"loc":{"start":{"line":353,"column":126},"end":{"line":353,"column":153}},"line":353},"50":{"name":"handleLikeHover","decl":{"start":{"line":367,"column":11},"end":{"line":367,"column":26}},"loc":{"start":{"line":367,"column":29},"end":{"line":370,"column":3}},"line":367},"51":{"name":"(anonymous_51)","decl":{"start":{"line":368,"column":25},"end":{"line":368,"column":26}},"loc":{"start":{"line":368,"column":31},"end":{"line":368,"column":53}},"line":368},"52":{"name":"handleLikeLeave","decl":{"start":{"line":371,"column":11},"end":{"line":371,"column":26}},"loc":{"start":{"line":371,"column":29},"end":{"line":374,"column":3}},"line":371},"53":{"name":"(anonymous_53)","decl":{"start":{"line":373,"column":15},"end":{"line":373,"column":16}},"loc":{"start":{"line":373,"column":21},"end":{"line":373,"column":44}},"line":373},"54":{"name":"selectReaction","decl":{"start":{"line":375,"column":11},"end":{"line":375,"column":25}},"loc":{"start":{"line":375,"column":29},"end":{"line":380,"column":3}},"line":375},"55":{"name":"postComment","decl":{"start":{"line":381,"column":11},"end":{"line":381,"column":22}},"loc":{"start":{"line":381,"column":25},"end":{"line":393,"column":3}},"line":381},"56":{"name":"(anonymous_56)","decl":{"start":{"line":384,"column":21},"end":{"line":384,"column":22}},"loc":{"start":{"line":384,"column":29},"end":{"line":390,"column":15}},"line":384},"57":{"name":"(anonymous_57)","decl":{"start":{"line":403,"column":21},"end":{"line":403,"column":22}},"loc":{"start":{"line":403,"column":27},"end":{"line":403,"column":61}},"line":403},"58":{"name":"(anonymous_58)","decl":{"start":{"line":407,"column":59},"end":{"line":407,"column":60}},"loc":{"start":{"line":407,"column":65},"end":{"line":407,"column":99}},"line":407},"59":{"name":"(anonymous_59)","decl":{"start":{"line":424,"column":23},"end":{"line":424,"column":24}},"loc":{"start":{"line":424,"column":29},"end":{"line":424,"column":90}},"line":424},"60":{"name":"(anonymous_60)","decl":{"start":{"line":430,"column":58},"end":{"line":430,"column":59}},"loc":{"start":{"line":430,"column":64},"end":{"line":430,"column":84}},"line":430},"61":{"name":"(anonymous_61)","decl":{"start":{"line":430,"column":76},"end":{"line":430,"column":77}},"loc":{"start":{"line":430,"column":81},"end":{"line":430,"column":83}},"line":430},"62":{"name":"(anonymous_62)","decl":{"start":{"line":440,"column":22},"end":{"line":440,"column":23}},"loc":{"start":{"line":441,"column":18},"end":{"line":450,"column":24}},"line":441},"63":{"name":"(anonymous_63)","decl":{"start":{"line":443,"column":29},"end":{"line":443,"column":30}},"loc":{"start":{"line":443,"column":35},"end":{"line":448,"column":21}},"line":443},"64":{"name":"(anonymous_64)","decl":{"start":{"line":465,"column":39},"end":{"line":465,"column":40}},"loc":{"start":{"line":466,"column":14},"end":{"line":469,"column":21}},"line":466},"65":{"name":"(anonymous_65)","decl":{"start":{"line":467,"column":25},"end":{"line":467,"column":26}},"loc":{"start":{"line":467,"column":31},"end":{"line":467,"column":82}},"line":467},"66":{"name":"(anonymous_66)","decl":{"start":{"line":476,"column":19},"end":{"line":476,"column":20}},"loc":{"start":{"line":476,"column":25},"end":{"line":476,"column":64}},"line":476},"67":{"name":"(anonymous_67)","decl":{"start":{"line":482,"column":60},"end":{"line":482,"column":61}},"loc":{"start":{"line":482,"column":66},"end":{"line":482,"column":102}},"line":482},"68":{"name":"(anonymous_68)","decl":{"start":{"line":485,"column":36},"end":{"line":485,"column":37}},"loc":{"start":{"line":486,"column":18},"end":{"line":486,"column":117}},"line":486},"69":{"name":"(anonymous_69)","decl":{"start":{"line":518,"column":21},"end":{"line":518,"column":22}},"loc":{"start":{"line":518,"column":27},"end":{"line":518,"column":64}},"line":518},"70":{"name":"(anonymous_70)","decl":{"start":{"line":528,"column":28},"end":{"line":528,"column":29}},"loc":{"start":{"line":528,"column":34},"end":{"line":528,"column":109}},"line":528},"71":{"name":"(anonymous_71)","decl":{"start":{"line":529,"column":28},"end":{"line":529,"column":29}},"loc":{"start":{"line":529,"column":34},"end":{"line":529,"column":57}},"line":529},"72":{"name":"(anonymous_72)","decl":{"start":{"line":530,"column":29},"end":{"line":530,"column":30}},"loc":{"start":{"line":531,"column":16},"end":{"line":537,"column":25}},"line":531},"73":{"name":"(anonymous_73)","decl":{"start":{"line":532,"column":27},"end":{"line":532,"column":28}},"loc":{"start":{"line":532,"column":33},"end":{"line":532,"column":50}},"line":532},"74":{"name":"(anonymous_74)","decl":{"start":{"line":534,"column":32},"end":{"line":534,"column":33}},"loc":{"start":{"line":534,"column":37},"end":{"line":534,"column":83}},"line":534},"75":{"name":"(anonymous_75)","decl":{"start":{"line":535,"column":32},"end":{"line":535,"column":33}},"loc":{"start":{"line":535,"column":37},"end":{"line":535,"column":81}},"line":535},"76":{"name":"(anonymous_76)","decl":{"start":{"line":550,"column":53},"end":{"line":550,"column":54}},"loc":{"start":{"line":550,"column":59},"end":{"line":550,"column":87}},"line":550},"77":{"name":"(anonymous_77)","decl":{"start":{"line":557,"column":53},"end":{"line":557,"column":54}},"loc":{"start":{"line":557,"column":59},"end":{"line":557,"column":84}},"line":557},"78":{"name":"(anonymous_78)","decl":{"start":{"line":577,"column":24},"end":{"line":577,"column":25}},"loc":{"start":{"line":577,"column":29},"end":{"line":577,"column":60}},"line":577},"79":{"name":"(anonymous_79)","decl":{"start":{"line":578,"column":25},"end":{"line":578,"column":26}},"loc":{"start":{"line":578,"column":30},"end":{"line":578,"column":64}},"line":578},"80":{"name":"(anonymous_80)","decl":{"start":{"line":586,"column":41},"end":{"line":586,"column":42}},"loc":{"start":{"line":586,"column":51},"end":{"line":611,"column":11}},"line":586},"81":{"name":"(anonymous_81)","decl":{"start":{"line":604,"column":31},"end":{"line":604,"column":32}},"loc":{"start":{"line":604,"column":37},"end":{"line":604,"column":64}},"line":604},"82":{"name":"(anonymous_82)","decl":{"start":{"line":606,"column":31},"end":{"line":606,"column":32}},"loc":{"start":{"line":606,"column":37},"end":{"line":606,"column":69}},"line":606},"83":{"name":"(anonymous_83)","decl":{"start":{"line":614,"column":23},"end":{"line":614,"column":24}},"loc":{"start":{"line":614,"column":29},"end":{"line":614,"column":65}},"line":614},"84":{"name":"TruncatedText","decl":{"start":{"line":625,"column":9},"end":{"line":625,"column":22}},"loc":{"start":{"line":625,"column":40},"end":{"line":643,"column":1}},"line":625},"85":{"name":"(anonymous_85)","decl":{"start":{"line":632,"column":60},"end":{"line":632,"column":61}},"loc":{"start":{"line":632,"column":66},"end":{"line":632,"column":84}},"line":632},"86":{"name":"(anonymous_86)","decl":{"start":{"line":640,"column":53},"end":{"line":640,"column":54}},"loc":{"start":{"line":640,"column":59},"end":{"line":640,"column":76}},"line":640}},"branchMap":{"0":{"loc":{"start":{"line":14,"column":26},"end":{"line":14,"column":58}},"type":"if","locations":[{"start":{"line":14,"column":26},"end":{"line":14,"column":58}},{"start":{},"end":{}}],"line":14},"1":{"loc":{"start":{"line":16,"column":2},"end":{"line":16,"column":64}},"type":"if","locations":[{"start":{"line":16,"column":2},"end":{"line":16,"column":64}},{"start":{},"end":{}}],"line":16},"2":{"loc":{"start":{"line":17,"column":2},"end":{"line":26,"column":4}},"type":"if","locations":[{"start":{"line":17,"column":2},"end":{"line":26,"column":4}},{"start":{},"end":{}}],"line":17},"3":{"loc":{"start":{"line":28,"column":19},"end":{"line":28,"column":35}},"type":"binary-expr","locations":[{"start":{"line":28,"column":19},"end":{"line":28,"column":29}},{"start":{"line":28,"column":33},"end":{"line":28,"column":35}}],"line":28},"4":{"loc":{"start":{"line":29,"column":19},"end":{"line":35,"column":8}},"type":"cond-expr","locations":[{"start":{"line":30,"column":6},"end":{"line":30,"column":75}},{"start":{"line":31,"column":6},"end":{"line":35,"column":8}}],"line":29},"5":{"loc":{"start":{"line":30,"column":36},"end":{"line":30,"column":52}},"type":"binary-expr","locations":[{"start":{"line":30,"column":36},"end":{"line":30,"column":47}},{"start":{"line":30,"column":51},"end":{"line":30,"column":52}}],"line":30},"6":{"loc":{"start":{"line":30,"column":57},"end":{"line":30,"column":73}},"type":"binary-expr","locations":[{"start":{"line":30,"column":57},"end":{"line":30,"column":68}},{"start":{"line":30,"column":72},"end":{"line":30,"column":73}}],"line":30},"7":{"loc":{"start":{"line":32,"column":19},"end":{"line":32,"column":112}},"type":"cond-expr","locations":[{"start":{"line":32,"column":33},"end":{"line":32,"column":86}},{"start":{"line":32,"column":90},"end":{"line":32,"column":111}}],"line":32},"8":{"loc":{"start":{"line":32,"column":90},"end":{"line":32,"column":111}},"type":"binary-expr","locations":[{"start":{"line":32,"column":90},"end":{"line":32,"column":106}},{"start":{"line":32,"column":110},"end":{"line":32,"column":111}}],"line":32},"9":{"loc":{"start":{"line":33,"column":19},"end":{"line":33,"column":112}},"type":"cond-expr","locations":[{"start":{"line":33,"column":33},"end":{"line":33,"column":86}},{"start":{"line":33,"column":90},"end":{"line":33,"column":111}}],"line":33},"10":{"loc":{"start":{"line":33,"column":90},"end":{"line":33,"column":111}},"type":"binary-expr","locations":[{"start":{"line":33,"column":90},"end":{"line":33,"column":106}},{"start":{"line":33,"column":110},"end":{"line":33,"column":111}}],"line":33},"11":{"loc":{"start":{"line":36,"column":12},"end":{"line":36,"column":29}},"type":"binary-expr","locations":[{"start":{"line":36,"column":12},"end":{"line":36,"column":23}},{"start":{"line":36,"column":27},"end":{"line":36,"column":29}}],"line":36},"12":{"loc":{"start":{"line":52,"column":40},"end":{"line":52,"column":50}},"type":"binary-expr","locations":[{"start":{"line":52,"column":40},"end":{"line":52,"column":44}},{"start":{"line":52,"column":48},"end":{"line":52,"column":50}}],"line":52},"13":{"loc":{"start":{"line":57,"column":31},"end":{"line":57,"column":41}},"type":"binary-expr","locations":[{"start":{"line":57,"column":31},"end":{"line":57,"column":35}},{"start":{"line":57,"column":39},"end":{"line":57,"column":41}}],"line":57},"14":{"loc":{"start":{"line":65,"column":6},"end":{"line":65,"column":71}},"type":"if","locations":[{"start":{"line":65,"column":6},"end":{"line":65,"column":71}},{"start":{"line":65,"column":54},"end":{"line":65,"column":71}}],"line":65},"15":{"loc":{"start":{"line":75,"column":21},"end":{"line":75,"column":32}},"type":"binary-expr","locations":[{"start":{"line":75,"column":21},"end":{"line":75,"column":26}},{"start":{"line":75,"column":30},"end":{"line":75,"column":32}}],"line":75},"16":{"loc":{"start":{"line":76,"column":18},"end":{"line":76,"column":28}},"type":"binary-expr","locations":[{"start":{"line":76,"column":18},"end":{"line":76,"column":22}},{"start":{"line":76,"column":26},"end":{"line":76,"column":28}}],"line":76},"17":{"loc":{"start":{"line":77,"column":18},"end":{"line":77,"column":32}},"type":"binary-expr","locations":[{"start":{"line":77,"column":18},"end":{"line":77,"column":26}},{"start":{"line":77,"column":30},"end":{"line":77,"column":32}}],"line":77},"18":{"loc":{"start":{"line":85,"column":11},"end":{"line":102,"column":11}},"type":"binary-expr","locations":[{"start":{"line":85,"column":11},"end":{"line":85,"column":17}},{"start":{"line":86,"column":12},"end":{"line":101,"column":15}}],"line":85},"19":{"loc":{"start":{"line":87,"column":76},"end":{"line":87,"column":136}},"type":"binary-expr","locations":[{"start":{"line":87,"column":76},"end":{"line":87,"column":91}},{"start":{"line":87,"column":95},"end":{"line":87,"column":136}}],"line":87},"20":{"loc":{"start":{"line":97,"column":61},"end":{"line":97,"column":77}},"type":"binary-expr","locations":[{"start":{"line":97,"column":61},"end":{"line":97,"column":71}},{"start":{"line":97,"column":75},"end":{"line":97,"column":77}}],"line":97},"21":{"loc":{"start":{"line":98,"column":17},"end":{"line":98,"column":117}},"type":"binary-expr","locations":[{"start":{"line":98,"column":17},"end":{"line":98,"column":27}},{"start":{"line":98,"column":31},"end":{"line":98,"column":117}}],"line":98},"22":{"loc":{"start":{"line":118,"column":28},"end":{"line":118,"column":74}},"type":"cond-expr","locations":[{"start":{"line":118,"column":45},"end":{"line":118,"column":58}},{"start":{"line":118,"column":61},"end":{"line":118,"column":74}}],"line":118},"23":{"loc":{"start":{"line":119,"column":23},"end":{"line":119,"column":64}},"type":"cond-expr","locations":[{"start":{"line":119,"column":40},"end":{"line":119,"column":46}},{"start":{"line":119,"column":49},"end":{"line":119,"column":64}}],"line":119},"24":{"loc":{"start":{"line":143,"column":13},"end":{"line":145,"column":13}},"type":"binary-expr","locations":[{"start":{"line":143,"column":14},"end":{"line":143,"column":21}},{"start":{"line":143,"column":25},"end":{"line":143,"column":32}},{"start":{"line":144,"column":14},"end":{"line":144,"column":101}}],"line":143},"25":{"loc":{"start":{"line":144,"column":59},"end":{"line":144,"column":74}},"type":"cond-expr","locations":[{"start":{"line":144,"column":69},"end":{"line":144,"column":70}},{"start":{"line":144,"column":73},"end":{"line":144,"column":74}}],"line":144},"26":{"loc":{"start":{"line":149,"column":9},"end":{"line":154,"column":9}},"type":"binary-expr","locations":[{"start":{"line":149,"column":9},"end":{"line":149,"column":30}},{"start":{"line":150,"column":10},"end":{"line":153,"column":16}}],"line":149},"27":{"loc":{"start":{"line":161,"column":9},"end":{"line":198,"column":9}},"type":"binary-expr","locations":[{"start":{"line":161,"column":9},"end":{"line":161,"column":29}},{"start":{"line":162,"column":10},"end":{"line":197,"column":16}}],"line":161},"28":{"loc":{"start":{"line":177,"column":24},"end":{"line":177,"column":41}},"type":"binary-expr","locations":[{"start":{"line":177,"column":24},"end":{"line":177,"column":35}},{"start":{"line":177,"column":39},"end":{"line":177,"column":41}}],"line":177},"29":{"loc":{"start":{"line":183,"column":58},"end":{"line":183,"column":103}},"type":"cond-expr","locations":[{"start":{"line":183,"column":72},"end":{"line":183,"column":87}},{"start":{"line":183,"column":90},"end":{"line":183,"column":103}}],"line":183},"30":{"loc":{"start":{"line":184,"column":29},"end":{"line":184,"column":74}},"type":"cond-expr","locations":[{"start":{"line":184,"column":43},"end":{"line":184,"column":58}},{"start":{"line":184,"column":61},"end":{"line":184,"column":74}}],"line":184},"31":{"loc":{"start":{"line":187,"column":21},"end":{"line":187,"column":59}},"type":"cond-expr","locations":[{"start":{"line":187,"column":35},"end":{"line":187,"column":46}},{"start":{"line":187,"column":49},"end":{"line":187,"column":59}}],"line":187},"32":{"loc":{"start":{"line":212,"column":4},"end":{"line":212,"column":30}},"type":"if","locations":[{"start":{"line":212,"column":4},"end":{"line":212,"column":30}},{"start":{},"end":{}}],"line":212},"33":{"loc":{"start":{"line":221,"column":78},"end":{"line":221,"column":111}},"type":"binary-expr","locations":[{"start":{"line":221,"column":78},"end":{"line":221,"column":94}},{"start":{"line":221,"column":98},"end":{"line":221,"column":111}}],"line":221},"34":{"loc":{"start":{"line":222,"column":23},"end":{"line":222,"column":40}},"type":"binary-expr","locations":[{"start":{"line":222,"column":23},"end":{"line":222,"column":32}},{"start":{"line":222,"column":36},"end":{"line":222,"column":40}}],"line":222},"35":{"loc":{"start":{"line":224,"column":9},"end":{"line":241,"column":9}},"type":"cond-expr","locations":[{"start":{"line":225,"column":10},"end":{"line":227,"column":19}},{"start":{"line":229,"column":10},"end":{"line":240,"column":12}}],"line":224},"36":{"loc":{"start":{"line":243,"column":7},"end":{"line":274,"column":7}},"type":"binary-expr","locations":[{"start":{"line":243,"column":7},"end":{"line":243,"column":15}},{"start":{"line":244,"column":8},"end":{"line":273,"column":14}}],"line":243},"37":{"loc":{"start":{"line":248,"column":33},"end":{"line":248,"column":124}},"type":"if","locations":[{"start":{"line":248,"column":33},"end":{"line":248,"column":124}},{"start":{"line":248,"column":81},"end":{"line":248,"column":124}}],"line":248},"38":{"loc":{"start":{"line":257,"column":48},"end":{"line":257,"column":102}},"type":"cond-expr","locations":[{"start":{"line":257,"column":75},"end":{"line":257,"column":84}},{"start":{"line":257,"column":87},"end":{"line":257,"column":102}}],"line":257},"39":{"loc":{"start":{"line":263,"column":24},"end":{"line":263,"column":59}},"type":"binary-expr","locations":[{"start":{"line":263,"column":24},"end":{"line":263,"column":37}},{"start":{"line":263,"column":41},"end":{"line":263,"column":59}}],"line":263},"40":{"loc":{"start":{"line":265,"column":28},"end":{"line":265,"column":97}},"type":"cond-expr","locations":[{"start":{"line":265,"column":66},"end":{"line":265,"column":79}},{"start":{"line":265,"column":82},"end":{"line":265,"column":97}}],"line":265},"41":{"loc":{"start":{"line":265,"column":28},"end":{"line":265,"column":63}},"type":"binary-expr","locations":[{"start":{"line":265,"column":28},"end":{"line":265,"column":40}},{"start":{"line":265,"column":44},"end":{"line":265,"column":63}}],"line":265},"42":{"loc":{"start":{"line":266,"column":23},"end":{"line":266,"column":85}},"type":"cond-expr","locations":[{"start":{"line":266,"column":61},"end":{"line":266,"column":67}},{"start":{"line":266,"column":70},"end":{"line":266,"column":85}}],"line":266},"43":{"loc":{"start":{"line":266,"column":23},"end":{"line":266,"column":58}},"type":"binary-expr","locations":[{"start":{"line":266,"column":23},"end":{"line":266,"column":35}},{"start":{"line":266,"column":39},"end":{"line":266,"column":58}}],"line":266},"44":{"loc":{"start":{"line":268,"column":24},"end":{"line":268,"column":87}},"type":"cond-expr","locations":[{"start":{"line":268,"column":62},"end":{"line":268,"column":71}},{"start":{"line":268,"column":74},"end":{"line":268,"column":87}}],"line":268},"45":{"loc":{"start":{"line":268,"column":24},"end":{"line":268,"column":59}},"type":"binary-expr","locations":[{"start":{"line":268,"column":24},"end":{"line":268,"column":36}},{"start":{"line":268,"column":40},"end":{"line":268,"column":59}}],"line":268},"46":{"loc":{"start":{"line":275,"column":7},"end":{"line":289,"column":7}},"type":"binary-expr","locations":[{"start":{"line":275,"column":7},"end":{"line":275,"column":16}},{"start":{"line":276,"column":8},"end":{"line":288,"column":14}}],"line":275},"47":{"loc":{"start":{"line":339,"column":59},"end":{"line":339,"column":99}},"type":"binary-expr","locations":[{"start":{"line":339,"column":59},"end":{"line":339,"column":72}},{"start":{"line":339,"column":76},"end":{"line":339,"column":93}},{"start":{"line":339,"column":97},"end":{"line":339,"column":99}}],"line":339},"48":{"loc":{"start":{"line":341,"column":19},"end":{"line":341,"column":72}},"type":"binary-expr","locations":[{"start":{"line":341,"column":19},"end":{"line":341,"column":32}},{"start":{"line":341,"column":37},"end":{"line":341,"column":48}},{"start":{"line":341,"column":52},"end":{"line":341,"column":66}},{"start":{"line":341,"column":71},"end":{"line":341,"column":72}}],"line":341},"49":{"loc":{"start":{"line":342,"column":21},"end":{"line":342,"column":82}},"type":"binary-expr","locations":[{"start":{"line":342,"column":21},"end":{"line":342,"column":38}},{"start":{"line":342,"column":42},"end":{"line":342,"column":53}},{"start":{"line":342,"column":57},"end":{"line":342,"column":72}},{"start":{"line":342,"column":76},"end":{"line":342,"column":82}}],"line":342},"50":{"loc":{"start":{"line":343,"column":22},"end":{"line":343,"column":92}},"type":"binary-expr","locations":[{"start":{"line":343,"column":22},"end":{"line":343,"column":43}},{"start":{"line":343,"column":47},"end":{"line":343,"column":63}},{"start":{"line":343,"column":67},"end":{"line":343,"column":86}},{"start":{"line":343,"column":90},"end":{"line":343,"column":92}}],"line":343},"51":{"loc":{"start":{"line":344,"column":22},"end":{"line":344,"column":54}},"type":"binary-expr","locations":[{"start":{"line":344,"column":22},"end":{"line":344,"column":46}},{"start":{"line":344,"column":50},"end":{"line":344,"column":54}}],"line":344},"52":{"loc":{"start":{"line":346,"column":25},"end":{"line":347,"column":83}},"type":"binary-expr","locations":[{"start":{"line":346,"column":25},"end":{"line":346,"column":39}},{"start":{"line":346,"column":43},"end":{"line":346,"column":62}},{"start":{"line":347,"column":5},"end":{"line":347,"column":82}}],"line":346},"53":{"loc":{"start":{"line":347,"column":5},"end":{"line":347,"column":82}},"type":"cond-expr","locations":[{"start":{"line":347,"column":22},"end":{"line":347,"column":78}},{"start":{"line":347,"column":81},"end":{"line":347,"column":82}}],"line":347},"54":{"loc":{"start":{"line":348,"column":23},"end":{"line":348,"column":130}},"type":"binary-expr","locations":[{"start":{"line":348,"column":23},"end":{"line":348,"column":40}},{"start":{"line":348,"column":45},"end":{"line":348,"column":129}}],"line":348},"55":{"loc":{"start":{"line":348,"column":45},"end":{"line":348,"column":129}},"type":"cond-expr","locations":[{"start":{"line":348,"column":81},"end":{"line":348,"column":94}},{"start":{"line":348,"column":98},"end":{"line":348,"column":128}}],"line":348},"56":{"loc":{"start":{"line":348,"column":98},"end":{"line":348,"column":128}},"type":"binary-expr","locations":[{"start":{"line":348,"column":98},"end":{"line":348,"column":123}},{"start":{"line":348,"column":127},"end":{"line":348,"column":128}}],"line":348},"57":{"loc":{"start":{"line":349,"column":22},"end":{"line":349,"column":59}},"type":"binary-expr","locations":[{"start":{"line":349,"column":22},"end":{"line":349,"column":38}},{"start":{"line":349,"column":42},"end":{"line":349,"column":54}},{"start":{"line":349,"column":58},"end":{"line":349,"column":59}}],"line":349},"58":{"loc":{"start":{"line":353,"column":25},"end":{"line":353,"column":159}},"type":"cond-expr","locations":[{"start":{"line":353,"column":42},"end":{"line":353,"column":154}},{"start":{"line":353,"column":157},"end":{"line":353,"column":159}}],"line":353},"59":{"loc":{"start":{"line":353,"column":126},"end":{"line":353,"column":153}},"type":"binary-expr","locations":[{"start":{"line":353,"column":126},"end":{"line":353,"column":145}},{"start":{"line":353,"column":149},"end":{"line":353,"column":153}}],"line":353},"60":{"loc":{"start":{"line":355,"column":24},"end":{"line":355,"column":67}},"type":"binary-expr","locations":[{"start":{"line":355,"column":24},"end":{"line":355,"column":37}},{"start":{"line":355,"column":42},"end":{"line":355,"column":66}}],"line":355},"61":{"loc":{"start":{"line":355,"column":42},"end":{"line":355,"column":66}},"type":"cond-expr","locations":[{"start":{"line":355,"column":50},"end":{"line":355,"column":57}},{"start":{"line":355,"column":60},"end":{"line":355,"column":66}}],"line":355},"62":{"loc":{"start":{"line":356,"column":28},"end":{"line":356,"column":72}},"type":"binary-expr","locations":[{"start":{"line":356,"column":28},"end":{"line":356,"column":37}},{"start":{"line":356,"column":41},"end":{"line":356,"column":72}}],"line":356},"63":{"loc":{"start":{"line":372,"column":4},"end":{"line":372,"column":51}},"type":"if","locations":[{"start":{"line":372,"column":4},"end":{"line":372,"column":51}},{"start":{},"end":{}}],"line":372},"64":{"loc":{"start":{"line":382,"column":4},"end":{"line":382,"column":37}},"type":"if","locations":[{"start":{"line":382,"column":4},"end":{"line":382,"column":37}},{"start":{},"end":{}}],"line":382},"65":{"loc":{"start":{"line":383,"column":14},"end":{"line":383,"column":31}},"type":"binary-expr","locations":[{"start":{"line":383,"column":14},"end":{"line":383,"column":25}},{"start":{"line":383,"column":29},"end":{"line":383,"column":31}}],"line":383},"66":{"loc":{"start":{"line":385,"column":14},"end":{"line":385,"column":29}},"type":"binary-expr","locations":[{"start":{"line":385,"column":14},"end":{"line":385,"column":20}},{"start":{"line":385,"column":24},"end":{"line":385,"column":29}}],"line":385},"67":{"loc":{"start":{"line":395,"column":18},"end":{"line":395,"column":36}},"type":"binary-expr","locations":[{"start":{"line":395,"column":18},"end":{"line":395,"column":30}},{"start":{"line":395,"column":34},"end":{"line":395,"column":36}}],"line":395},"68":{"loc":{"start":{"line":402,"column":70},"end":{"line":402,"column":98}},"type":"binary-expr","locations":[{"start":{"line":402,"column":70},"end":{"line":402,"column":81}},{"start":{"line":402,"column":85},"end":{"line":402,"column":98}}],"line":402},"69":{"loc":{"start":{"line":411,"column":13},"end":{"line":411,"column":89}},"type":"binary-expr","locations":[{"start":{"line":411,"column":13},"end":{"line":411,"column":24}},{"start":{"line":411,"column":28},"end":{"line":411,"column":89}}],"line":411},"70":{"loc":{"start":{"line":413,"column":63},"end":{"line":413,"column":95}},"type":"binary-expr","locations":[{"start":{"line":413,"column":63},"end":{"line":413,"column":77}},{"start":{"line":413,"column":81},"end":{"line":413,"column":95}}],"line":413},"71":{"loc":{"start":{"line":422,"column":11},"end":{"line":428,"column":11}},"type":"binary-expr","locations":[{"start":{"line":422,"column":11},"end":{"line":422,"column":29}},{"start":{"line":423,"column":12},"end":{"line":427,"column":21}}],"line":422},"72":{"loc":{"start":{"line":435,"column":13},"end":{"line":453,"column":13}},"type":"binary-expr","locations":[{"start":{"line":435,"column":13},"end":{"line":435,"column":21}},{"start":{"line":436,"column":14},"end":{"line":452,"column":20}}],"line":435},"73":{"loc":{"start":{"line":438,"column":22},"end":{"line":438,"column":138}},"type":"cond-expr","locations":[{"start":{"line":438,"column":118},"end":{"line":438,"column":133}},{"start":{"line":438,"column":136},"end":{"line":438,"column":138}}],"line":438},"74":{"loc":{"start":{"line":438,"column":22},"end":{"line":438,"column":115}},"type":"binary-expr","locations":[{"start":{"line":438,"column":22},"end":{"line":438,"column":33}},{"start":{"line":438,"column":38},"end":{"line":438,"column":70}},{"start":{"line":438,"column":74},"end":{"line":438,"column":114}}],"line":438},"75":{"loc":{"start":{"line":442,"column":27},"end":{"line":442,"column":81}},"type":"cond-expr","locations":[{"start":{"line":442,"column":53},"end":{"line":442,"column":76}},{"start":{"line":442,"column":79},"end":{"line":442,"column":81}}],"line":442},"76":{"loc":{"start":{"line":445,"column":22},"end":{"line":447,"column":44}},"type":"if","locations":[{"start":{"line":445,"column":22},"end":{"line":447,"column":44}},{"start":{"line":446,"column":27},"end":{"line":447,"column":44}}],"line":445},"77":{"loc":{"start":{"line":445,"column":53},"end":{"line":445,"column":82}},"type":"binary-expr","locations":[{"start":{"line":445,"column":53},"end":{"line":445,"column":61}},{"start":{"line":445,"column":65},"end":{"line":445,"column":82}}],"line":445},"78":{"loc":{"start":{"line":446,"column":27},"end":{"line":447,"column":44}},"type":"if","locations":[{"start":{"line":446,"column":27},"end":{"line":447,"column":44}},{"start":{"line":447,"column":27},"end":{"line":447,"column":44}}],"line":446},"79":{"loc":{"start":{"line":461,"column":11},"end":{"line":461,"column":88}},"type":"cond-expr","locations":[{"start":{"line":461,"column":34},"end":{"line":461,"column":78}},{"start":{"line":461,"column":81},"end":{"line":461,"column":88}}],"line":461},"80":{"loc":{"start":{"line":463,"column":9},"end":{"line":472,"column":9}},"type":"binary-expr","locations":[{"start":{"line":463,"column":9},"end":{"line":463,"column":37}},{"start":{"line":464,"column":10},"end":{"line":471,"column":16}}],"line":463},"81":{"loc":{"start":{"line":463,"column":10},"end":{"line":463,"column":25}},"type":"binary-expr","locations":[{"start":{"line":463,"column":10},"end":{"line":463,"column":19}},{"start":{"line":463,"column":23},"end":{"line":463,"column":25}}],"line":463},"82":{"loc":{"start":{"line":474,"column":7},"end":{"line":477,"column":7}},"type":"binary-expr","locations":[{"start":{"line":474,"column":7},"end":{"line":474,"column":17}},{"start":{"line":475,"column":8},"end":{"line":476,"column":68}}],"line":474},"83":{"loc":{"start":{"line":480,"column":7},"end":{"line":507,"column":7}},"type":"binary-expr","locations":[{"start":{"line":480,"column":8},"end":{"line":480,"column":26}},{"start":{"line":480,"column":30},"end":{"line":480,"column":46}},{"start":{"line":480,"column":50},"end":{"line":480,"column":65}},{"start":{"line":481,"column":8},"end":{"line":506,"column":14}}],"line":480},"84":{"loc":{"start":{"line":483,"column":13},"end":{"line":489,"column":13}},"type":"binary-expr","locations":[{"start":{"line":483,"column":13},"end":{"line":483,"column":38}},{"start":{"line":484,"column":14},"end":{"line":488,"column":21}}],"line":483},"85":{"loc":{"start":{"line":486,"column":89},"end":{"line":486,"column":103}},"type":"cond-expr","locations":[{"start":{"line":486,"column":97},"end":{"line":486,"column":99}},{"start":{"line":486,"column":102},"end":{"line":486,"column":103}}],"line":486},"86":{"loc":{"start":{"line":490,"column":13},"end":{"line":494,"column":13}},"type":"binary-expr","locations":[{"start":{"line":490,"column":14},"end":{"line":490,"column":32}},{"start":{"line":490,"column":36},"end":{"line":490,"column":41}},{"start":{"line":491,"column":14},"end":{"line":493,"column":21}}],"line":490},"87":{"loc":{"start":{"line":492,"column":17},"end":{"line":492,"column":139}},"type":"cond-expr","locations":[{"start":{"line":492,"column":26},"end":{"line":492,"column":107}},{"start":{"line":492,"column":111},"end":{"line":492,"column":139}}],"line":492},"88":{"loc":{"start":{"line":492,"column":26},"end":{"line":492,"column":107}},"type":"cond-expr","locations":[{"start":{"line":492,"column":47},"end":{"line":492,"column":99}},{"start":{"line":492,"column":102},"end":{"line":492,"column":107}}],"line":492},"89":{"loc":{"start":{"line":497,"column":13},"end":{"line":501,"column":13}},"type":"binary-expr","locations":[{"start":{"line":497,"column":13},"end":{"line":497,"column":29}},{"start":{"line":498,"column":14},"end":{"line":500,"column":21}}],"line":497},"90":{"loc":{"start":{"line":499,"column":53},"end":{"line":499,"column":82}},"type":"cond-expr","locations":[{"start":{"line":499,"column":74},"end":{"line":499,"column":77}},{"start":{"line":499,"column":80},"end":{"line":499,"column":82}}],"line":499},"91":{"loc":{"start":{"line":502,"column":13},"end":{"line":504,"column":13}},"type":"binary-expr","locations":[{"start":{"line":502,"column":13},"end":{"line":502,"column":28}},{"start":{"line":503,"column":14},"end":{"line":503,"column":111}}],"line":502},"92":{"loc":{"start":{"line":514,"column":41},"end":{"line":514,"column":62}},"type":"cond-expr","locations":[{"start":{"line":514,"column":49},"end":{"line":514,"column":57}},{"start":{"line":514,"column":60},"end":{"line":514,"column":62}}],"line":514},"93":{"loc":{"start":{"line":520,"column":66},"end":{"line":520,"column":96}},"type":"cond-expr","locations":[{"start":{"line":520,"column":74},"end":{"line":520,"column":87}},{"start":{"line":520,"column":90},"end":{"line":520,"column":96}}],"line":520},"94":{"loc":{"start":{"line":520,"column":106},"end":{"line":520,"column":144}},"type":"cond-expr","locations":[{"start":{"line":520,"column":114},"end":{"line":520,"column":127}},{"start":{"line":520,"column":130},"end":{"line":520,"column":144}}],"line":520},"95":{"loc":{"start":{"line":525,"column":11},"end":{"line":540,"column":11}},"type":"binary-expr","locations":[{"start":{"line":525,"column":11},"end":{"line":525,"column":24}},{"start":{"line":526,"column":12},"end":{"line":539,"column":18}}],"line":525},"96":{"loc":{"start":{"line":528,"column":36},"end":{"line":528,"column":83}},"type":"if","locations":[{"start":{"line":528,"column":36},"end":{"line":528,"column":83}},{"start":{},"end":{}}],"line":528},"97":{"loc":{"start":{"line":536,"column":19},"end":{"line":536,"column":36}},"type":"binary-expr","locations":[{"start":{"line":536,"column":19},"end":{"line":536,"column":26}},{"start":{"line":536,"column":30},"end":{"line":536,"column":36}}],"line":536},"98":{"loc":{"start":{"line":566,"column":7},"end":{"line":619,"column":7}},"type":"binary-expr","locations":[{"start":{"line":566,"column":7},"end":{"line":566,"column":19}},{"start":{"line":567,"column":8},"end":{"line":618,"column":14}}],"line":566},"99":{"loc":{"start":{"line":570,"column":68},"end":{"line":570,"column":116}},"type":"binary-expr","locations":[{"start":{"line":570,"column":68},"end":{"line":570,"column":99}},{"start":{"line":570,"column":103},"end":{"line":570,"column":116}}],"line":570},"100":{"loc":{"start":{"line":570,"column":69},"end":{"line":570,"column":86}},"type":"binary-expr","locations":[{"start":{"line":570,"column":69},"end":{"line":570,"column":80}},{"start":{"line":570,"column":84},"end":{"line":570,"column":86}}],"line":570},"101":{"loc":{"start":{"line":571,"column":27},"end":{"line":571,"column":59}},"type":"binary-expr","locations":[{"start":{"line":571,"column":27},"end":{"line":571,"column":51}},{"start":{"line":571,"column":55},"end":{"line":571,"column":59}}],"line":571},"102":{"loc":{"start":{"line":571,"column":28},"end":{"line":571,"column":45}},"type":"binary-expr","locations":[{"start":{"line":571,"column":28},"end":{"line":571,"column":39}},{"start":{"line":571,"column":43},"end":{"line":571,"column":45}}],"line":571},"103":{"loc":{"start":{"line":578,"column":30},"end":{"line":578,"column":64}},"type":"binary-expr","locations":[{"start":{"line":578,"column":30},"end":{"line":578,"column":47}},{"start":{"line":578,"column":51},"end":{"line":578,"column":64}}],"line":578},"104":{"loc":{"start":{"line":580,"column":13},"end":{"line":582,"column":13}},"type":"binary-expr","locations":[{"start":{"line":580,"column":13},"end":{"line":580,"column":32}},{"start":{"line":581,"column":14},"end":{"line":581,"column":147}}],"line":580},"105":{"loc":{"start":{"line":587,"column":26},"end":{"line":587,"column":78}},"type":"binary-expr","locations":[{"start":{"line":587,"column":26},"end":{"line":587,"column":40}},{"start":{"line":587,"column":44},"end":{"line":587,"column":56}},{"start":{"line":587,"column":60},"end":{"line":587,"column":68}},{"start":{"line":587,"column":72},"end":{"line":587,"column":78}}],"line":587},"106":{"loc":{"start":{"line":588,"column":26},"end":{"line":588,"column":51}},"type":"binary-expr","locations":[{"start":{"line":588,"column":26},"end":{"line":588,"column":32}},{"start":{"line":588,"column":36},"end":{"line":588,"column":45}},{"start":{"line":588,"column":49},"end":{"line":588,"column":51}}],"line":588},"107":{"loc":{"start":{"line":589,"column":30},"end":{"line":589,"column":74}},"type":"binary-expr","locations":[{"start":{"line":589,"column":30},"end":{"line":589,"column":48}},{"start":{"line":589,"column":52},"end":{"line":589,"column":68}},{"start":{"line":589,"column":72},"end":{"line":589,"column":74}}],"line":589},"108":{"loc":{"start":{"line":598,"column":21},"end":{"line":598,"column":89}},"type":"binary-expr","locations":[{"start":{"line":598,"column":21},"end":{"line":598,"column":30}},{"start":{"line":598,"column":34},"end":{"line":598,"column":89}}],"line":598},"109":{"loc":{"start":{"line":602,"column":21},"end":{"line":602,"column":171}},"type":"binary-expr","locations":[{"start":{"line":602,"column":21},"end":{"line":602,"column":32}},{"start":{"line":602,"column":36},"end":{"line":602,"column":171}}],"line":602},"110":{"loc":{"start":{"line":602,"column":92},"end":{"line":602,"column":163}},"type":"cond-expr","locations":[{"start":{"line":602,"column":126},"end":{"line":602,"column":137}},{"start":{"line":602,"column":140},"end":{"line":602,"column":163}}],"line":602},"111":{"loc":{"start":{"line":612,"column":11},"end":{"line":617,"column":11}},"type":"binary-expr","locations":[{"start":{"line":612,"column":11},"end":{"line":612,"column":27}},{"start":{"line":613,"column":12},"end":{"line":616,"column":21}}],"line":612},"112":{"loc":{"start":{"line":627,"column":2},"end":{"line":636,"column":3}},"type":"if","locations":[{"start":{"line":627,"column":2},"end":{"line":636,"column":3}},{"start":{},"end":{}}],"line":627},"113":{"loc":{"start":{"line":627,"column":6},"end":{"line":627,"column":38}},"type":"binary-expr","locations":[{"start":{"line":627,"column":6},"end":{"line":627,"column":26}},{"start":{"line":627,"column":30},"end":{"line":627,"column":38}}],"line":627},"114":{"loc":{"start":{"line":631,"column":9},"end":{"line":633,"column":9}},"type":"binary-expr","locations":[{"start":{"line":631,"column":9},"end":{"line":631,"column":17}},{"start":{"line":631,"column":21},"end":{"line":631,"column":40}},{"start":{"line":632,"column":10},"end":{"line":632,"column":106}}],"line":631}},"s":{"0":43,"1":43,"2":43,"3":43,"4":43,"5":43,"6":43,"7":43,"8":43,"9":17,"10":15,"11":43,"12":1,"13":42,"14":1,"15":41,"16":41,"17":4,"18":9,"19":0,"20":9,"21":0,"22":9,"23":41,"24":4,"25":4,"26":4,"27":4,"28":4,"29":2,"30":2,"31":2,"32":2,"33":2,"34":5,"35":5,"36":5,"37":1,"38":4,"39":5,"40":41,"41":41,"42":41,"43":41,"44":41,"45":0,"46":0,"47":82,"48":1,"49":26,"50":1,"51":5,"52":1,"53":1,"54":1,"55":43,"56":43,"57":0,"58":0,"59":1,"60":1,"61":0,"62":20,"63":20,"64":20,"65":1,"66":0,"67":1,"68":1,"69":1,"70":20,"71":6,"72":2,"73":36,"74":2,"75":1,"76":1,"77":0,"78":0,"79":1,"80":1,"81":0,"82":1,"83":1,"84":44,"85":3,"86":1,"87":1,"88":45,"89":45,"90":45,"91":45,"92":45,"93":45,"94":45,"95":45,"96":45,"97":45,"98":45,"99":2,"100":45,"101":45,"102":45,"103":45,"104":45,"105":1,"106":2,"107":45,"108":45,"109":45,"110":3,"111":3,"112":3,"113":2,"114":1,"115":2,"116":2,"117":1,"118":1,"119":1,"120":1,"121":4,"122":2,"123":2,"124":2,"125":2,"126":2,"127":2,"128":45,"129":45,"130":1,"131":0,"132":1,"133":1,"134":5,"135":5,"136":24,"137":3,"138":3,"139":1,"140":1,"141":2,"142":1,"143":1,"144":3,"145":1,"146":1,"147":1,"148":2,"149":0,"150":0,"151":0,"152":0,"153":0,"154":0,"155":18,"156":1,"157":0,"158":0,"159":1,"160":1,"161":3,"162":3,"163":7,"164":7,"165":7,"166":7,"167":1,"168":1,"169":1,"170":9,"171":9,"172":4,"173":1,"174":5,"175":2},"f":{"0":43,"1":17,"2":4,"3":9,"4":0,"5":0,"6":4,"7":4,"8":2,"9":2,"10":2,"11":2,"12":5,"13":5,"14":0,"15":0,"16":82,"17":1,"18":26,"19":1,"20":5,"21":1,"22":1,"23":1,"24":43,"25":0,"26":0,"27":1,"28":0,"29":20,"30":1,"31":6,"32":2,"33":36,"34":2,"35":0,"36":0,"37":1,"38":1,"39":0,"40":1,"41":1,"42":44,"43":3,"44":1,"45":1,"46":45,"47":2,"48":1,"49":2,"50":3,"51":3,"52":2,"53":2,"54":1,"55":4,"56":2,"57":1,"58":0,"59":1,"60":5,"61":5,"62":24,"63":3,"64":3,"65":1,"66":1,"67":1,"68":2,"69":0,"70":0,"71":0,"72":18,"73":1,"74":0,"75":0,"76":1,"77":1,"78":3,"79":3,"80":7,"81":1,"82":1,"83":1,"84":9,"85":1,"86":2},"b":{"0":[15,2],"1":[1,42],"2":[1,41],"3":[41,15],"4":[5,36],"5":[4,0],"6":[4,0],"7":[0,9],"8":[9,5],"9":[0,9],"10":[9,5],"11":[41,0],"12":[4,0],"13":[2,0],"14":[1,4],"15":[41,0],"16":[41,0],"17":[41,0],"18":[41,41],"19":[41,41],"20":[41,0],"21":[41,0],"22":[41,41],"23":[41,41],"24":[26,19,7],"25":[7,0],"26":[41,25],"27":[41,27],"28":[43,39],"29":[0,43],"30":[0,43],"31":[0,43],"32":[0,1],"33":[20,20],"34":[20,0],"35":[11,9],"36":[20,9],"37":[1,1],"38":[0,9],"39":[9,1],"40":[1,8],"41":[9,1],"42":[1,8],"43":[9,1],"44":[1,8],"45":[9,1],"46":[20,11],"47":[45,0,0],"48":[45,30,0,30],"49":[45,45,43,43],"50":[45,45,45,45],"51":[45,45],"52":[45,45,43],"53":[1,42],"54":[45,44],"55":[0,44],"56":[44,44],"57":[45,44,44],"58":[1,44],"59":[2,0],"60":[45,44],"61":[0,44],"62":[45,45],"63":[1,1],"64":[2,2],"65":[2,0],"66":[2,1],"67":[45,0],"68":[45,45],"69":[45,0],"70":[45,45],"71":[45,45],"72":[45,5],"73":[4,1],"74":[5,5,1],"75":[4,20],"76":[1,2],"77":[1,1],"78":[1,1],"79":[0,45],"80":[45,2],"81":[45,43],"82":[45,1],"83":[45,42,41,4],"84":[4,1],"85":[1,1],"86":[4,1,3],"87":[0,3],"88":[0,0],"89":[4,1],"90":[1,0],"91":[4,1],"92":[0,45],"93":[0,45],"94":[0,45],"95":[45,3],"96":[0,0],"97":[18,0],"98":[45,12],"99":[12,12],"100":[12,0],"101":[12,3],"102":[12,0],"103":[3,3],"104":[12,2],"105":[7,2,2,0],"106":[7,0,0],"107":[7,5,4],"108":[7,3],"109":[7,7],"110":[7,0],"111":[12,1],"112":[4,5],"113":[9,7],"114":[4,2,2]},"_coverageSchema":"1a1c01bbd47fc00a2c39e90264f33305004495a9","hash":"51c7c8255cfa2751bbdceaaf86764dc07c1cc8c5"}
,"C:\\Users\\dhyan\\OneDrive\\Desktop\\AI - 485\\linkedin-redesign\\babel.config.js": {"path":"C:\\Users\\dhyan\\OneDrive\\Desktop\\AI - 485\\linkedin-redesign\\babel.config.js","statementMap":{"0":{"start":{"line":1,"column":0},"end":{"line":6,"column":2}}},"fnMap":{},"branchMap":{},"s":{"0":1},"f":{},"b":{},"_coverageSchema":"1a1c01bbd47fc00a2c39e90264f33305004495a9","hash":"ed9c23be7007330190c5a1a3b5785649fef0cf5c"}
}
