TN:
SF:FeedPage.js
FN:4,FeedPage
FN:14,(anonymous_1)
FN:30,(anonymous_2)
FN:31,(anonymous_3)
FN:32,(anonymous_4)
FN:33,(anonymous_5)
FN:38,handleNewPost
FN:52,(anonymous_7)
FN:55,(anonymous_8)
FN:56,(anonymous_9)
FN:57,(anonymous_10)
FN:57,(anonymous_11)
FN:62,toggleCommentsFor
FN:63,(anonymous_13)
FN:88,(anonymous_14)
FN:93,(anonymous_15)
FN:115,(anonymous_16)
FN:116,(anonymous_17)
FN:127,(anonymous_18)
FN:132,(anonymous_19)
FN:134,(anonymous_20)
FN:140,(anonymous_21)
FN:140,(anonymous_22)
FN:140,(anonymous_23)
FN:164,(anonymous_24)
FN:168,(anonymous_25)
FN:173,(anonymous_26)
FN:181,(anonymous_27)
FN:193,(anonymous_28)
FN:206,PostCreator
FN:211,submit
FN:225,(anonymous_31)
FN:232,(anonymous_32)
FN:246,(anonymous_33)
FN:248,(anonymous_34)
FN:250,(anonymous_35)
FN:251,(anonymous_36)
FN:260,(anonymous_37)
FN:278,(anonymous_38)
FN:279,(anonymous_39)
FN:280,(anonymous_40)
FN:281,(anonymous_41)
FN:282,(anonymous_42)
FN:295,SponsoredPost
FN:307,(anonymous_44)
FN:323,(anonymous_45)
FN:333,FeedPost
FN:347,(anonymous_47)
FN:353,(anonymous_48)
FN:353,(anonymous_49)
FN:367,handleLikeHover
FN:368,(anonymous_51)
FN:371,handleLikeLeave
FN:373,(anonymous_53)
FN:375,selectReaction
FN:381,postComment
FN:384,(anonymous_56)
FN:403,(anonymous_57)
FN:407,(anonymous_58)
FN:424,(anonymous_59)
FN:430,(anonymous_60)
FN:430,(anonymous_61)
FN:440,(anonymous_62)
FN:443,(anonymous_63)
FN:465,(anonymous_64)
FN:467,(anonymous_65)
FN:476,(anonymous_66)
FN:482,(anonymous_67)
FN:485,(anonymous_68)
FN:518,(anonymous_69)
FN:528,(anonymous_70)
FN:529,(anonymous_71)
FN:530,(anonymous_72)
FN:532,(anonymous_73)
FN:534,(anonymous_74)
FN:535,(anonymous_75)
FN:550,(anonymous_76)
FN:557,(anonymous_77)
FN:577,(anonymous_78)
FN:578,(anonymous_79)
FN:586,(anonymous_80)
FN:604,(anonymous_81)
FN:606,(anonymous_82)
FN:614,(anonymous_83)
FN:625,TruncatedText
FN:632,(anonymous_85)
FN:640,(anonymous_86)
FNF:87
FNH:71
FNDA:43,FeedPage
FNDA:17,(anonymous_1)
FNDA:4,(anonymous_2)
FNDA:9,(anonymous_3)
FNDA:0,(anonymous_4)
FNDA:0,(anonymous_5)
FNDA:4,handleNewPost
FNDA:4,(anonymous_7)
FNDA:2,(anonymous_8)
FNDA:2,(anonymous_9)
FNDA:2,(anonymous_10)
FNDA:2,(anonymous_11)
FNDA:5,toggleCommentsFor
FNDA:5,(anonymous_13)
FNDA:0,(anonymous_14)
FNDA:0,(anonymous_15)
FNDA:82,(anonymous_16)
FNDA:1,(anonymous_17)
FNDA:26,(anonymous_18)
FNDA:1,(anonymous_19)
FNDA:5,(anonymous_20)
FNDA:1,(anonymous_21)
FNDA:1,(anonymous_22)
FNDA:1,(anonymous_23)
FNDA:43,(anonymous_24)
FNDA:0,(anonymous_25)
FNDA:0,(anonymous_26)
FNDA:1,(anonymous_27)
FNDA:0,(anonymous_28)
FNDA:20,PostCreator
FNDA:1,submit
FNDA:6,(anonymous_31)
FNDA:2,(anonymous_32)
FNDA:36,(anonymous_33)
FNDA:2,(anonymous_34)
FNDA:0,(anonymous_35)
FNDA:0,(anonymous_36)
FNDA:1,(anonymous_37)
FNDA:1,(anonymous_38)
FNDA:0,(anonymous_39)
FNDA:1,(anonymous_40)
FNDA:1,(anonymous_41)
FNDA:44,(anonymous_42)
FNDA:3,SponsoredPost
FNDA:1,(anonymous_44)
FNDA:1,(anonymous_45)
FNDA:45,FeedPost
FNDA:2,(anonymous_47)
FNDA:1,(anonymous_48)
FNDA:2,(anonymous_49)
FNDA:3,handleLikeHover
FNDA:3,(anonymous_51)
FNDA:2,handleLikeLeave
FNDA:2,(anonymous_53)
FNDA:1,selectReaction
FNDA:4,postComment
FNDA:2,(anonymous_56)
FNDA:1,(anonymous_57)
FNDA:0,(anonymous_58)
FNDA:1,(anonymous_59)
FNDA:5,(anonymous_60)
FNDA:5,(anonymous_61)
FNDA:24,(anonymous_62)
FNDA:3,(anonymous_63)
FNDA:3,(anonymous_64)
FNDA:1,(anonymous_65)
FNDA:1,(anonymous_66)
FNDA:1,(anonymous_67)
FNDA:2,(anonymous_68)
FNDA:0,(anonymous_69)
FNDA:0,(anonymous_70)
FNDA:0,(anonymous_71)
FNDA:18,(anonymous_72)
FNDA:1,(anonymous_73)
FNDA:0,(anonymous_74)
FNDA:0,(anonymous_75)
FNDA:1,(anonymous_76)
FNDA:1,(anonymous_77)
FNDA:3,(anonymous_78)
FNDA:3,(anonymous_79)
FNDA:7,(anonymous_80)
FNDA:1,(anonymous_81)
FNDA:1,(anonymous_82)
FNDA:1,(anonymous_83)
FNDA:9,TruncatedText
FNDA:1,(anonymous_85)
FNDA:2,(anonymous_86)
DA:5,43
DA:6,43
DA:7,43
DA:8,43
DA:9,43
DA:10,43
DA:11,43
DA:12,43
DA:14,43
DA:16,43
DA:17,42
DA:28,41
DA:29,41
DA:30,4
DA:32,9
DA:33,9
DA:34,9
DA:36,41
DA:39,4
DA:52,4
DA:53,4
DA:54,4
DA:55,2
DA:57,2
DA:58,2
DA:63,5
DA:64,5
DA:65,5
DA:66,5
DA:70,41
DA:75,41
DA:76,41
DA:77,41
DA:79,41
DA:88,0
DA:93,0
DA:116,82
DA:128,26
DA:132,1
DA:134,5
DA:140,1
DA:165,43
DA:166,43
DA:168,0
DA:173,0
DA:181,1
DA:193,0
DA:207,20
DA:208,20
DA:209,20
DA:212,1
DA:213,1
DA:214,1
DA:215,1
DA:218,20
DA:225,6
DA:232,2
DA:247,36
DA:248,2
DA:250,0
DA:251,0
DA:260,1
DA:278,1
DA:279,0
DA:280,1
DA:281,1
DA:283,44
DA:296,3
DA:307,1
DA:323,1
DA:334,45
DA:335,45
DA:336,45
DA:337,45
DA:338,45
DA:339,45
DA:341,45
DA:342,45
DA:343,45
DA:344,45
DA:346,45
DA:347,2
DA:348,45
DA:349,45
DA:351,45
DA:352,45
DA:353,45
DA:355,45
DA:356,45
DA:358,45
DA:368,3
DA:369,3
DA:372,2
DA:373,2
DA:376,1
DA:377,1
DA:378,1
DA:379,1
DA:382,4
DA:383,2
DA:384,2
DA:391,2
DA:392,2
DA:395,45
DA:397,45
DA:403,1
DA:407,0
DA:424,1
DA:430,5
DA:441,24
DA:444,3
DA:445,3
DA:446,2
DA:447,1
DA:466,3
DA:467,1
DA:476,1
DA:482,1
DA:486,2
DA:518,0
DA:528,0
DA:529,0
DA:531,18
DA:532,1
DA:534,0
DA:535,0
DA:550,1
DA:557,1
DA:577,3
DA:578,3
DA:587,7
DA:588,7
DA:589,7
DA:590,7
DA:604,1
DA:606,1
DA:614,1
DA:626,9
DA:627,9
DA:628,4
DA:632,1
DA:637,5
DA:640,2
LF:143
LH:129
BRDA:14,0,0,15
BRDA:14,0,1,2
BRDA:16,1,0,1
BRDA:16,1,1,42
BRDA:17,2,0,1
BRDA:17,2,1,41
BRDA:28,3,0,41
BRDA:28,3,1,15
BRDA:29,4,0,5
BRDA:29,4,1,36
BRDA:30,5,0,4
BRDA:30,5,1,0
BRDA:30,6,0,4
BRDA:30,6,1,0
BRDA:32,7,0,0
BRDA:32,7,1,9
BRDA:32,8,0,9
BRDA:32,8,1,5
BRDA:33,9,0,0
BRDA:33,9,1,9
BRDA:33,10,0,9
BRDA:33,10,1,5
BRDA:36,11,0,41
BRDA:36,11,1,0
BRDA:52,12,0,4
BRDA:52,12,1,0
BRDA:57,13,0,2
BRDA:57,13,1,0
BRDA:65,14,0,1
BRDA:65,14,1,4
BRDA:75,15,0,41
BRDA:75,15,1,0
BRDA:76,16,0,41
BRDA:76,16,1,0
BRDA:77,17,0,41
BRDA:77,17,1,0
BRDA:85,18,0,41
BRDA:85,18,1,41
BRDA:87,19,0,41
BRDA:87,19,1,41
BRDA:97,20,0,41
BRDA:97,20,1,0
BRDA:98,21,0,41
BRDA:98,21,1,0
BRDA:118,22,0,41
BRDA:118,22,1,41
BRDA:119,23,0,41
BRDA:119,23,1,41
BRDA:143,24,0,26
BRDA:143,24,1,19
BRDA:143,24,2,7
BRDA:144,25,0,7
BRDA:144,25,1,0
BRDA:149,26,0,41
BRDA:149,26,1,25
BRDA:161,27,0,41
BRDA:161,27,1,27
BRDA:177,28,0,43
BRDA:177,28,1,39
BRDA:183,29,0,0
BRDA:183,29,1,43
BRDA:184,30,0,0
BRDA:184,30,1,43
BRDA:187,31,0,0
BRDA:187,31,1,43
BRDA:212,32,0,0
BRDA:212,32,1,1
BRDA:221,33,0,20
BRDA:221,33,1,20
BRDA:222,34,0,20
BRDA:222,34,1,0
BRDA:224,35,0,11
BRDA:224,35,1,9
BRDA:243,36,0,20
BRDA:243,36,1,9
BRDA:248,37,0,1
BRDA:248,37,1,1
BRDA:257,38,0,0
BRDA:257,38,1,9
BRDA:263,39,0,9
BRDA:263,39,1,1
BRDA:265,40,0,1
BRDA:265,40,1,8
BRDA:265,41,0,9
BRDA:265,41,1,1
BRDA:266,42,0,1
BRDA:266,42,1,8
BRDA:266,43,0,9
BRDA:266,43,1,1
BRDA:268,44,0,1
BRDA:268,44,1,8
BRDA:268,45,0,9
BRDA:268,45,1,1
BRDA:275,46,0,20
BRDA:275,46,1,11
BRDA:339,47,0,45
BRDA:339,47,1,0
BRDA:339,47,2,0
BRDA:341,48,0,45
BRDA:341,48,1,30
BRDA:341,48,2,0
BRDA:341,48,3,30
BRDA:342,49,0,45
BRDA:342,49,1,45
BRDA:342,49,2,43
BRDA:342,49,3,43
BRDA:343,50,0,45
BRDA:343,50,1,45
BRDA:343,50,2,45
BRDA:343,50,3,45
BRDA:344,51,0,45
BRDA:344,51,1,45
BRDA:346,52,0,45
BRDA:346,52,1,45
BRDA:346,52,2,43
BRDA:347,53,0,1
BRDA:347,53,1,42
BRDA:348,54,0,45
BRDA:348,54,1,44
BRDA:348,55,0,0
BRDA:348,55,1,44
BRDA:348,56,0,44
BRDA:348,56,1,44
BRDA:349,57,0,45
BRDA:349,57,1,44
BRDA:349,57,2,44
BRDA:353,58,0,1
BRDA:353,58,1,44
BRDA:353,59,0,2
BRDA:353,59,1,0
BRDA:355,60,0,45
BRDA:355,60,1,44
BRDA:355,61,0,0
BRDA:355,61,1,44
BRDA:356,62,0,45
BRDA:356,62,1,45
BRDA:372,63,0,1
BRDA:372,63,1,1
BRDA:382,64,0,2
BRDA:382,64,1,2
BRDA:383,65,0,2
BRDA:383,65,1,0
BRDA:385,66,0,2
BRDA:385,66,1,1
BRDA:395,67,0,45
BRDA:395,67,1,0
BRDA:402,68,0,45
BRDA:402,68,1,45
BRDA:411,69,0,45
BRDA:411,69,1,0
BRDA:413,70,0,45
BRDA:413,70,1,45
BRDA:422,71,0,45
BRDA:422,71,1,45
BRDA:435,72,0,45
BRDA:435,72,1,5
BRDA:438,73,0,4
BRDA:438,73,1,1
BRDA:438,74,0,5
BRDA:438,74,1,5
BRDA:438,74,2,1
BRDA:442,75,0,4
BRDA:442,75,1,20
BRDA:445,76,0,1
BRDA:445,76,1,2
BRDA:445,77,0,1
BRDA:445,77,1,1
BRDA:446,78,0,1
BRDA:446,78,1,1
BRDA:461,79,0,0
BRDA:461,79,1,45
BRDA:463,80,0,45
BRDA:463,80,1,2
BRDA:463,81,0,45
BRDA:463,81,1,43
BRDA:474,82,0,45
BRDA:474,82,1,1
BRDA:480,83,0,45
BRDA:480,83,1,42
BRDA:480,83,2,41
BRDA:480,83,3,4
BRDA:483,84,0,4
BRDA:483,84,1,1
BRDA:486,85,0,1
BRDA:486,85,1,1
BRDA:490,86,0,4
BRDA:490,86,1,1
BRDA:490,86,2,3
BRDA:492,87,0,0
BRDA:492,87,1,3
BRDA:492,88,0,0
BRDA:492,88,1,0
BRDA:497,89,0,4
BRDA:497,89,1,1
BRDA:499,90,0,1
BRDA:499,90,1,0
BRDA:502,91,0,4
BRDA:502,91,1,1
BRDA:514,92,0,0
BRDA:514,92,1,45
BRDA:520,93,0,0
BRDA:520,93,1,45
BRDA:520,94,0,0
BRDA:520,94,1,45
BRDA:525,95,0,45
BRDA:525,95,1,3
BRDA:528,96,0,0
BRDA:528,96,1,0
BRDA:536,97,0,18
BRDA:536,97,1,0
BRDA:566,98,0,45
BRDA:566,98,1,12
BRDA:570,99,0,12
BRDA:570,99,1,12
BRDA:570,100,0,12
BRDA:570,100,1,0
BRDA:571,101,0,12
BRDA:571,101,1,3
BRDA:571,102,0,12
BRDA:571,102,1,0
BRDA:578,103,0,3
BRDA:578,103,1,3
BRDA:580,104,0,12
BRDA:580,104,1,2
BRDA:587,105,0,7
BRDA:587,105,1,2
BRDA:587,105,2,2
BRDA:587,105,3,0
BRDA:588,106,0,7
BRDA:588,106,1,0
BRDA:588,106,2,0
BRDA:589,107,0,7
BRDA:589,107,1,5
BRDA:589,107,2,4
BRDA:598,108,0,7
BRDA:598,108,1,3
BRDA:602,109,0,7
BRDA:602,109,1,7
BRDA:602,110,0,7
BRDA:602,110,1,0
BRDA:612,111,0,12
BRDA:612,111,1,1
BRDA:627,112,0,4
BRDA:627,112,1,5
BRDA:627,113,0,9
BRDA:627,113,1,7
BRDA:631,114,0,4
BRDA:631,114,1,2
BRDA:631,114,2,2
BRF:249
BRH:204
end_of_record
TN:
SF:babel.config.js
FNF:0
FNH:0
DA:1,1
LF:1
LH:1
BRF:0
BRH:0
end_of_record
