<?xml version="1.0" encoding="UTF-8"?>
<coverage generated="1775343135016" clover="3.2.0">
  <project timestamp="1775343135016" name="All files">
    <metrics statements="200" coveredstatements="200" conditionals="304" coveredconditionals="257" methods="80" coveredmethods="80" elements="584" coveredelements="537" complexity="0" loc="200" ncloc="200" packages="1" files="1" classes="1"/>
    <file name="MessagingPage.js" path="C:\Users\dhyan\OneDrive\Desktop\linkedin-redesign\js\components\pages\MessagingPage.js">
      <metrics statements="200" coveredstatements="200" conditionals="304" coveredconditionals="257" methods="80" coveredmethods="80"/>
      <line num="8" count="427" type="stmt"/>
      <line num="10" count="427" type="stmt"/>
      <line num="11" count="427" type="stmt"/>
      <line num="12" count="427" type="stmt"/>
      <line num="13" count="427" type="stmt"/>
      <line num="14" count="427" type="stmt"/>
      <line num="15" count="427" type="stmt"/>
      <line num="16" count="427" type="stmt"/>
      <line num="19" count="427" type="stmt"/>
      <line num="22" count="427" type="stmt"/>
      <line num="25" count="427" type="stmt"/>
      <line num="26" count="427" type="stmt"/>
      <line num="27" count="427" type="stmt"/>
      <line num="30" count="427" type="stmt"/>
      <line num="31" count="78" type="cond" truecount="5" falsecount="0"/>
      <line num="32" count="69" type="stmt"/>
      <line num="37" count="427" type="stmt"/>
      <line num="38" count="77" type="stmt"/>
      <line num="42" count="427" type="stmt"/>
      <line num="43" count="149" type="cond" truecount="2" falsecount="0"/>
      <line num="44" count="147" type="stmt"/>
      <line num="49" count="75" type="stmt"/>
      <line num="50" count="75" type="stmt"/>
      <line num="51" count="75" type="stmt"/>
      <line num="53" count="23" type="cond" truecount="2" falsecount="0"/>
      <line num="54" count="23" type="stmt"/>
      <line num="57" count="52" type="stmt"/>
      <line num="58" count="52" type="stmt"/>
      <line num="63" count="9" type="cond" truecount="4" falsecount="0"/>
      <line num="64" count="5" type="stmt"/>
      <line num="65" count="5" type="stmt"/>
      <line num="68" count="5" type="stmt"/>
      <line num="75" count="5" type="stmt"/>
      <line num="77" count="5" type="stmt"/>
      <line num="78" count="1" type="stmt"/>
      <line num="87" count="16" type="cond" truecount="2" falsecount="0"/>
      <line num="88" count="16" type="cond" truecount="2" falsecount="0"/>
      <line num="91" count="15" type="cond" truecount="1" falsecount="1"/>
      <line num="93" count="15" type="stmt"/>
      <line num="97" count="17" type="stmt"/>
      <line num="98" count="17" type="stmt"/>
      <line num="99" count="17" type="stmt"/>
      <line num="101" count="17" type="stmt"/>
      <line num="102" count="13" type="stmt"/>
      <line num="103" count="13" type="cond" truecount="2" falsecount="0"/>
      <line num="106" count="4" type="stmt"/>
      <line num="107" count="4" type="stmt"/>
      <line num="108" count="4" type="stmt"/>
      <line num="109" count="4" type="cond" truecount="2" falsecount="0"/>
      <line num="111" count="17" type="stmt"/>
      <line num="120" count="35" type="cond" truecount="2" falsecount="0"/>
      <line num="121" count="35" type="cond" truecount="1" falsecount="1"/>
      <line num="124" count="35" type="cond" truecount="2" falsecount="0"/>
      <line num="126" count="35" type="stmt"/>
      <line num="127" count="35" type="stmt"/>
      <line num="128" count="35" type="cond" truecount="2" falsecount="0"/>
      <line num="129" count="32" type="stmt"/>
      <line num="144" count="35" type="stmt"/>
      <line num="149" count="63" type="cond" truecount="1" falsecount="1"/>
      <line num="150" count="63" type="stmt"/>
      <line num="157" count="11" type="cond" truecount="1" falsecount="1"/>
      <line num="158" count="11" type="stmt"/>
      <line num="169" count="25" type="cond" truecount="1" falsecount="1"/>
      <line num="170" count="25" type="stmt"/>
      <line num="176" count="25" type="stmt"/>
      <line num="177" count="25" type="stmt"/>
      <line num="181" count="22" type="stmt"/>
      <line num="182" count="22" type="cond" truecount="1" falsecount="1"/>
      <line num="184" count="22" type="cond" truecount="2" falsecount="0"/>
      <line num="185" count="2" type="cond" truecount="2" falsecount="0"/>
      <line num="186" count="1" type="stmt"/>
      <line num="187" count="1" type="stmt"/>
      <line num="189" count="1" type="stmt"/>
      <line num="190" count="1" type="stmt"/>
      <line num="193" count="20" type="cond" truecount="1" falsecount="1"/>
      <line num="194" count="20" type="stmt"/>
      <line num="195" count="20" type="stmt"/>
      <line num="196" count="20" type="stmt"/>
      <line num="197" count="20" type="stmt"/>
      <line num="202" count="4" type="stmt"/>
      <line num="203" count="4" type="cond" truecount="1" falsecount="1"/>
      <line num="204" count="4" type="cond" truecount="1" falsecount="1"/>
      <line num="208" count="7" type="stmt"/>
      <line num="209" count="7" type="cond" truecount="3" falsecount="1"/>
      <line num="210" count="7" type="cond" truecount="1" falsecount="1"/>
      <line num="211" count="7" type="cond" truecount="1" falsecount="1"/>
      <line num="213" count="7" type="stmt"/>
      <line num="214" count="7" type="stmt"/>
      <line num="215" count="7" type="stmt"/>
      <line num="219" count="6" type="stmt"/>
      <line num="220" count="6" type="cond" truecount="1" falsecount="1"/>
      <line num="221" count="6" type="stmt"/>
      <line num="225" count="5" type="stmt"/>
      <line num="226" count="5" type="cond" truecount="1" falsecount="1"/>
      <line num="227" count="5" type="cond" truecount="2" falsecount="0"/>
      <line num="228" count="5" type="cond" truecount="2" falsecount="0"/>
      <line num="229" count="2" type="stmt"/>
      <line num="230" count="2" type="stmt"/>
      <line num="232" count="3" type="stmt"/>
      <line num="233" count="3" type="stmt"/>
      <line num="234" count="3" type="stmt"/>
      <line num="238" count="427" type="stmt"/>
      <line num="239" count="225" type="cond" truecount="2" falsecount="0"/>
      <line num="240" count="148" type="stmt"/>
      <line num="241" count="148" type="cond" truecount="2" falsecount="0"/>
      <line num="242" count="75" type="cond" truecount="2" falsecount="0"/>
      <line num="243" count="43" type="cond" truecount="3" falsecount="1"/>
      <line num="244" count="43" type="stmt"/>
      <line num="247" count="43" type="stmt"/>
      <line num="248" count="43" type="stmt"/>
      <line num="249" count="43" type="cond" truecount="1" falsecount="1"/>
      <line num="250" count="43" type="stmt"/>
      <line num="252" count="43" type="cond" truecount="4" falsecount="1"/>
      <line num="253" count="43" type="stmt"/>
      <line num="258" count="427" type="cond" truecount="2" falsecount="0"/>
      <line num="260" count="425" type="cond" truecount="1" falsecount="1"/>
      <line num="261" count="425" type="cond" truecount="2" falsecount="0"/>
      <line num="262" count="2" type="cond" truecount="1" falsecount="1"/>
      <line num="264" count="432" type="stmt"/>
      <line num="266" count="425" type="cond" truecount="2" falsecount="0"/>
      <line num="268" count="425" type="stmt"/>
      <line num="280" count="1" type="stmt"/>
      <line num="284" count="1" type="stmt"/>
      <line num="295" count="1" type="stmt"/>
      <line num="303" count="439" type="stmt"/>
      <line num="305" count="6" type="stmt"/>
      <line num="360" count="1" type="stmt"/>
      <line num="376" count="2" type="stmt"/>
      <line num="377" count="2" type="stmt"/>
      <line num="388" count="45" type="stmt"/>
      <line num="426" count="7" type="stmt"/>
      <line num="427" count="1" type="cond" truecount="1" falsecount="1"/>
      <line num="455" count="150" type="cond" truecount="1" falsecount="1"/>
      <line num="457" count="150" type="cond" truecount="3" falsecount="1"/>
      <line num="459" count="150" type="cond" truecount="3" falsecount="1"/>
      <line num="460" count="150" type="cond" truecount="2" falsecount="0"/>
      <line num="461" count="150" type="cond" truecount="2" falsecount="0"/>
      <line num="463" count="150" type="stmt"/>
      <line num="487" count="210" type="stmt"/>
      <line num="490" count="24" type="stmt"/>
      <line num="493" count="1" type="cond" truecount="1" falsecount="1"/>
      <line num="508" count="5" type="stmt"/>
      <line num="509" count="2" type="stmt"/>
      <line num="510" count="1" type="stmt"/>
      <line num="511" count="1" type="stmt"/>
      <line num="512" count="1" type="stmt"/>
      <line num="513" count="1" type="stmt"/>
      <line num="532" count="6" type="stmt"/>
      <line num="551" count="354" type="stmt"/>
      <line num="571" count="450" type="stmt"/>
      <line num="572" count="450" type="stmt"/>
      <line num="575" count="11" type="cond" truecount="2" falsecount="0"/>
      <line num="584" count="34" type="stmt"/>
      <line num="586" count="34" type="cond" truecount="2" falsecount="0"/>
      <line num="587" count="34" type="cond" truecount="4" falsecount="0"/>
      <line num="588" count="34" type="cond" truecount="4" falsecount="0"/>
      <line num="591" count="34" type="stmt"/>
      <line num="592" count="34" type="stmt"/>
      <line num="593" count="34" type="stmt"/>
      <line num="595" count="34" type="stmt"/>
      <line num="647" count="24" type="cond" truecount="3" falsecount="1"/>
      <line num="648" count="24" type="stmt"/>
      <line num="666" count="24" type="stmt"/>
      <line num="682" count="1" type="stmt"/>
      <line num="697" count="1" type="stmt"/>
      <line num="713" count="24" type="cond" truecount="2" falsecount="0"/>
      <line num="714" count="168" type="stmt"/>
      <line num="716" count="24" type="stmt"/>
      <line num="723" count="144" type="stmt"/>
      <line num="725" count="144" type="stmt"/>
      <line num="727" count="24" type="stmt"/>
      <line num="736" count="24" type="cond" truecount="2" falsecount="0"/>
      <line num="737" count="24" type="cond" truecount="2" falsecount="0"/>
      <line num="738" count="24" type="cond" truecount="2" falsecount="0"/>
      <line num="739" count="24" type="cond" truecount="4" falsecount="0"/>
      <line num="741" count="24" type="cond" truecount="2" falsecount="0"/>
      <line num="742" count="24" type="cond" truecount="2" falsecount="0"/>
      <line num="743" count="24" type="cond" truecount="2" falsecount="0"/>
      <line num="744" count="24" type="cond" truecount="2" falsecount="0"/>
      <line num="745" count="24" type="cond" truecount="2" falsecount="0"/>
      <line num="747" count="24" type="stmt"/>
      <line num="751" count="149" type="cond" truecount="3" falsecount="1"/>
      <line num="752" count="149" type="cond" truecount="1" falsecount="1"/>
      <line num="753" count="149" type="cond" truecount="1" falsecount="1"/>
      <line num="754" count="149" type="stmt"/>
      <line num="755" count="149" type="cond" truecount="2" falsecount="0"/>
      <line num="761" count="1" type="stmt"/>
      <line num="770" count="1" type="stmt"/>
      <line num="803" count="1" type="stmt"/>
      <line num="807" count="102" type="cond" truecount="6" falsecount="0"/>
      <line num="811" count="16" type="cond" truecount="6" falsecount="0"/>
      <line num="817" count="14" type="cond" truecount="10" falsecount="0"/>
      <line num="821" count="1" type="cond" truecount="6" falsecount="2"/>
      <line num="827" count="8" type="cond" truecount="6" falsecount="0"/>
      <line num="831" count="1" type="cond" truecount="4" falsecount="2"/>
      <line num="837" count="1" type="cond" truecount="4" falsecount="2"/>
      <line num="843" count="5" type="cond" truecount="5" falsecount="1"/>
      <line num="849" count="1" type="cond" truecount="8" falsecount="2"/>
      <line num="857" count="1" type="cond" truecount="3" falsecount="1"/>
      <line num="858" count="1" type="stmt"/>
    </file>
  </project>
</coverage>
