{"C:\\Users\\dhyan\\OneDrive\\Desktop\\linkedin-redesign\\js\\components\\pages\\MessagingPage.js": {"path":"C:\\Users\\dhyan\\OneDrive\\Desktop\\linkedin-redesign\\js\\components\\pages\\MessagingPage.js","statementMap":{"0":{"start":{"line":8,"column":56},"end":{"line":8,"column":84}},"1":{"start":{"line":10,"column":43},"end":{"line":10,"column":77}},"2":{"start":{"line":11,"column":38},"end":{"line":11,"column":58}},"3":{"start":{"line":12,"column":34},"end":{"line":12,"column":52}},"4":{"start":{"line":13,"column":38},"end":{"line":13,"column":59}},"5":{"start":{"line":14,"column":28},"end":{"line":14,"column":46}},"6":{"start":{"line":15,"column":30},"end":{"line":15,"column":48}},"7":{"start":{"line":16,"column":25},"end":{"line":16,"column":43}},"8":{"start":{"line":19,"column":40},"end":{"line":19,"column":60}},"9":{"start":{"line":22,"column":50},"end":{"line":22,"column":68}},"10":{"start":{"line":25,"column":36},"end":{"line":25,"column":56}},"11":{"start":{"line":26,"column":50},"end":{"line":26,"column":71}},"12":{"start":{"line":27,"column":46},"end":{"line":27,"column":66}},"13":{"start":{"line":30,"column":2},"end":{"line":34,"column":22}},"14":{"start":{"line":31,"column":4},"end":{"line":33,"column":5}},"15":{"start":{"line":32,"column":6},"end":{"line":32,"column":46}},"16":{"start":{"line":37,"column":2},"end":{"line":39,"column":9}},"17":{"start":{"line":38,"column":4},"end":{"line":38,"column":25}},"18":{"start":{"line":42,"column":2},"end":{"line":46,"column":17}},"19":{"start":{"line":43,"column":4},"end":{"line":45,"column":5}},"20":{"start":{"line":44,"column":6},"end":{"line":44,"column":68}},"21":{"start":{"line":49,"column":4},"end":{"line":49,"column":22}},"22":{"start":{"line":50,"column":4},"end":{"line":50,"column":24}},"23":{"start":{"line":51,"column":4},"end":{"line":59,"column":9}},"24":{"start":{"line":53,"column":8},"end":{"line":53,"column":41}},"25":{"start":{"line":54,"column":8},"end":{"line":54,"column":29}},"26":{"start":{"line":57,"column":8},"end":{"line":57,"column":24}},"27":{"start":{"line":58,"column":8},"end":{"line":58,"column":29}},"28":{"start":{"line":63,"column":4},"end":{"line":63,"column":45}},"29":{"start":{"line":63,"column":38},"end":{"line":63,"column":45}},"30":{"start":{"line":64,"column":17},"end":{"line":64,"column":29}},"31":{"start":{"line":65,"column":4},"end":{"line":65,"column":17}},"32":{"start":{"line":68,"column":19},"end":{"line":74,"column":5}},"33":{"start":{"line":75,"column":4},"end":{"line":75,"column":43}},"34":{"start":{"line":75,"column":24},"end":{"line":75,"column":41}},"35":{"start":{"line":77,"column":4},"end":{"line":79,"column":7}},"36":{"start":{"line":78,"column":6},"end":{"line":78,"column":51}},"37":{"start":{"line":87,"column":4},"end":{"line":87,"column":64}},"38":{"start":{"line":87,"column":28},"end":{"line":87,"column":61}},"39":{"start":{"line":88,"column":4},"end":{"line":88,"column":40}},"40":{"start":{"line":88,"column":33},"end":{"line":88,"column":40}},"41":{"start":{"line":91,"column":4},"end":{"line":91,"column":57}},"42":{"start":{"line":91,"column":33},"end":{"line":91,"column":57}},"43":{"start":{"line":93,"column":4},"end":{"line":93,"column":51}},"44":{"start":{"line":97,"column":4},"end":{"line":97,"column":30}},"45":{"start":{"line":98,"column":4},"end":{"line":98,"column":28}},"46":{"start":{"line":99,"column":4},"end":{"line":112,"column":5}},"47":{"start":{"line":101,"column":19},"end":{"line":101,"column":50}},"48":{"start":{"line":102,"column":6},"end":{"line":102,"column":25}},"49":{"start":{"line":103,"column":6},"end":{"line":103,"column":59}},"50":{"start":{"line":103,"column":19},"end":{"line":103,"column":59}},"51":{"start":{"line":106,"column":19},"end":{"line":106,"column":83}},"52":{"start":{"line":107,"column":6},"end":{"line":107,"column":25}},"53":{"start":{"line":108,"column":6},"end":{"line":108,"column":68}},"54":{"start":{"line":109,"column":6},"end":{"line":109,"column":63}},"55":{"start":{"line":109,"column":19},"end":{"line":109,"column":63}},"56":{"start":{"line":111,"column":6},"end":{"line":111,"column":33}},"57":{"start":{"line":120,"column":4},"end":{"line":120,"column":64}},"58":{"start":{"line":120,"column":28},"end":{"line":120,"column":61}},"59":{"start":{"line":121,"column":4},"end":{"line":121,"column":28}},"60":{"start":{"line":121,"column":21},"end":{"line":121,"column":28}},"61":{"start":{"line":124,"column":4},"end":{"line":124,"column":57}},"62":{"start":{"line":124,"column":33},"end":{"line":124,"column":57}},"63":{"start":{"line":126,"column":4},"end":{"line":145,"column":7}},"64":{"start":{"line":127,"column":19},"end":{"line":127,"column":30}},"65":{"start":{"line":128,"column":6},"end":{"line":143,"column":7}},"66":{"start":{"line":129,"column":8},"end":{"line":142,"column":10}},"67":{"start":{"line":144,"column":6},"end":{"line":144,"column":18}},"68":{"start":{"line":149,"column":4},"end":{"line":149,"column":28}},"69":{"start":{"line":149,"column":21},"end":{"line":149,"column":28}},"70":{"start":{"line":150,"column":4},"end":{"line":153,"column":8}},"71":{"start":{"line":150,"column":33},"end":{"line":153,"column":5}},"72":{"start":{"line":157,"column":4},"end":{"line":157,"column":28}},"73":{"start":{"line":157,"column":21},"end":{"line":157,"column":28}},"74":{"start":{"line":158,"column":4},"end":{"line":164,"column":8}},"75":{"start":{"line":158,"column":33},"end":{"line":164,"column":5}},"76":{"start":{"line":169,"column":16},"end":{"line":169,"column":50}},"77":{"start":{"line":170,"column":20},"end":{"line":175,"column":5}},"78":{"start":{"line":176,"column":4},"end":{"line":176,"column":51}},"79":{"start":{"line":177,"column":4},"end":{"line":177,"column":27}},"80":{"start":{"line":181,"column":14},"end":{"line":181,"column":42}},"81":{"start":{"line":182,"column":4},"end":{"line":182,"column":19}},"82":{"start":{"line":182,"column":12},"end":{"line":182,"column":19}},"83":{"start":{"line":184,"column":4},"end":{"line":191,"column":5}},"84":{"start":{"line":185,"column":6},"end":{"line":188,"column":7}},"85":{"start":{"line":186,"column":8},"end":{"line":186,"column":53}},"86":{"start":{"line":187,"column":8},"end":{"line":187,"column":15}},"87":{"start":{"line":189,"column":6},"end":{"line":189,"column":33}},"88":{"start":{"line":190,"column":6},"end":{"line":190,"column":13}},"89":{"start":{"line":193,"column":4},"end":{"line":198,"column":5}},"90":{"start":{"line":194,"column":22},"end":{"line":194,"column":39}},"91":{"start":{"line":195,"column":6},"end":{"line":195,"column":53}},"92":{"start":{"line":196,"column":6},"end":{"line":196,"column":29}},"93":{"start":{"line":197,"column":6},"end":{"line":197,"column":13}},"94":{"start":{"line":202,"column":14},"end":{"line":202,"column":42}},"95":{"start":{"line":203,"column":4},"end":{"line":203,"column":19}},"96":{"start":{"line":203,"column":12},"end":{"line":203,"column":19}},"97":{"start":{"line":204,"column":4},"end":{"line":204,"column":56}},"98":{"start":{"line":204,"column":20},"end":{"line":204,"column":56}},"99":{"start":{"line":208,"column":14},"end":{"line":208,"column":42}},"100":{"start":{"line":209,"column":4},"end":{"line":209,"column":30}},"101":{"start":{"line":209,"column":23},"end":{"line":209,"column":30}},"102":{"start":{"line":210,"column":21},"end":{"line":210,"column":54}},"103":{"start":{"line":211,"column":4},"end":{"line":211,"column":33}},"104":{"start":{"line":211,"column":26},"end":{"line":211,"column":33}},"105":{"start":{"line":213,"column":20},"end":{"line":213,"column":78}},"106":{"start":{"line":214,"column":4},"end":{"line":214,"column":51}},"107":{"start":{"line":215,"column":4},"end":{"line":215,"column":27}},"108":{"start":{"line":219,"column":14},"end":{"line":219,"column":42}},"109":{"start":{"line":220,"column":4},"end":{"line":220,"column":19}},"110":{"start":{"line":220,"column":12},"end":{"line":220,"column":19}},"111":{"start":{"line":221,"column":4},"end":{"line":221,"column":38}},"112":{"start":{"line":225,"column":14},"end":{"line":225,"column":42}},"113":{"start":{"line":226,"column":4},"end":{"line":226,"column":19}},"114":{"start":{"line":226,"column":12},"end":{"line":226,"column":19}},"115":{"start":{"line":227,"column":17},"end":{"line":227,"column":41}},"116":{"start":{"line":228,"column":4},"end":{"line":231,"column":5}},"117":{"start":{"line":229,"column":6},"end":{"line":229,"column":49}},"118":{"start":{"line":230,"column":6},"end":{"line":230,"column":13}},"119":{"start":{"line":232,"column":4},"end":{"line":232,"column":19}},"120":{"start":{"line":233,"column":4},"end":{"line":233,"column":63}},"121":{"start":{"line":234,"column":4},"end":{"line":234,"column":25}},"122":{"start":{"line":238,"column":2},"end":{"line":256,"column":136}},"123":{"start":{"line":239,"column":4},"end":{"line":239,"column":28}},"124":{"start":{"line":239,"column":21},"end":{"line":239,"column":28}},"125":{"start":{"line":240,"column":14},"end":{"line":240,"column":42}},"126":{"start":{"line":241,"column":4},"end":{"line":241,"column":19}},"127":{"start":{"line":241,"column":12},"end":{"line":241,"column":19}},"128":{"start":{"line":242,"column":4},"end":{"line":242,"column":24}},"129":{"start":{"line":242,"column":17},"end":{"line":242,"column":24}},"130":{"start":{"line":243,"column":4},"end":{"line":255,"column":5}},"131":{"start":{"line":244,"column":20},"end":{"line":244,"column":42}},"132":{"start":{"line":247,"column":6},"end":{"line":254,"column":9}},"133":{"start":{"line":248,"column":20},"end":{"line":248,"column":36}},"134":{"start":{"line":249,"column":8},"end":{"line":249,"column":30}},"135":{"start":{"line":249,"column":18},"end":{"line":249,"column":30}},"136":{"start":{"line":250,"column":25},"end":{"line":250,"column":49}},"137":{"start":{"line":252,"column":8},"end":{"line":252,"column":83}},"138":{"start":{"line":252,"column":71},"end":{"line":252,"column":83}},"139":{"start":{"line":253,"column":8},"end":{"line":253,"column":72}},"140":{"start":{"line":258,"column":2},"end":{"line":258,"column":68}},"141":{"start":{"line":258,"column":15},"end":{"line":258,"column":68}},"142":{"start":{"line":260,"column":27},"end":{"line":260,"column":46}},"143":{"start":{"line":261,"column":24},"end":{"line":263,"column":22}},"144":{"start":{"line":262,"column":35},"end":{"line":262,"column":105}},"145":{"start":{"line":264,"column":23},"end":{"line":264,"column":70}},"146":{"start":{"line":264,"column":50},"end":{"line":264,"column":69}},"147":{"start":{"line":266,"column":21},"end":{"line":266,"column":69}},"148":{"start":{"line":268,"column":2},"end":{"line":437,"column":4}},"149":{"start":{"line":280,"column":33},"end":{"line":280,"column":71}},"150":{"start":{"line":284,"column":33},"end":{"line":284,"column":68}},"151":{"start":{"line":295,"column":29},"end":{"line":295,"column":54}},"152":{"start":{"line":303,"column":14},"end":{"line":319,"column":23}},"153":{"start":{"line":305,"column":31},"end":{"line":305,"column":55}},"154":{"start":{"line":360,"column":29},"end":{"line":360,"column":49}},"155":{"start":{"line":376,"column":29},"end":{"line":376,"column":49}},"156":{"start":{"line":377,"column":31},"end":{"line":377,"column":70}},"157":{"start":{"line":388,"column":18},"end":{"line":413,"column":24}},"158":{"start":{"line":426,"column":29},"end":{"line":426,"column":53}},"159":{"start":{"line":427,"column":32},"end":{"line":427,"column":69}},"160":{"start":{"line":427,"column":55},"end":{"line":427,"column":69}},"161":{"start":{"line":455,"column":2},"end":{"line":455,"column":26}},"162":{"start":{"line":455,"column":14},"end":{"line":455,"column":26}},"163":{"start":{"line":457,"column":15},"end":{"line":457,"column":67}},"164":{"start":{"line":459,"column":19},"end":{"line":459,"column":76}},"165":{"start":{"line":460,"column":15},"end":{"line":460,"column":88}},"166":{"start":{"line":461,"column":23},"end":{"line":461,"column":94}},"167":{"start":{"line":463,"column":2},"end":{"line":567,"column":4}},"168":{"start":{"line":487,"column":18},"end":{"line":498,"column":24}},"169":{"start":{"line":490,"column":35},"end":{"line":490,"column":54}},"170":{"start":{"line":493,"column":40},"end":{"line":493,"column":83}},"171":{"start":{"line":493,"column":63},"end":{"line":493,"column":83}},"172":{"start":{"line":508,"column":97},"end":{"line":508,"column":130}},"173":{"start":{"line":509,"column":97},"end":{"line":509,"column":129}},"174":{"start":{"line":510,"column":99},"end":{"line":510,"column":128}},"175":{"start":{"line":511,"column":97},"end":{"line":511,"column":128}},"176":{"start":{"line":512,"column":91},"end":{"line":512,"column":119}},"177":{"start":{"line":513,"column":97},"end":{"line":513,"column":128}},"178":{"start":{"line":532,"column":33},"end":{"line":532,"column":64}},"179":{"start":{"line":551,"column":14},"end":{"line":551,"column":70}},"180":{"start":{"line":571,"column":13},"end":{"line":571,"column":88}},"181":{"start":{"line":571,"column":33},"end":{"line":571,"column":83}},"182":{"start":{"line":572,"column":2},"end":{"line":577,"column":4}},"183":{"start":{"line":575,"column":90},"end":{"line":575,"column":114}},"184":{"start":{"line":584,"column":12},"end":{"line":584,"column":21}},"185":{"start":{"line":586,"column":16},"end":{"line":586,"column":29}},"186":{"start":{"line":587,"column":17},"end":{"line":587,"column":68}},"187":{"start":{"line":588,"column":22},"end":{"line":588,"column":96}},"188":{"start":{"line":591,"column":12},"end":{"line":591,"column":14}},"189":{"start":{"line":592,"column":15},"end":{"line":592,"column":30}},"190":{"start":{"line":593,"column":17},"end":{"line":593,"column":43}},"191":{"start":{"line":595,"column":2},"end":{"line":706,"column":4}},"192":{"start":{"line":647,"column":28},"end":{"line":647,"column":87}},"193":{"start":{"line":648,"column":18},"end":{"line":656,"column":20}},"194":{"start":{"line":666,"column":20},"end":{"line":676,"column":26}},"195":{"start":{"line":682,"column":81},"end":{"line":682,"column":114}},"196":{"start":{"line":697,"column":70},"end":{"line":697,"column":103}},"197":{"start":{"line":713,"column":17},"end":{"line":713,"column":58}},"198":{"start":{"line":714,"column":16},"end":{"line":714,"column":64}},"199":{"start":{"line":714,"column":23},"end":{"line":714,"column":64}},"200":{"start":{"line":716,"column":19},"end":{"line":723,"column":56}},"201":{"start":{"line":723,"column":14},"end":{"line":723,"column":54}},"202":{"start":{"line":725,"column":16},"end":{"line":725,"column":82}},"203":{"start":{"line":725,"column":48},"end":{"line":725,"column":59}},"204":{"start":{"line":727,"column":16},"end":{"line":734,"column":3}},"205":{"start":{"line":736,"column":12},"end":{"line":736,"column":22}},"206":{"start":{"line":737,"column":22},"end":{"line":737,"column":54}},"207":{"start":{"line":738,"column":19},"end":{"line":738,"column":48}},"208":{"start":{"line":739,"column":21},"end":{"line":739,"column":83}},"209":{"start":{"line":741,"column":2},"end":{"line":741,"column":79}},"210":{"start":{"line":741,"column":25},"end":{"line":741,"column":79}},"211":{"start":{"line":741,"column":41},"end":{"line":741,"column":61}},"212":{"start":{"line":742,"column":2},"end":{"line":742,"column":79}},"213":{"start":{"line":742,"column":25},"end":{"line":742,"column":79}},"214":{"start":{"line":742,"column":41},"end":{"line":742,"column":61}},"215":{"start":{"line":743,"column":2},"end":{"line":743,"column":74}},"216":{"start":{"line":743,"column":23},"end":{"line":743,"column":74}},"217":{"start":{"line":743,"column":39},"end":{"line":743,"column":56}},"218":{"start":{"line":744,"column":2},"end":{"line":744,"column":74}},"219":{"start":{"line":744,"column":23},"end":{"line":744,"column":74}},"220":{"start":{"line":744,"column":39},"end":{"line":744,"column":56}},"221":{"start":{"line":745,"column":2},"end":{"line":745,"column":76}},"222":{"start":{"line":745,"column":24},"end":{"line":745,"column":76}},"223":{"start":{"line":745,"column":40},"end":{"line":745,"column":58}},"224":{"start":{"line":747,"column":2},"end":{"line":747,"column":36}},"225":{"start":{"line":751,"column":2},"end":{"line":751,"column":39}},"226":{"start":{"line":751,"column":29},"end":{"line":751,"column":39}},"227":{"start":{"line":752,"column":19},"end":{"line":752,"column":56}},"228":{"start":{"line":753,"column":2},"end":{"line":753,"column":34}},"229":{"start":{"line":753,"column":24},"end":{"line":753,"column":34}},"230":{"start":{"line":754,"column":18},"end":{"line":754,"column":62}},"231":{"start":{"line":755,"column":2},"end":{"line":755,"column":47}},"232":{"start":{"line":761,"column":24},"end":{"line":768,"column":1}},"233":{"start":{"line":770,"column":23},"end":{"line":801,"column":1}},"234":{"start":{"line":803,"column":28},"end":{"line":852,"column":1}},"235":{"start":{"line":807,"column":23},"end":{"line":807,"column":302}},"236":{"start":{"line":811,"column":23},"end":{"line":811,"column":348}},"237":{"start":{"line":817,"column":23},"end":{"line":817,"column":335}},"238":{"start":{"line":821,"column":23},"end":{"line":821,"column":297}},"239":{"start":{"line":827,"column":23},"end":{"line":827,"column":230}},"240":{"start":{"line":831,"column":23},"end":{"line":831,"column":211}},"241":{"start":{"line":837,"column":23},"end":{"line":837,"column":250}},"242":{"start":{"line":843,"column":23},"end":{"line":843,"column":258}},"243":{"start":{"line":849,"column":23},"end":{"line":849,"column":371}},"244":{"start":{"line":857,"column":0},"end":{"line":868,"column":1}},"245":{"start":{"line":858,"column":2},"end":{"line":867,"column":4}}},"fnMap":{"0":{"name":"MessagingPage","decl":{"start":{"line":7,"column":9},"end":{"line":7,"column":22}},"loc":{"start":{"line":7,"column":25},"end":{"line":438,"column":1}},"line":7},"1":{"name":"(anonymous_1)","decl":{"start":{"line":30,"column":18},"end":{"line":30,"column":19}},"loc":{"start":{"line":30,"column":24},"end":{"line":34,"column":3}},"line":30},"2":{"name":"(anonymous_2)","decl":{"start":{"line":37,"column":18},"end":{"line":37,"column":19}},"loc":{"start":{"line":37,"column":24},"end":{"line":39,"column":3}},"line":37},"3":{"name":"(anonymous_3)","decl":{"start":{"line":42,"column":18},"end":{"line":42,"column":19}},"loc":{"start":{"line":42,"column":24},"end":{"line":46,"column":3}},"line":42},"4":{"name":"selectConversation","decl":{"start":{"line":48,"column":11},"end":{"line":48,"column":29}},"loc":{"start":{"line":48,"column":34},"end":{"line":60,"column":3}},"line":48},"5":{"name":"(anonymous_5)","decl":{"start":{"line":52,"column":12},"end":{"line":52,"column":13}},"loc":{"start":{"line":52,"column":20},"end":{"line":55,"column":7}},"line":52},"6":{"name":"(anonymous_6)","decl":{"start":{"line":56,"column":13},"end":{"line":56,"column":14}},"loc":{"start":{"line":56,"column":19},"end":{"line":59,"column":7}},"line":56},"7":{"name":"sendMessage","decl":{"start":{"line":62,"column":11},"end":{"line":62,"column":22}},"loc":{"start":{"line":62,"column":25},"end":{"line":80,"column":3}},"line":62},"8":{"name":"(anonymous_8)","decl":{"start":{"line":75,"column":16},"end":{"line":75,"column":17}},"loc":{"start":{"line":75,"column":24},"end":{"line":75,"column":41}},"line":75},"9":{"name":"(anonymous_9)","decl":{"start":{"line":77,"column":44},"end":{"line":77,"column":45}},"loc":{"start":{"line":77,"column":50},"end":{"line":79,"column":5}},"line":77},"10":{"name":"openProfileReadiness","decl":{"start":{"line":86,"column":17},"end":{"line":86,"column":37}},"loc":{"start":{"line":86,"column":40},"end":{"line":94,"column":3}},"line":86},"11":{"name":"(anonymous_11)","decl":{"start":{"line":87,"column":19},"end":{"line":87,"column":20}},"loc":{"start":{"line":87,"column":28},"end":{"line":87,"column":61}},"line":87},"12":{"name":"loadProfileReadiness","decl":{"start":{"line":96,"column":17},"end":{"line":96,"column":37}},"loc":{"start":{"line":96,"column":51},"end":{"line":113,"column":3}},"line":96},"13":{"name":"openOutreachGuide","decl":{"start":{"line":119,"column":11},"end":{"line":119,"column":28}},"loc":{"start":{"line":119,"column":31},"end":{"line":146,"column":3}},"line":119},"14":{"name":"(anonymous_14)","decl":{"start":{"line":120,"column":19},"end":{"line":120,"column":20}},"loc":{"start":{"line":120,"column":28},"end":{"line":120,"column":61}},"line":120},"15":{"name":"(anonymous_15)","decl":{"start":{"line":126,"column":24},"end":{"line":126,"column":25}},"loc":{"start":{"line":126,"column":32},"end":{"line":145,"column":5}},"line":126},"16":{"name":"setGuideState","decl":{"start":{"line":148,"column":11},"end":{"line":148,"column":24}},"loc":{"start":{"line":148,"column":32},"end":{"line":154,"column":3}},"line":148},"17":{"name":"(anonymous_17)","decl":{"start":{"line":150,"column":24},"end":{"line":150,"column":25}},"loc":{"start":{"line":150,"column":33},"end":{"line":153,"column":5}},"line":150},"18":{"name":"setGuideDetailsPatch","decl":{"start":{"line":156,"column":11},"end":{"line":156,"column":31}},"loc":{"start":{"line":156,"column":39},"end":{"line":165,"column":3}},"line":156},"19":{"name":"(anonymous_19)","decl":{"start":{"line":158,"column":24},"end":{"line":158,"column":25}},"loc":{"start":{"line":158,"column":33},"end":{"line":164,"column":5}},"line":158},"20":{"name":"selectGoal","decl":{"start":{"line":168,"column":11},"end":{"line":168,"column":21}},"loc":{"start":{"line":168,"column":31},"end":{"line":178,"column":3}},"line":168},"21":{"name":"nextStep","decl":{"start":{"line":180,"column":11},"end":{"line":180,"column":19}},"loc":{"start":{"line":180,"column":22},"end":{"line":199,"column":3}},"line":180},"22":{"name":"backStep","decl":{"start":{"line":201,"column":11},"end":{"line":201,"column":19}},"loc":{"start":{"line":201,"column":22},"end":{"line":205,"column":3}},"line":201},"23":{"name":"cycleVariant","decl":{"start":{"line":207,"column":11},"end":{"line":207,"column":23}},"loc":{"start":{"line":207,"column":26},"end":{"line":216,"column":3}},"line":207},"24":{"name":"updateGuidePreviewManual","decl":{"start":{"line":218,"column":11},"end":{"line":218,"column":35}},"loc":{"start":{"line":218,"column":43},"end":{"line":222,"column":3}},"line":218},"25":{"name":"applyGuideMessage","decl":{"start":{"line":224,"column":11},"end":{"line":224,"column":28}},"loc":{"start":{"line":224,"column":31},"end":{"line":235,"column":3}},"line":224},"26":{"name":"(anonymous_26)","decl":{"start":{"line":238,"column":18},"end":{"line":238,"column":19}},"loc":{"start":{"line":238,"column":24},"end":{"line":256,"column":3}},"line":238},"27":{"name":"(anonymous_27)","decl":{"start":{"line":247,"column":26},"end":{"line":247,"column":27}},"loc":{"start":{"line":247,"column":34},"end":{"line":254,"column":7}},"line":247},"28":{"name":"(anonymous_28)","decl":{"start":{"line":262,"column":30},"end":{"line":262,"column":31}},"loc":{"start":{"line":262,"column":35},"end":{"line":262,"column":105}},"line":262},"29":{"name":"(anonymous_29)","decl":{"start":{"line":264,"column":45},"end":{"line":264,"column":46}},"loc":{"start":{"line":264,"column":50},"end":{"line":264,"column":69}},"line":264},"30":{"name":"(anonymous_30)","decl":{"start":{"line":280,"column":27},"end":{"line":280,"column":28}},"loc":{"start":{"line":280,"column":33},"end":{"line":280,"column":71}},"line":280},"31":{"name":"(anonymous_31)","decl":{"start":{"line":284,"column":27},"end":{"line":284,"column":28}},"loc":{"start":{"line":284,"column":33},"end":{"line":284,"column":68}},"line":284},"32":{"name":"(anonymous_32)","decl":{"start":{"line":295,"column":24},"end":{"line":295,"column":25}},"loc":{"start":{"line":295,"column":29},"end":{"line":295,"column":54}},"line":295},"33":{"name":"(anonymous_33)","decl":{"start":{"line":302,"column":31},"end":{"line":302,"column":32}},"loc":{"start":{"line":303,"column":14},"end":{"line":319,"column":23}},"line":303},"34":{"name":"(anonymous_34)","decl":{"start":{"line":305,"column":25},"end":{"line":305,"column":26}},"loc":{"start":{"line":305,"column":31},"end":{"line":305,"column":55}},"line":305},"35":{"name":"(anonymous_35)","decl":{"start":{"line":360,"column":23},"end":{"line":360,"column":24}},"loc":{"start":{"line":360,"column":29},"end":{"line":360,"column":49}},"line":360},"36":{"name":"(anonymous_36)","decl":{"start":{"line":376,"column":23},"end":{"line":376,"column":24}},"loc":{"start":{"line":376,"column":29},"end":{"line":376,"column":49}},"line":376},"37":{"name":"(anonymous_37)","decl":{"start":{"line":377,"column":25},"end":{"line":377,"column":26}},"loc":{"start":{"line":377,"column":31},"end":{"line":377,"column":70}},"line":377},"38":{"name":"(anonymous_38)","decl":{"start":{"line":387,"column":38},"end":{"line":387,"column":39}},"loc":{"start":{"line":388,"column":18},"end":{"line":413,"column":24}},"line":388},"39":{"name":"(anonymous_39)","decl":{"start":{"line":426,"column":24},"end":{"line":426,"column":25}},"loc":{"start":{"line":426,"column":29},"end":{"line":426,"column":53}},"line":426},"40":{"name":"(anonymous_40)","decl":{"start":{"line":427,"column":25},"end":{"line":427,"column":26}},"loc":{"start":{"line":427,"column":30},"end":{"line":427,"column":71}},"line":427},"41":{"name":"OutreachGuidePanel","decl":{"start":{"line":443,"column":9},"end":{"line":443,"column":27}},"loc":{"start":{"line":454,"column":3},"end":{"line":568,"column":1}},"line":454},"42":{"name":"(anonymous_42)","decl":{"start":{"line":486,"column":37},"end":{"line":486,"column":38}},"loc":{"start":{"line":487,"column":18},"end":{"line":498,"column":24}},"line":487},"43":{"name":"(anonymous_43)","decl":{"start":{"line":490,"column":29},"end":{"line":490,"column":30}},"loc":{"start":{"line":490,"column":35},"end":{"line":490,"column":54}},"line":490},"44":{"name":"(anonymous_44)","decl":{"start":{"line":493,"column":31},"end":{"line":493,"column":32}},"loc":{"start":{"line":493,"column":38},"end":{"line":493,"column":85}},"line":493},"45":{"name":"(anonymous_45)","decl":{"start":{"line":508,"column":90},"end":{"line":508,"column":91}},"loc":{"start":{"line":508,"column":97},"end":{"line":508,"column":130}},"line":508},"46":{"name":"(anonymous_46)","decl":{"start":{"line":509,"column":90},"end":{"line":509,"column":91}},"loc":{"start":{"line":509,"column":97},"end":{"line":509,"column":129}},"line":509},"47":{"name":"(anonymous_47)","decl":{"start":{"line":510,"column":92},"end":{"line":510,"column":93}},"loc":{"start":{"line":510,"column":99},"end":{"line":510,"column":128}},"line":510},"48":{"name":"(anonymous_48)","decl":{"start":{"line":511,"column":90},"end":{"line":511,"column":91}},"loc":{"start":{"line":511,"column":97},"end":{"line":511,"column":128}},"line":511},"49":{"name":"(anonymous_49)","decl":{"start":{"line":512,"column":84},"end":{"line":512,"column":85}},"loc":{"start":{"line":512,"column":91},"end":{"line":512,"column":119}},"line":512},"50":{"name":"(anonymous_50)","decl":{"start":{"line":513,"column":90},"end":{"line":513,"column":91}},"loc":{"start":{"line":513,"column":97},"end":{"line":513,"column":128}},"line":513},"51":{"name":"(anonymous_51)","decl":{"start":{"line":532,"column":26},"end":{"line":532,"column":27}},"loc":{"start":{"line":532,"column":33},"end":{"line":532,"column":64}},"line":532},"52":{"name":"(anonymous_52)","decl":{"start":{"line":550,"column":25},"end":{"line":550,"column":26}},"loc":{"start":{"line":551,"column":14},"end":{"line":551,"column":70}},"line":551},"53":{"name":"Field","decl":{"start":{"line":570,"column":9},"end":{"line":570,"column":14}},"loc":{"start":{"line":570,"column":43},"end":{"line":578,"column":1}},"line":570},"54":{"name":"(anonymous_54)","decl":{"start":{"line":571,"column":27},"end":{"line":571,"column":28}},"loc":{"start":{"line":571,"column":33},"end":{"line":571,"column":83}},"line":571},"55":{"name":"(anonymous_55)","decl":{"start":{"line":575,"column":83},"end":{"line":575,"column":84}},"loc":{"start":{"line":575,"column":90},"end":{"line":575,"column":114}},"line":575},"56":{"name":"ProfileReadinessPanel","decl":{"start":{"line":583,"column":9},"end":{"line":583,"column":30}},"loc":{"start":{"line":583,"column":82},"end":{"line":707,"column":1}},"line":583},"57":{"name":"(anonymous_57)","decl":{"start":{"line":646,"column":40},"end":{"line":646,"column":41}},"loc":{"start":{"line":646,"column":47},"end":{"line":657,"column":17}},"line":646},"58":{"name":"(anonymous_58)","decl":{"start":{"line":665,"column":39},"end":{"line":665,"column":40}},"loc":{"start":{"line":666,"column":20},"end":{"line":676,"column":26}},"line":666},"59":{"name":"(anonymous_59)","decl":{"start":{"line":682,"column":73},"end":{"line":682,"column":74}},"loc":{"start":{"line":682,"column":79},"end":{"line":682,"column":116}},"line":682},"60":{"name":"(anonymous_60)","decl":{"start":{"line":697,"column":62},"end":{"line":697,"column":63}},"loc":{"start":{"line":697,"column":68},"end":{"line":697,"column":105}},"line":697},"61":{"name":"mockBackendGetProfileReadiness","decl":{"start":{"line":712,"column":9},"end":{"line":712,"column":39}},"loc":{"start":{"line":712,"column":57},"end":{"line":748,"column":1}},"line":712},"62":{"name":"(anonymous_62)","decl":{"start":{"line":714,"column":16},"end":{"line":714,"column":17}},"loc":{"start":{"line":714,"column":23},"end":{"line":714,"column":64}},"line":714},"63":{"name":"(anonymous_63)","decl":{"start":{"line":723,"column":8},"end":{"line":723,"column":9}},"loc":{"start":{"line":723,"column":14},"end":{"line":723,"column":54}},"line":723},"64":{"name":"(anonymous_64)","decl":{"start":{"line":725,"column":38},"end":{"line":725,"column":39}},"loc":{"start":{"line":725,"column":48},"end":{"line":725,"column":59}},"line":725},"65":{"name":"(anonymous_65)","decl":{"start":{"line":741,"column":36},"end":{"line":741,"column":37}},"loc":{"start":{"line":741,"column":41},"end":{"line":741,"column":61}},"line":741},"66":{"name":"(anonymous_66)","decl":{"start":{"line":742,"column":36},"end":{"line":742,"column":37}},"loc":{"start":{"line":742,"column":41},"end":{"line":742,"column":61}},"line":742},"67":{"name":"(anonymous_67)","decl":{"start":{"line":743,"column":34},"end":{"line":743,"column":35}},"loc":{"start":{"line":743,"column":39},"end":{"line":743,"column":56}},"line":743},"68":{"name":"(anonymous_68)","decl":{"start":{"line":744,"column":34},"end":{"line":744,"column":35}},"loc":{"start":{"line":744,"column":39},"end":{"line":744,"column":56}},"line":744},"69":{"name":"(anonymous_69)","decl":{"start":{"line":745,"column":35},"end":{"line":745,"column":36}},"loc":{"start":{"line":745,"column":40},"end":{"line":745,"column":58}},"line":745},"70":{"name":"computeGuidePreview","decl":{"start":{"line":750,"column":9},"end":{"line":750,"column":28}},"loc":{"start":{"line":750,"column":36},"end":{"line":756,"column":1}},"line":750},"71":{"name":"(anonymous_71)","decl":{"start":{"line":807,"column":16},"end":{"line":807,"column":17}},"loc":{"start":{"line":807,"column":23},"end":{"line":807,"column":302}},"line":807},"72":{"name":"(anonymous_72)","decl":{"start":{"line":811,"column":16},"end":{"line":811,"column":17}},"loc":{"start":{"line":811,"column":23},"end":{"line":811,"column":348}},"line":811},"73":{"name":"(anonymous_73)","decl":{"start":{"line":817,"column":16},"end":{"line":817,"column":17}},"loc":{"start":{"line":817,"column":23},"end":{"line":817,"column":335}},"line":817},"74":{"name":"(anonymous_74)","decl":{"start":{"line":821,"column":16},"end":{"line":821,"column":17}},"loc":{"start":{"line":821,"column":23},"end":{"line":821,"column":297}},"line":821},"75":{"name":"(anonymous_75)","decl":{"start":{"line":827,"column":16},"end":{"line":827,"column":17}},"loc":{"start":{"line":827,"column":23},"end":{"line":827,"column":230}},"line":827},"76":{"name":"(anonymous_76)","decl":{"start":{"line":831,"column":16},"end":{"line":831,"column":17}},"loc":{"start":{"line":831,"column":23},"end":{"line":831,"column":211}},"line":831},"77":{"name":"(anonymous_77)","decl":{"start":{"line":837,"column":16},"end":{"line":837,"column":17}},"loc":{"start":{"line":837,"column":23},"end":{"line":837,"column":250}},"line":837},"78":{"name":"(anonymous_78)","decl":{"start":{"line":843,"column":16},"end":{"line":843,"column":17}},"loc":{"start":{"line":843,"column":23},"end":{"line":843,"column":258}},"line":843},"79":{"name":"(anonymous_79)","decl":{"start":{"line":849,"column":16},"end":{"line":849,"column":17}},"loc":{"start":{"line":849,"column":23},"end":{"line":849,"column":371}},"line":849}},"branchMap":{"0":{"loc":{"start":{"line":31,"column":4},"end":{"line":33,"column":5}},"type":"if","locations":[{"start":{"line":31,"column":4},"end":{"line":33,"column":5}},{"start":{},"end":{}}],"line":31},"1":{"loc":{"start":{"line":31,"column":8},"end":{"line":31,"column":64}},"type":"binary-expr","locations":[{"start":{"line":31,"column":8},"end":{"line":31,"column":21}},{"start":{"line":31,"column":25},"end":{"line":31,"column":49}},{"start":{"line":31,"column":53},"end":{"line":31,"column":64}}],"line":31},"2":{"loc":{"start":{"line":43,"column":4},"end":{"line":45,"column":5}},"type":"if","locations":[{"start":{"line":43,"column":4},"end":{"line":45,"column":5}},{"start":{},"end":{}}],"line":43},"3":{"loc":{"start":{"line":53,"column":20},"end":{"line":53,"column":39}},"type":"binary-expr","locations":[{"start":{"line":53,"column":20},"end":{"line":53,"column":33}},{"start":{"line":53,"column":37},"end":{"line":53,"column":39}}],"line":53},"4":{"loc":{"start":{"line":63,"column":4},"end":{"line":63,"column":45}},"type":"if","locations":[{"start":{"line":63,"column":4},"end":{"line":63,"column":45}},{"start":{},"end":{}}],"line":63},"5":{"loc":{"start":{"line":63,"column":8},"end":{"line":63,"column":36}},"type":"binary-expr","locations":[{"start":{"line":63,"column":8},"end":{"line":63,"column":21}},{"start":{"line":63,"column":25},"end":{"line":63,"column":36}}],"line":63},"6":{"loc":{"start":{"line":87,"column":28},"end":{"line":87,"column":61}},"type":"cond-expr","locations":[{"start":{"line":87,"column":47},"end":{"line":87,"column":51}},{"start":{"line":87,"column":54},"end":{"line":87,"column":61}}],"line":87},"7":{"loc":{"start":{"line":88,"column":4},"end":{"line":88,"column":40}},"type":"if","locations":[{"start":{"line":88,"column":4},"end":{"line":88,"column":40}},{"start":{},"end":{}}],"line":88},"8":{"loc":{"start":{"line":91,"column":4},"end":{"line":91,"column":57}},"type":"if","locations":[{"start":{"line":91,"column":4},"end":{"line":91,"column":57}},{"start":{},"end":{}}],"line":91},"9":{"loc":{"start":{"line":103,"column":6},"end":{"line":103,"column":59}},"type":"if","locations":[{"start":{"line":103,"column":6},"end":{"line":103,"column":59}},{"start":{},"end":{}}],"line":103},"10":{"loc":{"start":{"line":109,"column":6},"end":{"line":109,"column":63}},"type":"if","locations":[{"start":{"line":109,"column":6},"end":{"line":109,"column":63}},{"start":{},"end":{}}],"line":109},"11":{"loc":{"start":{"line":120,"column":28},"end":{"line":120,"column":61}},"type":"cond-expr","locations":[{"start":{"line":120,"column":47},"end":{"line":120,"column":51}},{"start":{"line":120,"column":54},"end":{"line":120,"column":61}}],"line":120},"12":{"loc":{"start":{"line":121,"column":4},"end":{"line":121,"column":28}},"type":"if","locations":[{"start":{"line":121,"column":4},"end":{"line":121,"column":28}},{"start":{},"end":{}}],"line":121},"13":{"loc":{"start":{"line":124,"column":4},"end":{"line":124,"column":57}},"type":"if","locations":[{"start":{"line":124,"column":4},"end":{"line":124,"column":57}},{"start":{},"end":{}}],"line":124},"14":{"loc":{"start":{"line":128,"column":6},"end":{"line":143,"column":7}},"type":"if","locations":[{"start":{"line":128,"column":6},"end":{"line":143,"column":7}},{"start":{},"end":{}}],"line":128},"15":{"loc":{"start":{"line":149,"column":4},"end":{"line":149,"column":28}},"type":"if","locations":[{"start":{"line":149,"column":4},"end":{"line":149,"column":28}},{"start":{},"end":{}}],"line":149},"16":{"loc":{"start":{"line":152,"column":26},"end":{"line":152,"column":48}},"type":"binary-expr","locations":[{"start":{"line":152,"column":26},"end":{"line":152,"column":42}},{"start":{"line":152,"column":46},"end":{"line":152,"column":48}}],"line":152},"17":{"loc":{"start":{"line":157,"column":4},"end":{"line":157,"column":28}},"type":"if","locations":[{"start":{"line":157,"column":4},"end":{"line":157,"column":28}},{"start":{},"end":{}}],"line":157},"18":{"loc":{"start":{"line":161,"column":12},"end":{"line":161,"column":34}},"type":"binary-expr","locations":[{"start":{"line":161,"column":12},"end":{"line":161,"column":28}},{"start":{"line":161,"column":32},"end":{"line":161,"column":34}}],"line":161},"19":{"loc":{"start":{"line":162,"column":23},"end":{"line":162,"column":61}},"type":"binary-expr","locations":[{"start":{"line":162,"column":23},"end":{"line":162,"column":55}},{"start":{"line":162,"column":59},"end":{"line":162,"column":61}}],"line":162},"20":{"loc":{"start":{"line":162,"column":24},"end":{"line":162,"column":46}},"type":"binary-expr","locations":[{"start":{"line":162,"column":24},"end":{"line":162,"column":40}},{"start":{"line":162,"column":44},"end":{"line":162,"column":46}}],"line":162},"21":{"loc":{"start":{"line":169,"column":16},"end":{"line":169,"column":50}},"type":"binary-expr","locations":[{"start":{"line":169,"column":16},"end":{"line":169,"column":44}},{"start":{"line":169,"column":48},"end":{"line":169,"column":50}}],"line":169},"22":{"loc":{"start":{"line":182,"column":4},"end":{"line":182,"column":19}},"type":"if","locations":[{"start":{"line":182,"column":4},"end":{"line":182,"column":19}},{"start":{},"end":{}}],"line":182},"23":{"loc":{"start":{"line":184,"column":4},"end":{"line":191,"column":5}},"type":"if","locations":[{"start":{"line":184,"column":4},"end":{"line":191,"column":5}},{"start":{},"end":{}}],"line":184},"24":{"loc":{"start":{"line":185,"column":6},"end":{"line":188,"column":7}},"type":"if","locations":[{"start":{"line":185,"column":6},"end":{"line":188,"column":7}},{"start":{},"end":{}}],"line":185},"25":{"loc":{"start":{"line":193,"column":4},"end":{"line":198,"column":5}},"type":"if","locations":[{"start":{"line":193,"column":4},"end":{"line":198,"column":5}},{"start":{},"end":{}}],"line":193},"26":{"loc":{"start":{"line":203,"column":4},"end":{"line":203,"column":19}},"type":"if","locations":[{"start":{"line":203,"column":4},"end":{"line":203,"column":19}},{"start":{},"end":{}}],"line":203},"27":{"loc":{"start":{"line":204,"column":4},"end":{"line":204,"column":56}},"type":"if","locations":[{"start":{"line":204,"column":4},"end":{"line":204,"column":56}},{"start":{},"end":{}}],"line":204},"28":{"loc":{"start":{"line":209,"column":4},"end":{"line":209,"column":30}},"type":"if","locations":[{"start":{"line":209,"column":4},"end":{"line":209,"column":30}},{"start":{},"end":{}}],"line":209},"29":{"loc":{"start":{"line":209,"column":8},"end":{"line":209,"column":21}},"type":"binary-expr","locations":[{"start":{"line":209,"column":8},"end":{"line":209,"column":10}},{"start":{"line":209,"column":14},"end":{"line":209,"column":21}}],"line":209},"30":{"loc":{"start":{"line":210,"column":21},"end":{"line":210,"column":54}},"type":"binary-expr","locations":[{"start":{"line":210,"column":21},"end":{"line":210,"column":48}},{"start":{"line":210,"column":52},"end":{"line":210,"column":54}}],"line":210},"31":{"loc":{"start":{"line":211,"column":4},"end":{"line":211,"column":33}},"type":"if","locations":[{"start":{"line":211,"column":4},"end":{"line":211,"column":33}},{"start":{},"end":{}}],"line":211},"32":{"loc":{"start":{"line":220,"column":4},"end":{"line":220,"column":19}},"type":"if","locations":[{"start":{"line":220,"column":4},"end":{"line":220,"column":19}},{"start":{},"end":{}}],"line":220},"33":{"loc":{"start":{"line":226,"column":4},"end":{"line":226,"column":19}},"type":"if","locations":[{"start":{"line":226,"column":4},"end":{"line":226,"column":19}},{"start":{},"end":{}}],"line":226},"34":{"loc":{"start":{"line":227,"column":18},"end":{"line":227,"column":33}},"type":"binary-expr","locations":[{"start":{"line":227,"column":18},"end":{"line":227,"column":27}},{"start":{"line":227,"column":31},"end":{"line":227,"column":33}}],"line":227},"35":{"loc":{"start":{"line":228,"column":4},"end":{"line":231,"column":5}},"type":"if","locations":[{"start":{"line":228,"column":4},"end":{"line":231,"column":5}},{"start":{},"end":{}}],"line":228},"36":{"loc":{"start":{"line":239,"column":4},"end":{"line":239,"column":28}},"type":"if","locations":[{"start":{"line":239,"column":4},"end":{"line":239,"column":28}},{"start":{},"end":{}}],"line":239},"37":{"loc":{"start":{"line":241,"column":4},"end":{"line":241,"column":19}},"type":"if","locations":[{"start":{"line":241,"column":4},"end":{"line":241,"column":19}},{"start":{},"end":{}}],"line":241},"38":{"loc":{"start":{"line":242,"column":4},"end":{"line":242,"column":24}},"type":"if","locations":[{"start":{"line":242,"column":4},"end":{"line":242,"column":24}},{"start":{},"end":{}}],"line":242},"39":{"loc":{"start":{"line":243,"column":4},"end":{"line":255,"column":5}},"type":"if","locations":[{"start":{"line":243,"column":4},"end":{"line":255,"column":5}},{"start":{},"end":{}}],"line":243},"40":{"loc":{"start":{"line":243,"column":8},"end":{"line":243,"column":36}},"type":"binary-expr","locations":[{"start":{"line":243,"column":8},"end":{"line":243,"column":20}},{"start":{"line":243,"column":24},"end":{"line":243,"column":36}}],"line":243},"41":{"loc":{"start":{"line":249,"column":8},"end":{"line":249,"column":30}},"type":"if","locations":[{"start":{"line":249,"column":8},"end":{"line":249,"column":30}},{"start":{},"end":{}}],"line":249},"42":{"loc":{"start":{"line":252,"column":8},"end":{"line":252,"column":83}},"type":"if","locations":[{"start":{"line":252,"column":8},"end":{"line":252,"column":83}},{"start":{},"end":{}}],"line":252},"43":{"loc":{"start":{"line":252,"column":12},"end":{"line":252,"column":69}},"type":"binary-expr","locations":[{"start":{"line":252,"column":12},"end":{"line":252,"column":26}},{"start":{"line":252,"column":30},"end":{"line":252,"column":41}},{"start":{"line":252,"column":45},"end":{"line":252,"column":69}}],"line":252},"44":{"loc":{"start":{"line":258,"column":2},"end":{"line":258,"column":68}},"type":"if","locations":[{"start":{"line":258,"column":2},"end":{"line":258,"column":68}},{"start":{},"end":{}}],"line":258},"45":{"loc":{"start":{"line":260,"column":27},"end":{"line":260,"column":46}},"type":"binary-expr","locations":[{"start":{"line":260,"column":27},"end":{"line":260,"column":40}},{"start":{"line":260,"column":44},"end":{"line":260,"column":46}}],"line":260},"46":{"loc":{"start":{"line":261,"column":24},"end":{"line":263,"column":22}},"type":"cond-expr","locations":[{"start":{"line":262,"column":6},"end":{"line":262,"column":106}},{"start":{"line":263,"column":6},"end":{"line":263,"column":22}}],"line":261},"47":{"loc":{"start":{"line":262,"column":36},"end":{"line":262,"column":59}},"type":"binary-expr","locations":[{"start":{"line":262,"column":36},"end":{"line":262,"column":53}},{"start":{"line":262,"column":57},"end":{"line":262,"column":59}}],"line":262},"48":{"loc":{"start":{"line":266,"column":21},"end":{"line":266,"column":69}},"type":"cond-expr","locations":[{"start":{"line":266,"column":34},"end":{"line":266,"column":62}},{"start":{"line":266,"column":65},"end":{"line":266,"column":69}}],"line":266},"49":{"loc":{"start":{"line":312,"column":30},"end":{"line":312,"column":87}},"type":"cond-expr","locations":[{"start":{"line":312,"column":52},"end":{"line":312,"column":71}},{"start":{"line":312,"column":74},"end":{"line":312,"column":87}}],"line":312},"50":{"loc":{"start":{"line":317,"column":64},"end":{"line":317,"column":94}},"type":"binary-expr","locations":[{"start":{"line":317,"column":64},"end":{"line":317,"column":81}},{"start":{"line":317,"column":85},"end":{"line":317,"column":94}}],"line":317},"51":{"loc":{"start":{"line":318,"column":85},"end":{"line":318,"column":104}},"type":"binary-expr","locations":[{"start":{"line":318,"column":85},"end":{"line":318,"column":98}},{"start":{"line":318,"column":102},"end":{"line":318,"column":104}}],"line":318},"52":{"loc":{"start":{"line":329,"column":15},"end":{"line":329,"column":104}},"type":"cond-expr","locations":[{"start":{"line":329,"column":31},"end":{"line":329,"column":77}},{"start":{"line":329,"column":81},"end":{"line":329,"column":104}}],"line":329},"53":{"loc":{"start":{"line":329,"column":31},"end":{"line":329,"column":77}},"type":"binary-expr","locations":[{"start":{"line":329,"column":31},"end":{"line":329,"column":59}},{"start":{"line":329,"column":63},"end":{"line":329,"column":77}}],"line":329},"54":{"loc":{"start":{"line":356,"column":11},"end":{"line":369,"column":11}},"type":"binary-expr","locations":[{"start":{"line":356,"column":11},"end":{"line":356,"column":34}},{"start":{"line":356,"column":38},"end":{"line":356,"column":48}},{"start":{"line":357,"column":12},"end":{"line":368,"column":14}}],"line":356},"55":{"loc":{"start":{"line":371,"column":11},"end":{"line":379,"column":11}},"type":"binary-expr","locations":[{"start":{"line":371,"column":11},"end":{"line":371,"column":34}},{"start":{"line":372,"column":12},"end":{"line":378,"column":14}}],"line":371},"56":{"loc":{"start":{"line":383,"column":13},"end":{"line":417,"column":13}},"type":"cond-expr","locations":[{"start":{"line":384,"column":14},"end":{"line":384,"column":81}},{"start":{"line":386,"column":14},"end":{"line":416,"column":17}}],"line":383},"57":{"loc":{"start":{"line":387,"column":18},"end":{"line":387,"column":32}},"type":"binary-expr","locations":[{"start":{"line":387,"column":18},"end":{"line":387,"column":26}},{"start":{"line":387,"column":30},"end":{"line":387,"column":32}}],"line":387},"58":{"loc":{"start":{"line":392,"column":38},"end":{"line":392,"column":72}},"type":"cond-expr","locations":[{"start":{"line":392,"column":47},"end":{"line":392,"column":57}},{"start":{"line":392,"column":60},"end":{"line":392,"column":72}}],"line":392},"59":{"loc":{"start":{"line":399,"column":36},"end":{"line":399,"column":75}},"type":"cond-expr","locations":[{"start":{"line":399,"column":45},"end":{"line":399,"column":58}},{"start":{"line":399,"column":61},"end":{"line":399,"column":75}}],"line":399},"60":{"loc":{"start":{"line":400,"column":31},"end":{"line":400,"column":63}},"type":"cond-expr","locations":[{"start":{"line":400,"column":40},"end":{"line":400,"column":47}},{"start":{"line":400,"column":50},"end":{"line":400,"column":63}}],"line":400},"61":{"loc":{"start":{"line":402,"column":38},"end":{"line":402,"column":90}},"type":"cond-expr","locations":[{"start":{"line":402,"column":47},"end":{"line":402,"column":67}},{"start":{"line":402,"column":70},"end":{"line":402,"column":90}}],"line":402},"62":{"loc":{"start":{"line":427,"column":32},"end":{"line":427,"column":69}},"type":"if","locations":[{"start":{"line":427,"column":32},"end":{"line":427,"column":69}},{"start":{},"end":{}}],"line":427},"63":{"loc":{"start":{"line":455,"column":2},"end":{"line":455,"column":26}},"type":"if","locations":[{"start":{"line":455,"column":2},"end":{"line":455,"column":26}},{"start":{},"end":{}}],"line":455},"64":{"loc":{"start":{"line":457,"column":15},"end":{"line":457,"column":67}},"type":"cond-expr","locations":[{"start":{"line":457,"column":29},"end":{"line":457,"column":61}},{"start":{"line":457,"column":65},"end":{"line":457,"column":67}}],"line":457},"65":{"loc":{"start":{"line":457,"column":29},"end":{"line":457,"column":61}},"type":"binary-expr","locations":[{"start":{"line":457,"column":29},"end":{"line":457,"column":55}},{"start":{"line":457,"column":59},"end":{"line":457,"column":61}}],"line":457},"66":{"loc":{"start":{"line":459,"column":19},"end":{"line":459,"column":76}},"type":"cond-expr","locations":[{"start":{"line":459,"column":33},"end":{"line":459,"column":70}},{"start":{"line":459,"column":74},"end":{"line":459,"column":76}}],"line":459},"67":{"loc":{"start":{"line":459,"column":33},"end":{"line":459,"column":70}},"type":"binary-expr","locations":[{"start":{"line":459,"column":33},"end":{"line":459,"column":64}},{"start":{"line":459,"column":68},"end":{"line":459,"column":70}}],"line":459},"68":{"loc":{"start":{"line":460,"column":15},"end":{"line":460,"column":88}},"type":"cond-expr","locations":[{"start":{"line":460,"column":33},"end":{"line":460,"column":82}},{"start":{"line":460,"column":85},"end":{"line":460,"column":88}}],"line":460},"69":{"loc":{"start":{"line":461,"column":23},"end":{"line":461,"column":94}},"type":"cond-expr","locations":[{"start":{"line":461,"column":41},"end":{"line":461,"column":89}},{"start":{"line":461,"column":92},"end":{"line":461,"column":94}}],"line":461},"70":{"loc":{"start":{"line":470,"column":51},"end":{"line":470,"column":89}},"type":"cond-expr","locations":[{"start":{"line":470,"column":70},"end":{"line":470,"column":79}},{"start":{"line":470,"column":82},"end":{"line":470,"column":89}}],"line":470},"71":{"loc":{"start":{"line":472,"column":51},"end":{"line":472,"column":111}},"type":"cond-expr","locations":[{"start":{"line":472,"column":70},"end":{"line":472,"column":79}},{"start":{"line":472,"column":82},"end":{"line":472,"column":111}}],"line":472},"72":{"loc":{"start":{"line":472,"column":82},"end":{"line":472,"column":111}},"type":"cond-expr","locations":[{"start":{"line":472,"column":99},"end":{"line":472,"column":106}},{"start":{"line":472,"column":109},"end":{"line":472,"column":111}}],"line":472},"73":{"loc":{"start":{"line":474,"column":51},"end":{"line":474,"column":84}},"type":"cond-expr","locations":[{"start":{"line":474,"column":70},"end":{"line":474,"column":79}},{"start":{"line":474,"column":82},"end":{"line":474,"column":84}}],"line":474},"74":{"loc":{"start":{"line":482,"column":11},"end":{"line":502,"column":11}},"type":"binary-expr","locations":[{"start":{"line":482,"column":11},"end":{"line":482,"column":27}},{"start":{"line":483,"column":12},"end":{"line":501,"column":18}}],"line":482},"75":{"loc":{"start":{"line":489,"column":60},"end":{"line":489,"column":99}},"type":"cond-expr","locations":[{"start":{"line":489,"column":83},"end":{"line":489,"column":94}},{"start":{"line":489,"column":97},"end":{"line":489,"column":99}}],"line":489},"76":{"loc":{"start":{"line":493,"column":40},"end":{"line":493,"column":83}},"type":"if","locations":[{"start":{"line":493,"column":40},"end":{"line":493,"column":83}},{"start":{},"end":{}}],"line":493},"77":{"loc":{"start":{"line":504,"column":11},"end":{"line":516,"column":11}},"type":"binary-expr","locations":[{"start":{"line":504,"column":11},"end":{"line":504,"column":27}},{"start":{"line":505,"column":12},"end":{"line":515,"column":18}}],"line":504},"78":{"loc":{"start":{"line":518,"column":11},"end":{"line":540,"column":11}},"type":"binary-expr","locations":[{"start":{"line":518,"column":11},"end":{"line":518,"column":27}},{"start":{"line":519,"column":12},"end":{"line":539,"column":18}}],"line":518},"79":{"loc":{"start":{"line":531,"column":23},"end":{"line":531,"column":42}},"type":"binary-expr","locations":[{"start":{"line":531,"column":23},"end":{"line":531,"column":36}},{"start":{"line":531,"column":40},"end":{"line":531,"column":42}}],"line":531},"80":{"loc":{"start":{"line":546,"column":13},"end":{"line":552,"column":14}},"type":"cond-expr","locations":[{"start":{"line":547,"column":14},"end":{"line":549,"column":20}},{"start":{"line":550,"column":16},"end":{"line":552,"column":14}}],"line":546},"81":{"loc":{"start":{"line":558,"column":71},"end":{"line":558,"column":108}},"type":"cond-expr","locations":[{"start":{"line":558,"column":88},"end":{"line":558,"column":97}},{"start":{"line":558,"column":100},"end":{"line":558,"column":108}}],"line":558},"82":{"loc":{"start":{"line":563,"column":11},"end":{"line":563,"column":47}},"type":"cond-expr","locations":[{"start":{"line":563,"column":30},"end":{"line":563,"column":36}},{"start":{"line":563,"column":39},"end":{"line":563,"column":47}}],"line":563},"83":{"loc":{"start":{"line":575,"column":60},"end":{"line":575,"column":71}},"type":"binary-expr","locations":[{"start":{"line":575,"column":60},"end":{"line":575,"column":65}},{"start":{"line":575,"column":69},"end":{"line":575,"column":71}}],"line":575},"84":{"loc":{"start":{"line":586,"column":16},"end":{"line":586,"column":29}},"type":"binary-expr","locations":[{"start":{"line":586,"column":16},"end":{"line":586,"column":24}},{"start":{"line":586,"column":28},"end":{"line":586,"column":29}}],"line":586},"85":{"loc":{"start":{"line":587,"column":17},"end":{"line":587,"column":68}},"type":"cond-expr","locations":[{"start":{"line":587,"column":31},"end":{"line":587,"column":37}},{"start":{"line":587,"column":40},"end":{"line":587,"column":68}}],"line":587},"86":{"loc":{"start":{"line":587,"column":40},"end":{"line":587,"column":68}},"type":"cond-expr","locations":[{"start":{"line":587,"column":54},"end":{"line":587,"column":60}},{"start":{"line":587,"column":63},"end":{"line":587,"column":68}}],"line":587},"87":{"loc":{"start":{"line":588,"column":22},"end":{"line":588,"column":96}},"type":"cond-expr","locations":[{"start":{"line":588,"column":36},"end":{"line":588,"column":43}},{"start":{"line":588,"column":46},"end":{"line":588,"column":96}}],"line":588},"88":{"loc":{"start":{"line":588,"column":46},"end":{"line":588,"column":96}},"type":"cond-expr","locations":[{"start":{"line":588,"column":60},"end":{"line":588,"column":74}},{"start":{"line":588,"column":77},"end":{"line":588,"column":96}}],"line":588},"89":{"loc":{"start":{"line":607,"column":9},"end":{"line":693,"column":9}},"type":"cond-expr","locations":[{"start":{"line":608,"column":10},"end":{"line":608,"column":87}},{"start":{"line":609,"column":12},"end":{"line":693,"column":9}}],"line":607},"90":{"loc":{"start":{"line":609,"column":12},"end":{"line":693,"column":9}},"type":"cond-expr","locations":[{"start":{"line":610,"column":10},"end":{"line":610,"column":88}},{"start":{"line":612,"column":10},"end":{"line":692,"column":16}}],"line":609},"91":{"loc":{"start":{"line":622,"column":30},"end":{"line":622,"column":120}},"type":"cond-expr","locations":[{"start":{"line":622,"column":50},"end":{"line":622,"column":64}},{"start":{"line":622,"column":67},"end":{"line":622,"column":120}}],"line":622},"92":{"loc":{"start":{"line":622,"column":67},"end":{"line":622,"column":120}},"type":"cond-expr","locations":[{"start":{"line":622,"column":87},"end":{"line":622,"column":105}},{"start":{"line":622,"column":108},"end":{"line":622,"column":120}}],"line":622},"93":{"loc":{"start":{"line":642,"column":17},"end":{"line":642,"column":81}},"type":"binary-expr","locations":[{"start":{"line":642,"column":17},"end":{"line":642,"column":24}},{"start":{"line":642,"column":28},"end":{"line":642,"column":81}}],"line":642},"94":{"loc":{"start":{"line":646,"column":18},"end":{"line":646,"column":34}},"type":"binary-expr","locations":[{"start":{"line":646,"column":18},"end":{"line":646,"column":28}},{"start":{"line":646,"column":32},"end":{"line":646,"column":34}}],"line":646},"95":{"loc":{"start":{"line":647,"column":28},"end":{"line":647,"column":87}},"type":"cond-expr","locations":[{"start":{"line":647,"column":46},"end":{"line":647,"column":52}},{"start":{"line":647,"column":55},"end":{"line":647,"column":87}}],"line":647},"96":{"loc":{"start":{"line":647,"column":55},"end":{"line":647,"column":87}},"type":"cond-expr","locations":[{"start":{"line":647,"column":73},"end":{"line":647,"column":79}},{"start":{"line":647,"column":82},"end":{"line":647,"column":87}}],"line":647},"97":{"loc":{"start":{"line":665,"column":20},"end":{"line":665,"column":33}},"type":"binary-expr","locations":[{"start":{"line":665,"column":20},"end":{"line":665,"column":27}},{"start":{"line":665,"column":31},"end":{"line":665,"column":33}}],"line":665},"98":{"loc":{"start":{"line":671,"column":23},"end":{"line":675,"column":23}},"type":"cond-expr","locations":[{"start":{"line":672,"column":24},"end":{"line":672,"column":72}},{"start":{"line":674,"column":24},"end":{"line":674,"column":71}}],"line":671},"99":{"loc":{"start":{"line":712,"column":46},"end":{"line":712,"column":55}},"type":"default-arg","locations":[{"start":{"line":712,"column":53},"end":{"line":712,"column":55}}],"line":712},"100":{"loc":{"start":{"line":713,"column":17},"end":{"line":713,"column":58}},"type":"cond-expr","locations":[{"start":{"line":713,"column":32},"end":{"line":713,"column":53}},{"start":{"line":713,"column":57},"end":{"line":713,"column":58}}],"line":713},"101":{"loc":{"start":{"line":728,"column":67},"end":{"line":728,"column":96}},"type":"cond-expr","locations":[{"start":{"line":728,"column":81},"end":{"line":728,"column":87}},{"start":{"line":728,"column":90},"end":{"line":728,"column":96}}],"line":728},"102":{"loc":{"start":{"line":736,"column":12},"end":{"line":736,"column":22}},"type":"binary-expr","locations":[{"start":{"line":736,"column":12},"end":{"line":736,"column":16}},{"start":{"line":736,"column":20},"end":{"line":736,"column":22}}],"line":736},"103":{"loc":{"start":{"line":737,"column":23},"end":{"line":737,"column":39}},"type":"binary-expr","locations":[{"start":{"line":737,"column":23},"end":{"line":737,"column":33}},{"start":{"line":737,"column":37},"end":{"line":737,"column":39}}],"line":737},"104":{"loc":{"start":{"line":738,"column":20},"end":{"line":738,"column":33}},"type":"binary-expr","locations":[{"start":{"line":738,"column":20},"end":{"line":738,"column":27}},{"start":{"line":738,"column":31},"end":{"line":738,"column":33}}],"line":738},"105":{"loc":{"start":{"line":739,"column":21},"end":{"line":739,"column":83}},"type":"cond-expr","locations":[{"start":{"line":739,"column":47},"end":{"line":739,"column":62}},{"start":{"line":739,"column":66},"end":{"line":739,"column":82}}],"line":739},"106":{"loc":{"start":{"line":739,"column":66},"end":{"line":739,"column":82}},"type":"cond-expr","locations":[{"start":{"line":739,"column":77},"end":{"line":739,"column":78}},{"start":{"line":739,"column":81},"end":{"line":739,"column":82}}],"line":739},"107":{"loc":{"start":{"line":741,"column":2},"end":{"line":741,"column":79}},"type":"if","locations":[{"start":{"line":741,"column":2},"end":{"line":741,"column":79}},{"start":{},"end":{}}],"line":741},"108":{"loc":{"start":{"line":742,"column":2},"end":{"line":742,"column":79}},"type":"if","locations":[{"start":{"line":742,"column":2},"end":{"line":742,"column":79}},{"start":{},"end":{}}],"line":742},"109":{"loc":{"start":{"line":743,"column":2},"end":{"line":743,"column":74}},"type":"if","locations":[{"start":{"line":743,"column":2},"end":{"line":743,"column":74}},{"start":{},"end":{}}],"line":743},"110":{"loc":{"start":{"line":744,"column":2},"end":{"line":744,"column":74}},"type":"if","locations":[{"start":{"line":744,"column":2},"end":{"line":744,"column":74}},{"start":{},"end":{}}],"line":744},"111":{"loc":{"start":{"line":745,"column":2},"end":{"line":745,"column":76}},"type":"if","locations":[{"start":{"line":745,"column":2},"end":{"line":745,"column":76}},{"start":{},"end":{}}],"line":745},"112":{"loc":{"start":{"line":751,"column":2},"end":{"line":751,"column":39}},"type":"if","locations":[{"start":{"line":751,"column":2},"end":{"line":751,"column":39}},{"start":{},"end":{}}],"line":751},"113":{"loc":{"start":{"line":751,"column":6},"end":{"line":751,"column":27}},"type":"binary-expr","locations":[{"start":{"line":751,"column":6},"end":{"line":751,"column":12}},{"start":{"line":751,"column":16},"end":{"line":751,"column":27}}],"line":751},"114":{"loc":{"start":{"line":752,"column":19},"end":{"line":752,"column":56}},"type":"binary-expr","locations":[{"start":{"line":752,"column":19},"end":{"line":752,"column":50}},{"start":{"line":752,"column":54},"end":{"line":752,"column":56}}],"line":752},"115":{"loc":{"start":{"line":753,"column":2},"end":{"line":753,"column":34}},"type":"if","locations":[{"start":{"line":753,"column":2},"end":{"line":753,"column":34}},{"start":{},"end":{}}],"line":753},"116":{"loc":{"start":{"line":755,"column":26},"end":{"line":755,"column":45}},"type":"binary-expr","locations":[{"start":{"line":755,"column":26},"end":{"line":755,"column":39}},{"start":{"line":755,"column":43},"end":{"line":755,"column":45}}],"line":755},"117":{"loc":{"start":{"line":807,"column":29},"end":{"line":807,"column":52}},"type":"binary-expr","locations":[{"start":{"line":807,"column":29},"end":{"line":807,"column":40}},{"start":{"line":807,"column":44},"end":{"line":807,"column":52}}],"line":807},"118":{"loc":{"start":{"line":807,"column":64},"end":{"line":807,"column":97}},"type":"binary-expr","locations":[{"start":{"line":807,"column":64},"end":{"line":807,"column":74}},{"start":{"line":807,"column":78},"end":{"line":807,"column":97}}],"line":807},"119":{"loc":{"start":{"line":807,"column":138},"end":{"line":807,"column":164}},"type":"binary-expr","locations":[{"start":{"line":807,"column":138},"end":{"line":807,"column":145}},{"start":{"line":807,"column":149},"end":{"line":807,"column":164}}],"line":807},"120":{"loc":{"start":{"line":811,"column":32},"end":{"line":811,"column":55}},"type":"binary-expr","locations":[{"start":{"line":811,"column":32},"end":{"line":811,"column":43}},{"start":{"line":811,"column":47},"end":{"line":811,"column":55}}],"line":811},"121":{"loc":{"start":{"line":811,"column":74},"end":{"line":811,"column":101}},"type":"binary-expr","locations":[{"start":{"line":811,"column":74},"end":{"line":811,"column":84}},{"start":{"line":811,"column":88},"end":{"line":811,"column":101}}],"line":811},"122":{"loc":{"start":{"line":811,"column":132},"end":{"line":811,"column":152}},"type":"binary-expr","locations":[{"start":{"line":811,"column":132},"end":{"line":811,"column":139}},{"start":{"line":811,"column":143},"end":{"line":811,"column":152}}],"line":811},"123":{"loc":{"start":{"line":817,"column":29},"end":{"line":817,"column":52}},"type":"binary-expr","locations":[{"start":{"line":817,"column":29},"end":{"line":817,"column":40}},{"start":{"line":817,"column":44},"end":{"line":817,"column":52}}],"line":817},"124":{"loc":{"start":{"line":817,"column":70},"end":{"line":817,"column":88}},"type":"binary-expr","locations":[{"start":{"line":817,"column":70},"end":{"line":817,"column":76}},{"start":{"line":817,"column":80},"end":{"line":817,"column":88}}],"line":817},"125":{"loc":{"start":{"line":817,"column":103},"end":{"line":817,"column":127}},"type":"binary-expr","locations":[{"start":{"line":817,"column":103},"end":{"line":817,"column":112}},{"start":{"line":817,"column":116},"end":{"line":817,"column":127}}],"line":817},"126":{"loc":{"start":{"line":817,"column":162},"end":{"line":817,"column":195}},"type":"binary-expr","locations":[{"start":{"line":817,"column":162},"end":{"line":817,"column":172}},{"start":{"line":817,"column":176},"end":{"line":817,"column":195}}],"line":817},"127":{"loc":{"start":{"line":817,"column":218},"end":{"line":817,"column":243}},"type":"binary-expr","locations":[{"start":{"line":817,"column":218},"end":{"line":817,"column":225}},{"start":{"line":817,"column":229},"end":{"line":817,"column":243}}],"line":817},"128":{"loc":{"start":{"line":821,"column":29},"end":{"line":821,"column":52}},"type":"binary-expr","locations":[{"start":{"line":821,"column":29},"end":{"line":821,"column":40}},{"start":{"line":821,"column":44},"end":{"line":821,"column":52}}],"line":821},"129":{"loc":{"start":{"line":821,"column":88},"end":{"line":821,"column":121}},"type":"binary-expr","locations":[{"start":{"line":821,"column":88},"end":{"line":821,"column":98}},{"start":{"line":821,"column":102},"end":{"line":821,"column":121}}],"line":821},"130":{"loc":{"start":{"line":821,"column":160},"end":{"line":821,"column":180}},"type":"binary-expr","locations":[{"start":{"line":821,"column":160},"end":{"line":821,"column":167}},{"start":{"line":821,"column":171},"end":{"line":821,"column":180}}],"line":821},"131":{"loc":{"start":{"line":821,"column":270},"end":{"line":821,"column":294}},"type":"binary-expr","locations":[{"start":{"line":821,"column":270},"end":{"line":821,"column":279}},{"start":{"line":821,"column":283},"end":{"line":821,"column":294}}],"line":821},"132":{"loc":{"start":{"line":827,"column":29},"end":{"line":827,"column":52}},"type":"binary-expr","locations":[{"start":{"line":827,"column":29},"end":{"line":827,"column":40}},{"start":{"line":827,"column":44},"end":{"line":827,"column":52}}],"line":827},"133":{"loc":{"start":{"line":827,"column":64},"end":{"line":827,"column":97}},"type":"binary-expr","locations":[{"start":{"line":827,"column":64},"end":{"line":827,"column":74}},{"start":{"line":827,"column":78},"end":{"line":827,"column":97}}],"line":827},"134":{"loc":{"start":{"line":827,"column":136},"end":{"line":827,"column":156}},"type":"binary-expr","locations":[{"start":{"line":827,"column":136},"end":{"line":827,"column":143}},{"start":{"line":827,"column":147},"end":{"line":827,"column":156}}],"line":827},"135":{"loc":{"start":{"line":831,"column":32},"end":{"line":831,"column":55}},"type":"binary-expr","locations":[{"start":{"line":831,"column":32},"end":{"line":831,"column":43}},{"start":{"line":831,"column":47},"end":{"line":831,"column":55}}],"line":831},"136":{"loc":{"start":{"line":831,"column":67},"end":{"line":831,"column":100}},"type":"binary-expr","locations":[{"start":{"line":831,"column":67},"end":{"line":831,"column":77}},{"start":{"line":831,"column":81},"end":{"line":831,"column":100}}],"line":831},"137":{"loc":{"start":{"line":831,"column":135},"end":{"line":831,"column":155}},"type":"binary-expr","locations":[{"start":{"line":831,"column":135},"end":{"line":831,"column":142}},{"start":{"line":831,"column":146},"end":{"line":831,"column":155}}],"line":831},"138":{"loc":{"start":{"line":837,"column":29},"end":{"line":837,"column":52}},"type":"binary-expr","locations":[{"start":{"line":837,"column":29},"end":{"line":837,"column":40}},{"start":{"line":837,"column":44},"end":{"line":837,"column":52}}],"line":837},"139":{"loc":{"start":{"line":837,"column":64},"end":{"line":837,"column":97}},"type":"binary-expr","locations":[{"start":{"line":837,"column":64},"end":{"line":837,"column":74}},{"start":{"line":837,"column":78},"end":{"line":837,"column":97}}],"line":837},"140":{"loc":{"start":{"line":837,"column":127},"end":{"line":837,"column":147}},"type":"binary-expr","locations":[{"start":{"line":837,"column":127},"end":{"line":837,"column":134}},{"start":{"line":837,"column":138},"end":{"line":837,"column":147}}],"line":837},"141":{"loc":{"start":{"line":843,"column":29},"end":{"line":843,"column":52}},"type":"binary-expr","locations":[{"start":{"line":843,"column":29},"end":{"line":843,"column":40}},{"start":{"line":843,"column":44},"end":{"line":843,"column":52}}],"line":843},"142":{"loc":{"start":{"line":843,"column":84},"end":{"line":843,"column":125}},"type":"cond-expr","locations":[{"start":{"line":843,"column":96},"end":{"line":843,"column":112}},{"start":{"line":843,"column":115},"end":{"line":843,"column":125}}],"line":843},"143":{"loc":{"start":{"line":843,"column":208},"end":{"line":843,"column":228}},"type":"binary-expr","locations":[{"start":{"line":843,"column":208},"end":{"line":843,"column":215}},{"start":{"line":843,"column":219},"end":{"line":843,"column":228}}],"line":843},"144":{"loc":{"start":{"line":849,"column":29},"end":{"line":849,"column":52}},"type":"binary-expr","locations":[{"start":{"line":849,"column":29},"end":{"line":849,"column":40}},{"start":{"line":849,"column":44},"end":{"line":849,"column":52}}],"line":849},"145":{"loc":{"start":{"line":849,"column":76},"end":{"line":849,"column":100}},"type":"binary-expr","locations":[{"start":{"line":849,"column":76},"end":{"line":849,"column":85}},{"start":{"line":849,"column":89},"end":{"line":849,"column":100}}],"line":849},"146":{"loc":{"start":{"line":849,"column":112},"end":{"line":849,"column":130}},"type":"binary-expr","locations":[{"start":{"line":849,"column":112},"end":{"line":849,"column":118}},{"start":{"line":849,"column":122},"end":{"line":849,"column":130}}],"line":849},"147":{"loc":{"start":{"line":849,"column":148},"end":{"line":849,"column":181}},"type":"binary-expr","locations":[{"start":{"line":849,"column":148},"end":{"line":849,"column":158}},{"start":{"line":849,"column":162},"end":{"line":849,"column":181}}],"line":849},"148":{"loc":{"start":{"line":849,"column":210},"end":{"line":849,"column":247}},"type":"binary-expr","locations":[{"start":{"line":849,"column":210},"end":{"line":849,"column":217}},{"start":{"line":849,"column":221},"end":{"line":849,"column":247}}],"line":849},"149":{"loc":{"start":{"line":857,"column":0},"end":{"line":868,"column":1}},"type":"if","locations":[{"start":{"line":857,"column":0},"end":{"line":868,"column":1}},{"start":{},"end":{}}],"line":857},"150":{"loc":{"start":{"line":857,"column":4},"end":{"line":857,"column":51}},"type":"binary-expr","locations":[{"start":{"line":857,"column":4},"end":{"line":857,"column":33}},{"start":{"line":857,"column":37},"end":{"line":857,"column":51}}],"line":857}},"s":{"0":427,"1":427,"2":427,"3":427,"4":427,"5":427,"6":427,"7":427,"8":427,"9":427,"10":427,"11":427,"12":427,"13":427,"14":78,"15":69,"16":427,"17":77,"18":427,"19":149,"20":147,"21":75,"22":75,"23":75,"24":23,"25":23,"26":52,"27":52,"28":9,"29":4,"30":5,"31":5,"32":5,"33":5,"34":5,"35":5,"36":1,"37":16,"38":16,"39":16,"40":1,"41":15,"42":0,"43":15,"44":17,"45":17,"46":17,"47":17,"48":13,"49":13,"50":1,"51":4,"52":4,"53":4,"54":4,"55":1,"56":17,"57":35,"58":35,"59":35,"60":0,"61":35,"62":1,"63":35,"64":35,"65":35,"66":32,"67":35,"68":63,"69":0,"70":63,"71":63,"72":11,"73":0,"74":11,"75":11,"76":25,"77":25,"78":25,"79":25,"80":22,"81":22,"82":0,"83":22,"84":2,"85":1,"86":1,"87":1,"88":1,"89":20,"90":20,"91":20,"92":20,"93":20,"94":4,"95":4,"96":0,"97":4,"98":4,"99":7,"100":7,"101":0,"102":7,"103":7,"104":0,"105":7,"106":7,"107":7,"108":6,"109":6,"110":0,"111":6,"112":5,"113":5,"114":0,"115":5,"116":5,"117":2,"118":2,"119":3,"120":3,"121":3,"122":427,"123":225,"124":77,"125":148,"126":148,"127":73,"128":75,"129":32,"130":43,"131":43,"132":43,"133":43,"134":43,"135":0,"136":43,"137":43,"138":0,"139":43,"140":427,"141":2,"142":425,"143":425,"144":2,"145":425,"146":432,"147":425,"148":425,"149":1,"150":1,"151":1,"152":439,"153":6,"154":1,"155":2,"156":2,"157":45,"158":7,"159":1,"160":1,"161":150,"162":0,"163":150,"164":150,"165":150,"166":150,"167":150,"168":210,"169":24,"170":1,"171":1,"172":5,"173":2,"174":1,"175":1,"176":1,"177":1,"178":6,"179":354,"180":450,"181":168,"182":450,"183":11,"184":34,"185":34,"186":34,"187":34,"188":34,"189":34,"190":34,"191":34,"192":24,"193":24,"194":24,"195":1,"196":1,"197":24,"198":24,"199":168,"200":24,"201":144,"202":24,"203":144,"204":24,"205":24,"206":24,"207":24,"208":24,"209":24,"210":4,"211":8,"212":24,"213":2,"214":4,"215":24,"216":4,"217":12,"218":24,"219":2,"220":6,"221":24,"222":2,"223":8,"224":24,"225":149,"226":0,"227":149,"228":149,"229":0,"230":149,"231":149,"232":1,"233":1,"234":1,"235":102,"236":16,"237":14,"238":1,"239":8,"240":1,"241":1,"242":5,"243":1,"244":1,"245":1},"f":{"0":427,"1":78,"2":77,"3":149,"4":75,"5":23,"6":52,"7":9,"8":5,"9":1,"10":16,"11":16,"12":17,"13":35,"14":35,"15":35,"16":63,"17":63,"18":11,"19":11,"20":25,"21":22,"22":4,"23":7,"24":6,"25":5,"26":225,"27":43,"28":2,"29":432,"30":1,"31":1,"32":1,"33":439,"34":6,"35":1,"36":2,"37":2,"38":45,"39":7,"40":1,"41":150,"42":210,"43":24,"44":1,"45":5,"46":2,"47":1,"48":1,"49":1,"50":1,"51":6,"52":354,"53":450,"54":168,"55":11,"56":34,"57":24,"58":24,"59":1,"60":1,"61":24,"62":168,"63":144,"64":144,"65":8,"66":4,"67":12,"68":6,"69":8,"70":149,"71":102,"72":16,"73":14,"74":1,"75":8,"76":1,"77":1,"78":5,"79":1},"b":{"0":[69,9],"1":[78,76,70],"2":[147,2],"3":[23,2],"4":[4,5],"5":[9,6],"6":[1,15],"7":[1,15],"8":[0,15],"9":[1,12],"10":[1,3],"11":[2,33],"12":[0,35],"13":[1,34],"14":[32,3],"15":[0,63],"16":[63,0],"17":[0,11],"18":[11,0],"19":[11,0],"20":[11,0],"21":[25,0],"22":[0,22],"23":[2,20],"24":[1,1],"25":[20,0],"26":[0,4],"27":[4,0],"28":[0,7],"29":[7,7],"30":[7,0],"31":[0,7],"32":[0,6],"33":[0,5],"34":[5,1],"35":[2,3],"36":[77,148],"37":[73,75],"38":[32,43],"39":[43,0],"40":[43,7],"41":[0,43],"42":[0,43],"43":[43,7,7],"44":[2,425],"45":[425,0],"46":[1,424],"47":[2,0],"48":[349,76],"49":[349,90],"50":[439,0],"51":[439,439],"52":[349,76],"53":[349,0],"54":[425,150,150],"55":[425,34],"56":[75,350],"57":[350,0],"58":[6,39],"59":[6,39],"60":[6,39],"61":[6,39],"62":[1,0],"63":[0,150],"64":[118,32],"65":[118,0],"66":[118,32],"67":[118,0],"68":[118,32],"69":[118,32],"70":[35,115],"71":[75,75],"72":[40,35],"73":[40,110],"74":[150,35],"75":[3,207],"76":[1,0],"77":[150,75],"78":[150,40],"79":[40,1],"80":[32,118],"81":[115,35],"82":[40,110],"83":[450,396],"84":[34,15],"85":[11,23],"86":[3,20],"87":[11,23],"88":[3,20],"89":[17,17],"90":[0,17],"91":[9,8],"92":[3,5],"93":[17,4],"94":[17,2],"95":[4,20],"96":[0,20],"97":[17,2],"98":[4,20],"99":[11],"100":[1,23],"101":[0,24],"102":[24,2],"103":[24,19],"104":[24,19],"105":[3,21],"106":[1,20],"107":[4,20],"108":[2,22],"109":[4,20],"110":[2,22],"111":[2,22],"112":[0,149],"113":[149,149],"114":[149,0],"115":[0,149],"116":[149,1],"117":[102,81],"118":[102,91],"119":[102,92],"120":[16,12],"121":[16,16],"122":[16,15],"123":[14,10],"124":[14,14],"125":[14,14],"126":[14,14],"127":[14,13],"128":[1,0],"129":[1,1],"130":[1,0],"131":[1,1],"132":[8,3],"133":[8,6],"134":[8,7],"135":[1,0],"136":[1,1],"137":[1,0],"138":[1,0],"139":[1,1],"140":[1,0],"141":[5,4],"142":[0,5],"143":[5,4],"144":[1,0],"145":[1,1],"146":[1,1],"147":[1,1],"148":[1,0],"149":[1,0],"150":[1,1]},"_coverageSchema":"1a1c01bbd47fc00a2c39e90264f33305004495a9","hash":"468c619e369f64f10e78c92401fb771b36c7c692"}
}
