TN:
SF:js\components\pages\MessagingPage.js
FN:7,MessagingPage
FN:30,(anonymous_1)
FN:37,(anonymous_2)
FN:42,(anonymous_3)
FN:48,selectConversation
FN:52,(anonymous_5)
FN:56,(anonymous_6)
FN:62,sendMessage
FN:75,(anonymous_8)
FN:77,(anonymous_9)
FN:86,openProfileReadiness
FN:87,(anonymous_11)
FN:96,loadProfileReadiness
FN:119,openOutreachGuide
FN:120,(anonymous_14)
FN:126,(anonymous_15)
FN:148,setGuideState
FN:150,(anonymous_17)
FN:156,setGuideDetailsPatch
FN:158,(anonymous_19)
FN:168,selectGoal
FN:180,nextStep
FN:201,backStep
FN:207,cycleVariant
FN:218,updateGuidePreviewManual
FN:224,applyGuideMessage
FN:238,(anonymous_26)
FN:247,(anonymous_27)
FN:262,(anonymous_28)
FN:264,(anonymous_29)
FN:280,(anonymous_30)
FN:284,(anonymous_31)
FN:295,(anonymous_32)
FN:302,(anonymous_33)
FN:305,(anonymous_34)
FN:360,(anonymous_35)
FN:376,(anonymous_36)
FN:377,(anonymous_37)
FN:387,(anonymous_38)
FN:426,(anonymous_39)
FN:427,(anonymous_40)
FN:443,OutreachGuidePanel
FN:486,(anonymous_42)
FN:490,(anonymous_43)
FN:493,(anonymous_44)
FN:508,(anonymous_45)
FN:509,(anonymous_46)
FN:510,(anonymous_47)
FN:511,(anonymous_48)
FN:512,(anonymous_49)
FN:513,(anonymous_50)
FN:532,(anonymous_51)
FN:550,(anonymous_52)
FN:570,Field
FN:571,(anonymous_54)
FN:575,(anonymous_55)
FN:583,ProfileReadinessPanel
FN:646,(anonymous_57)
FN:665,(anonymous_58)
FN:682,(anonymous_59)
FN:697,(anonymous_60)
FN:712,mockBackendGetProfileReadiness
FN:714,(anonymous_62)
FN:723,(anonymous_63)
FN:725,(anonymous_64)
FN:741,(anonymous_65)
FN:742,(anonymous_66)
FN:743,(anonymous_67)
FN:744,(anonymous_68)
FN:745,(anonymous_69)
FN:750,computeGuidePreview
FN:807,(anonymous_71)
FN:811,(anonymous_72)
FN:817,(anonymous_73)
FN:821,(anonymous_74)
FN:827,(anonymous_75)
FN:831,(anonymous_76)
FN:837,(anonymous_77)
FN:843,(anonymous_78)
FN:849,(anonymous_79)
FNF:80
FNH:80
FNDA:427,MessagingPage
FNDA:78,(anonymous_1)
FNDA:77,(anonymous_2)
FNDA:149,(anonymous_3)
FNDA:75,selectConversation
FNDA:23,(anonymous_5)
FNDA:52,(anonymous_6)
FNDA:9,sendMessage
FNDA:5,(anonymous_8)
FNDA:1,(anonymous_9)
FNDA:16,openProfileReadiness
FNDA:16,(anonymous_11)
FNDA:17,loadProfileReadiness
FNDA:35,openOutreachGuide
FNDA:35,(anonymous_14)
FNDA:35,(anonymous_15)
FNDA:63,setGuideState
FNDA:63,(anonymous_17)
FNDA:11,setGuideDetailsPatch
FNDA:11,(anonymous_19)
FNDA:25,selectGoal
FNDA:22,nextStep
FNDA:4,backStep
FNDA:7,cycleVariant
FNDA:6,updateGuidePreviewManual
FNDA:5,applyGuideMessage
FNDA:225,(anonymous_26)
FNDA:43,(anonymous_27)
FNDA:2,(anonymous_28)
FNDA:432,(anonymous_29)
FNDA:1,(anonymous_30)
FNDA:1,(anonymous_31)
FNDA:1,(anonymous_32)
FNDA:439,(anonymous_33)
FNDA:6,(anonymous_34)
FNDA:1,(anonymous_35)
FNDA:2,(anonymous_36)
FNDA:2,(anonymous_37)
FNDA:45,(anonymous_38)
FNDA:7,(anonymous_39)
FNDA:1,(anonymous_40)
FNDA:150,OutreachGuidePanel
FNDA:210,(anonymous_42)
FNDA:24,(anonymous_43)
FNDA:1,(anonymous_44)
FNDA:5,(anonymous_45)
FNDA:2,(anonymous_46)
FNDA:1,(anonymous_47)
FNDA:1,(anonymous_48)
FNDA:1,(anonymous_49)
FNDA:1,(anonymous_50)
FNDA:6,(anonymous_51)
FNDA:354,(anonymous_52)
FNDA:450,Field
FNDA:168,(anonymous_54)
FNDA:11,(anonymous_55)
FNDA:34,ProfileReadinessPanel
FNDA:24,(anonymous_57)
FNDA:24,(anonymous_58)
FNDA:1,(anonymous_59)
FNDA:1,(anonymous_60)
FNDA:24,mockBackendGetProfileReadiness
FNDA:168,(anonymous_62)
FNDA:144,(anonymous_63)
FNDA:144,(anonymous_64)
FNDA:8,(anonymous_65)
FNDA:4,(anonymous_66)
FNDA:12,(anonymous_67)
FNDA:6,(anonymous_68)
FNDA:8,(anonymous_69)
FNDA:149,computeGuidePreview
FNDA:102,(anonymous_71)
FNDA:16,(anonymous_72)
FNDA:14,(anonymous_73)
FNDA:1,(anonymous_74)
FNDA:8,(anonymous_75)
FNDA:1,(anonymous_76)
FNDA:1,(anonymous_77)
FNDA:5,(anonymous_78)
FNDA:1,(anonymous_79)
DA:8,427
DA:10,427
DA:11,427
DA:12,427
DA:13,427
DA:14,427
DA:15,427
DA:16,427
DA:19,427
DA:22,427
DA:25,427
DA:26,427
DA:27,427
DA:30,427
DA:31,78
DA:32,69
DA:37,427
DA:38,77
DA:42,427
DA:43,149
DA:44,147
DA:49,75
DA:50,75
DA:51,75
DA:53,23
DA:54,23
DA:57,52
DA:58,52
DA:63,9
DA:64,5
DA:65,5
DA:68,5
DA:75,5
DA:77,5
DA:78,1
DA:87,16
DA:88,16
DA:91,15
DA:93,15
DA:97,17
DA:98,17
DA:99,17
DA:101,17
DA:102,13
DA:103,13
DA:106,4
DA:107,4
DA:108,4
DA:109,4
DA:111,17
DA:120,35
DA:121,35
DA:124,35
DA:126,35
DA:127,35
DA:128,35
DA:129,32
DA:144,35
DA:149,63
DA:150,63
DA:157,11
DA:158,11
DA:169,25
DA:170,25
DA:176,25
DA:177,25
DA:181,22
DA:182,22
DA:184,22
DA:185,2
DA:186,1
DA:187,1
DA:189,1
DA:190,1
DA:193,20
DA:194,20
DA:195,20
DA:196,20
DA:197,20
DA:202,4
DA:203,4
DA:204,4
DA:208,7
DA:209,7
DA:210,7
DA:211,7
DA:213,7
DA:214,7
DA:215,7
DA:219,6
DA:220,6
DA:221,6
DA:225,5
DA:226,5
DA:227,5
DA:228,5
DA:229,2
DA:230,2
DA:232,3
DA:233,3
DA:234,3
DA:238,427
DA:239,225
DA:240,148
DA:241,148
DA:242,75
DA:243,43
DA:244,43
DA:247,43
DA:248,43
DA:249,43
DA:250,43
DA:252,43
DA:253,43
DA:258,427
DA:260,425
DA:261,425
DA:262,2
DA:264,432
DA:266,425
DA:268,425
DA:280,1
DA:284,1
DA:295,1
DA:303,439
DA:305,6
DA:360,1
DA:376,2
DA:377,2
DA:388,45
DA:426,7
DA:427,1
DA:455,150
DA:457,150
DA:459,150
DA:460,150
DA:461,150
DA:463,150
DA:487,210
DA:490,24
DA:493,1
DA:508,5
DA:509,2
DA:510,1
DA:511,1
DA:512,1
DA:513,1
DA:532,6
DA:551,354
DA:571,450
DA:572,450
DA:575,11
DA:584,34
DA:586,34
DA:587,34
DA:588,34
DA:591,34
DA:592,34
DA:593,34
DA:595,34
DA:647,24
DA:648,24
DA:666,24
DA:682,1
DA:697,1
DA:713,24
DA:714,168
DA:716,24
DA:723,144
DA:725,144
DA:727,24
DA:736,24
DA:737,24
DA:738,24
DA:739,24
DA:741,24
DA:742,24
DA:743,24
DA:744,24
DA:745,24
DA:747,24
DA:751,149
DA:752,149
DA:753,149
DA:754,149
DA:755,149
DA:761,1
DA:770,1
DA:803,1
DA:807,102
DA:811,16
DA:817,14
DA:821,1
DA:827,8
DA:831,1
DA:837,1
DA:843,5
DA:849,1
DA:857,1
DA:858,1
LF:200
LH:200
BRDA:31,0,0,69
BRDA:31,0,1,9
BRDA:31,1,0,78
BRDA:31,1,1,76
BRDA:31,1,2,70
BRDA:43,2,0,147
BRDA:43,2,1,2
BRDA:53,3,0,23
BRDA:53,3,1,2
BRDA:63,4,0,4
BRDA:63,4,1,5
BRDA:63,5,0,9
BRDA:63,5,1,6
BRDA:87,6,0,1
BRDA:87,6,1,15
BRDA:88,7,0,1
BRDA:88,7,1,15
BRDA:91,8,0,0
BRDA:91,8,1,15
BRDA:103,9,0,1
BRDA:103,9,1,12
BRDA:109,10,0,1
BRDA:109,10,1,3
BRDA:120,11,0,2
BRDA:120,11,1,33
BRDA:121,12,0,0
BRDA:121,12,1,35
BRDA:124,13,0,1
BRDA:124,13,1,34
BRDA:128,14,0,32
BRDA:128,14,1,3
BRDA:149,15,0,0
BRDA:149,15,1,63
BRDA:152,16,0,63
BRDA:152,16,1,0
BRDA:157,17,0,0
BRDA:157,17,1,11
BRDA:161,18,0,11
BRDA:161,18,1,0
BRDA:162,19,0,11
BRDA:162,19,1,0
BRDA:162,20,0,11
BRDA:162,20,1,0
BRDA:169,21,0,25
BRDA:169,21,1,0
BRDA:182,22,0,0
BRDA:182,22,1,22
BRDA:184,23,0,2
BRDA:184,23,1,20
BRDA:185,24,0,1
BRDA:185,24,1,1
BRDA:193,25,0,20
BRDA:193,25,1,0
BRDA:203,26,0,0
BRDA:203,26,1,4
BRDA:204,27,0,4
BRDA:204,27,1,0
BRDA:209,28,0,0
BRDA:209,28,1,7
BRDA:209,29,0,7
BRDA:209,29,1,7
BRDA:210,30,0,7
BRDA:210,30,1,0
BRDA:211,31,0,0
BRDA:211,31,1,7
BRDA:220,32,0,0
BRDA:220,32,1,6
BRDA:226,33,0,0
BRDA:226,33,1,5
BRDA:227,34,0,5
BRDA:227,34,1,1
BRDA:228,35,0,2
BRDA:228,35,1,3
BRDA:239,36,0,77
BRDA:239,36,1,148
BRDA:241,37,0,73
BRDA:241,37,1,75
BRDA:242,38,0,32
BRDA:242,38,1,43
BRDA:243,39,0,43
BRDA:243,39,1,0
BRDA:243,40,0,43
BRDA:243,40,1,7
BRDA:249,41,0,0
BRDA:249,41,1,43
BRDA:252,42,0,0
BRDA:252,42,1,43
BRDA:252,43,0,43
BRDA:252,43,1,7
BRDA:252,43,2,7
BRDA:258,44,0,2
BRDA:258,44,1,425
BRDA:260,45,0,425
BRDA:260,45,1,0
BRDA:261,46,0,1
BRDA:261,46,1,424
BRDA:262,47,0,2
BRDA:262,47,1,0
BRDA:266,48,0,349
BRDA:266,48,1,76
BRDA:312,49,0,349
BRDA:312,49,1,90
BRDA:317,50,0,439
BRDA:317,50,1,0
BRDA:318,51,0,439
BRDA:318,51,1,439
BRDA:329,52,0,349
BRDA:329,52,1,76
BRDA:329,53,0,349
BRDA:329,53,1,0
BRDA:356,54,0,425
BRDA:356,54,1,150
BRDA:356,54,2,150
BRDA:371,55,0,425
BRDA:371,55,1,34
BRDA:383,56,0,75
BRDA:383,56,1,350
BRDA:387,57,0,350
BRDA:387,57,1,0
BRDA:392,58,0,6
BRDA:392,58,1,39
BRDA:399,59,0,6
BRDA:399,59,1,39
BRDA:400,60,0,6
BRDA:400,60,1,39
BRDA:402,61,0,6
BRDA:402,61,1,39
BRDA:427,62,0,1
BRDA:427,62,1,0
BRDA:455,63,0,0
BRDA:455,63,1,150
BRDA:457,64,0,118
BRDA:457,64,1,32
BRDA:457,65,0,118
BRDA:457,65,1,0
BRDA:459,66,0,118
BRDA:459,66,1,32
BRDA:459,67,0,118
BRDA:459,67,1,0
BRDA:460,68,0,118
BRDA:460,68,1,32
BRDA:461,69,0,118
BRDA:461,69,1,32
BRDA:470,70,0,35
BRDA:470,70,1,115
BRDA:472,71,0,75
BRDA:472,71,1,75
BRDA:472,72,0,40
BRDA:472,72,1,35
BRDA:474,73,0,40
BRDA:474,73,1,110
BRDA:482,74,0,150
BRDA:482,74,1,35
BRDA:489,75,0,3
BRDA:489,75,1,207
BRDA:493,76,0,1
BRDA:493,76,1,0
BRDA:504,77,0,150
BRDA:504,77,1,75
BRDA:518,78,0,150
BRDA:518,78,1,40
BRDA:531,79,0,40
BRDA:531,79,1,1
BRDA:546,80,0,32
BRDA:546,80,1,118
BRDA:558,81,0,115
BRDA:558,81,1,35
BRDA:563,82,0,40
BRDA:563,82,1,110
BRDA:575,83,0,450
BRDA:575,83,1,396
BRDA:586,84,0,34
BRDA:586,84,1,15
BRDA:587,85,0,11
BRDA:587,85,1,23
BRDA:587,86,0,3
BRDA:587,86,1,20
BRDA:588,87,0,11
BRDA:588,87,1,23
BRDA:588,88,0,3
BRDA:588,88,1,20
BRDA:607,89,0,17
BRDA:607,89,1,17
BRDA:609,90,0,0
BRDA:609,90,1,17
BRDA:622,91,0,9
BRDA:622,91,1,8
BRDA:622,92,0,3
BRDA:622,92,1,5
BRDA:642,93,0,17
BRDA:642,93,1,4
BRDA:646,94,0,17
BRDA:646,94,1,2
BRDA:647,95,0,4
BRDA:647,95,1,20
BRDA:647,96,0,0
BRDA:647,96,1,20
BRDA:665,97,0,17
BRDA:665,97,1,2
BRDA:671,98,0,4
BRDA:671,98,1,20
BRDA:712,99,0,11
BRDA:713,100,0,1
BRDA:713,100,1,23
BRDA:728,101,0,0
BRDA:728,101,1,24
BRDA:736,102,0,24
BRDA:736,102,1,2
BRDA:737,103,0,24
BRDA:737,103,1,19
BRDA:738,104,0,24
BRDA:738,104,1,19
BRDA:739,105,0,3
BRDA:739,105,1,21
BRDA:739,106,0,1
BRDA:739,106,1,20
BRDA:741,107,0,4
BRDA:741,107,1,20
BRDA:742,108,0,2
BRDA:742,108,1,22
BRDA:743,109,0,4
BRDA:743,109,1,20
BRDA:744,110,0,2
BRDA:744,110,1,22
BRDA:745,111,0,2
BRDA:745,111,1,22
BRDA:751,112,0,0
BRDA:751,112,1,149
BRDA:751,113,0,149
BRDA:751,113,1,149
BRDA:752,114,0,149
BRDA:752,114,1,0
BRDA:753,115,0,0
BRDA:753,115,1,149
BRDA:755,116,0,149
BRDA:755,116,1,1
BRDA:807,117,0,102
BRDA:807,117,1,81
BRDA:807,118,0,102
BRDA:807,118,1,91
BRDA:807,119,0,102
BRDA:807,119,1,92
BRDA:811,120,0,16
BRDA:811,120,1,12
BRDA:811,121,0,16
BRDA:811,121,1,16
BRDA:811,122,0,16
BRDA:811,122,1,15
BRDA:817,123,0,14
BRDA:817,123,1,10
BRDA:817,124,0,14
BRDA:817,124,1,14
BRDA:817,125,0,14
BRDA:817,125,1,14
BRDA:817,126,0,14
BRDA:817,126,1,14
BRDA:817,127,0,14
BRDA:817,127,1,13
BRDA:821,128,0,1
BRDA:821,128,1,0
BRDA:821,129,0,1
BRDA:821,129,1,1
BRDA:821,130,0,1
BRDA:821,130,1,0
BRDA:821,131,0,1
BRDA:821,131,1,1
BRDA:827,132,0,8
BRDA:827,132,1,3
BRDA:827,133,0,8
BRDA:827,133,1,6
BRDA:827,134,0,8
BRDA:827,134,1,7
BRDA:831,135,0,1
BRDA:831,135,1,0
BRDA:831,136,0,1
BRDA:831,136,1,1
BRDA:831,137,0,1
BRDA:831,137,1,0
BRDA:837,138,0,1
BRDA:837,138,1,0
BRDA:837,139,0,1
BRDA:837,139,1,1
BRDA:837,140,0,1
BRDA:837,140,1,0
BRDA:843,141,0,5
BRDA:843,141,1,4
BRDA:843,142,0,0
BRDA:843,142,1,5
BRDA:843,143,0,5
BRDA:843,143,1,4
BRDA:849,144,0,1
BRDA:849,144,1,0
BRDA:849,145,0,1
BRDA:849,145,1,1
BRDA:849,146,0,1
BRDA:849,146,1,1
BRDA:849,147,0,1
BRDA:849,147,1,1
BRDA:849,148,0,1
BRDA:849,148,1,0
BRDA:857,149,0,1
BRDA:857,149,1,0
BRDA:857,150,0,1
BRDA:857,150,1,1
BRF:304
BRH:257
end_of_record
